{"total": {"lines":{"total":19305,"covered":263,"skipped":0,"pct":1.36},"statements":{"total":22000,"covered":274,"skipped":0,"pct":1.24},"functions":{"total":7072,"covered":61,"skipped":0,"pct":0.86},"branches":{"total":21569,"covered":144,"skipped":0,"pct":0.66},"branchesTrue":{"total":0,"covered":0,"skipped":0,"pct":100}}
,"C:\\New folder\\JobCardOnline\\resources\\js\\app.ts": {"lines":{"total":83,"covered":0,"skipped":0,"pct":0},"functions":{"total":27,"covered":0,"skipped":0,"pct":0},"statements":{"total":88,"covered":0,"skipped":0,"pct":0},"branches":{"total":48,"covered":0,"skipped":0,"pct":0}}
,"C:\\New folder\\JobCardOnline\\resources\\js\\ssr.ts": {"lines":{"total":8,"covered":0,"skipped":0,"pct":0},"functions":{"total":6,"covered":0,"skipped":0,"pct":0},"statements":{"total":8,"covered":0,"skipped":0,"pct":0},"branches":{"total":4,"covered":0,"skipped":0,"pct":0}}
,"C:\\New folder\\JobCardOnline\\resources\\js\\actions\\App\\index.ts": {"lines":{"total":1,"covered":0,"skipped":0,"pct":0},"functions":{"total":0,"covered":0,"skipped":0,"pct":100},"statements":{"total":1,"covered":0,"skipped":0,"pct":0},"branches":{"total":0,"covered":0,"skipped":0,"pct":100}}
,"C:\\New folder\\JobCardOnline\\resources\\js\\actions\\App\\Http\\index.ts": {"lines":{"total":1,"covered":0,"skipped":0,"pct":0},"functions":{"total":0,"covered":0,"skipped":0,"pct":100},"statements":{"total":1,"covered":0,"skipped":0,"pct":0},"branches":{"total":0,"covered":0,"skipped":0,"pct":100}}
,"C:\\New folder\\JobCardOnline\\resources\\js\\actions\\App\\Http\\Controllers\\AdministrationController.ts": {"lines":{"total":109,"covered":0,"skipped":0,"pct":0},"functions":{"total":72,"covered":0,"skipped":0,"pct":0},"statements":{"total":169,"covered":0,"skipped":0,"pct":0},"branches":{"total":70,"covered":0,"skipped":0,"pct":0}}
,"C:\\New folder\\JobCardOnline\\resources\\js\\actions\\App\\Http\\Controllers\\AuditLogController.ts": {"lines":{"total":83,"covered":0,"skipped":0,"pct":0},"functions":{"total":40,"covered":0,"skipped":0,"pct":0},"statements":{"total":117,"covered":0,"skipped":0,"pct":0},"branches":{"total":55,"covered":0,"skipped":0,"pct":0}}
,"C:\\New folder\\JobCardOnline\\resources\\js\\actions\\App\\Http\\Controllers\\BackupController.ts": {"lines":{"total":109,"covered":0,"skipped":0,"pct":0},"functions":{"total":44,"covered":0,"skipped":0,"pct":0},"statements":{"total":145,"covered":0,"skipped":0,"pct":0},"branches":{"total":105,"covered":0,"skipped":0,"pct":0}}
,"C:\\New folder\\JobCardOnline\\resources\\js\\actions\\App\\Http\\Controllers\\CategoryController.ts": {"lines":{"total":97,"covered":0,"skipped":0,"pct":0},"functions":{"total":43,"covered":0,"skipped":0,"pct":0},"statements":{"total":133,"covered":0,"skipped":0,"pct":0},"branches":{"total":92,"covered":0,"skipped":0,"pct":0}}
,"C:\\New folder\\JobCardOnline\\resources\\js\\actions\\App\\Http\\Controllers\\ClientZoneController.ts": {"lines":{"total":205,"covered":0,"skipped":0,"pct":0},"functions":{"total":102,"covered":0,"skipped":0,"pct":0},"statements":{"total":291,"covered":0,"skipped":0,"pct":0},"branches":{"total":109,"covered":0,"skipped":0,"pct":0}}
,"C:\\New folder\\JobCardOnline\\resources\\js\\actions\\App\\Http\\Controllers\\CompanySettingsController.ts": {"lines":{"total":161,"covered":0,"skipped":0,"pct":0},"functions":{"total":63,"covered":0,"skipped":0,"pct":0},"statements":{"total":213,"covered":0,"skipped":0,"pct":0},"branches":{"total":154,"covered":0,"skipped":0,"pct":0}}
,"C:\\New folder\\JobCardOnline\\resources\\js\\actions\\App\\Http\\Controllers\\ContactController.ts": {"lines":{"total":147,"covered":0,"skipped":0,"pct":0},"functions":{"total":65,"covered":0,"skipped":0,"pct":0},"statements":{"total":201,"covered":0,"skipped":0,"pct":0},"branches":{"total":123,"covered":0,"skipped":0,"pct":0}}
,"C:\\New folder\\JobCardOnline\\resources\\js\\actions\\App\\Http\\Controllers\\CreditNotesController.ts": {"lines":{"total":161,"covered":0,"skipped":0,"pct":0},"functions":{"total":72,"covered":0,"skipped":0,"pct":0},"statements":{"total":221,"covered":0,"skipped":0,"pct":0},"branches":{"total":154,"covered":0,"skipped":0,"pct":0}}
,"C:\\New folder\\JobCardOnline\\resources\\js\\actions\\App\\Http\\Controllers\\CustomersController.ts": {"lines":{"total":181,"covered":0,"skipped":0,"pct":0},"functions":{"total":77,"covered":0,"skipped":0,"pct":0},"statements":{"total":245,"covered":0,"skipped":0,"pct":0},"branches":{"total":154,"covered":0,"skipped":0,"pct":0}}
,"C:\\New folder\\JobCardOnline\\resources\\js\\actions\\App\\Http\\Controllers\\DashboardController.ts": {"lines":{"total":11,"covered":0,"skipped":0,"pct":0},"functions":{"total":7,"covered":0,"skipped":0,"pct":0},"statements":{"total":17,"covered":0,"skipped":0,"pct":0},"branches":{"total":5,"covered":0,"skipped":0,"pct":0}}
,"C:\\New folder\\JobCardOnline\\resources\\js\\actions\\App\\Http\\Controllers\\GroupsController.ts": {"lines":{"total":79,"covered":0,"skipped":0,"pct":0},"functions":{"total":36,"covered":0,"skipped":0,"pct":0},"statements":{"total":109,"covered":0,"skipped":0,"pct":0},"branches":{"total":74,"covered":0,"skipped":0,"pct":0}}
,"C:\\New folder\\JobCardOnline\\resources\\js\\actions\\App\\Http\\Controllers\\InstallerController.ts": {"lines":{"total":19,"covered":0,"skipped":0,"pct":0},"functions":{"total":12,"covered":0,"skipped":0,"pct":0},"statements":{"total":29,"covered":0,"skipped":0,"pct":0},"branches":{"total":5,"covered":0,"skipped":0,"pct":0}}
,"C:\\New folder\\JobCardOnline\\resources\\js\\actions\\App\\Http\\Controllers\\InvoicesController.ts": {"lines":{"total":221,"covered":0,"skipped":0,"pct":0},"functions":{"total":94,"covered":0,"skipped":0,"pct":0},"statements":{"total":299,"covered":0,"skipped":0,"pct":0},"branches":{"total":198,"covered":0,"skipped":0,"pct":0}}
,"C:\\New folder\\JobCardOnline\\resources\\js\\actions\\App\\Http\\Controllers\\JobcardController.ts": {"lines":{"total":217,"covered":0,"skipped":0,"pct":0},"functions":{"total":85,"covered":0,"skipped":0,"pct":0},"statements":{"total":287,"covered":0,"skipped":0,"pct":0},"branches":{"total":201,"covered":0,"skipped":0,"pct":0}}
,"C:\\New folder\\JobCardOnline\\resources\\js\\actions\\App\\Http\\Controllers\\JobcardReportController.ts": {"lines":{"total":21,"covered":0,"skipped":0,"pct":0},"functions":{"total":14,"covered":0,"skipped":0,"pct":0},"statements":{"total":33,"covered":0,"skipped":0,"pct":0},"branches":{"total":10,"covered":0,"skipped":0,"pct":0}}
,"C:\\New folder\\JobCardOnline\\resources\\js\\actions\\App\\Http\\Controllers\\LicenseController.ts": {"lines":{"total":145,"covered":0,"skipped":0,"pct":0},"functions":{"total":58,"covered":0,"skipped":0,"pct":0},"statements":{"total":193,"covered":0,"skipped":0,"pct":0},"branches":{"total":131,"covered":0,"skipped":0,"pct":0}}
,"C:\\New folder\\JobCardOnline\\resources\\js\\actions\\App\\Http\\Controllers\\NotesController.ts": {"lines":{"total":67,"covered":0,"skipped":0,"pct":0},"functions":{"total":40,"covered":0,"skipped":0,"pct":0},"statements":{"total":101,"covered":0,"skipped":0,"pct":0},"branches":{"total":38,"covered":0,"skipped":0,"pct":0}}
,"C:\\New folder\\JobCardOnline\\resources\\js\\actions\\App\\Http\\Controllers\\PaymentsController.ts": {"lines":{"total":25,"covered":0,"skipped":0,"pct":0},"functions":{"total":10,"covered":0,"skipped":0,"pct":0},"statements":{"total":33,"covered":0,"skipped":0,"pct":0},"branches":{"total":23,"covered":0,"skipped":0,"pct":0}}
,"C:\\New folder\\JobCardOnline\\resources\\js\\actions\\App\\Http\\Controllers\\ProductBatchController.ts": {"lines":{"total":105,"covered":0,"skipped":0,"pct":0},"functions":{"total":43,"covered":0,"skipped":0,"pct":0},"statements":{"total":141,"covered":0,"skipped":0,"pct":0},"branches":{"total":103,"covered":0,"skipped":0,"pct":0}}
,"C:\\New folder\\JobCardOnline\\resources\\js\\actions\\App\\Http\\Controllers\\ProductController.ts": {"lines":{"total":107,"covered":0,"skipped":0,"pct":0},"functions":{"total":50,"covered":0,"skipped":0,"pct":0},"statements":{"total":149,"covered":0,"skipped":0,"pct":0},"branches":{"total":97,"covered":0,"skipped":0,"pct":0}}
,"C:\\New folder\\JobCardOnline\\resources\\js\\actions\\App\\Http\\Controllers\\ProductSerialNumberController.ts": {"lines":{"total":91,"covered":0,"skipped":0,"pct":0},"functions":{"total":36,"covered":0,"skipped":0,"pct":0},"statements":{"total":121,"covered":0,"skipped":0,"pct":0},"branches":{"total":92,"covered":0,"skipped":0,"pct":0}}
,"C:\\New folder\\JobCardOnline\\resources\\js\\actions\\App\\Http\\Controllers\\PurchaseOrdersController.ts": {"lines":{"total":163,"covered":0,"skipped":0,"pct":0},"functions":{"total":65,"covered":0,"skipped":0,"pct":0},"statements":{"total":217,"covered":0,"skipped":0,"pct":0},"branches":{"total":159,"covered":0,"skipped":0,"pct":0}}
,"C:\\New folder\\JobCardOnline\\resources\\js\\actions\\App\\Http\\Controllers\\QuotesController.ts": {"lines":{"total":195,"covered":0,"skipped":0,"pct":0},"functions":{"total":75,"covered":0,"skipped":0,"pct":0},"statements":{"total":257,"covered":0,"skipped":0,"pct":0},"branches":{"total":185,"covered":0,"skipped":0,"pct":0}}
,"C:\\New folder\\JobCardOnline\\resources\\js\\actions\\App\\Http\\Controllers\\RegisteredUsersController.ts": {"lines":{"total":191,"covered":0,"skipped":0,"pct":0},"functions":{"total":79,"covered":0,"skipped":0,"pct":0},"statements":{"total":257,"covered":0,"skipped":0,"pct":0},"branches":{"total":152,"covered":0,"skipped":0,"pct":0}}
,"C:\\New folder\\JobCardOnline\\resources\\js\\actions\\App\\Http\\Controllers\\ReportController.ts": {"lines":{"total":191,"covered":0,"skipped":0,"pct":0},"functions":{"total":79,"covered":0,"skipped":0,"pct":0},"statements":{"total":257,"covered":0,"skipped":0,"pct":0},"branches":{"total":192,"covered":0,"skipped":0,"pct":0}}
,"C:\\New folder\\JobCardOnline\\resources\\js\\actions\\App\\Http\\Controllers\\SMSSettingsController.ts": {"lines":{"total":51,"covered":0,"skipped":0,"pct":0},"functions":{"total":22,"covered":0,"skipped":0,"pct":0},"statements":{"total":69,"covered":0,"skipped":0,"pct":0},"branches":{"total":51,"covered":0,"skipped":0,"pct":0}}
,"C:\\New folder\\JobCardOnline\\resources\\js\\actions\\App\\Http\\Controllers\\StockMovementsController.ts": {"lines":{"total":47,"covered":0,"skipped":0,"pct":0},"functions":{"total":26,"covered":0,"skipped":0,"pct":0},"statements":{"total":69,"covered":0,"skipped":0,"pct":0},"branches":{"total":28,"covered":0,"skipped":0,"pct":0}}
,"C:\\New folder\\JobCardOnline\\resources\\js\\actions\\App\\Http\\Controllers\\SuppliersController.ts": {"lines":{"total":107,"covered":0,"skipped":0,"pct":0},"functions":{"total":50,"covered":0,"skipped":0,"pct":0},"statements":{"total":149,"covered":0,"skipped":0,"pct":0},"branches":{"total":97,"covered":0,"skipped":0,"pct":0}}
,"C:\\New folder\\JobCardOnline\\resources\\js\\actions\\App\\Http\\Controllers\\TeamController.ts": {"lines":{"total":97,"covered":0,"skipped":0,"pct":0},"functions":{"total":43,"covered":0,"skipped":0,"pct":0},"statements":{"total":133,"covered":0,"skipped":0,"pct":0},"branches":{"total":92,"covered":0,"skipped":0,"pct":0}}
,"C:\\New folder\\JobCardOnline\\resources\\js\\actions\\App\\Http\\Controllers\\TimeEntryController.ts": {"lines":{"total":99,"covered":0,"skipped":0,"pct":0},"functions":{"total":47,"covered":0,"skipped":0,"pct":0},"statements":{"total":137,"covered":0,"skipped":0,"pct":0},"branches":{"total":64,"covered":0,"skipped":0,"pct":0}}
,"C:\\New folder\\JobCardOnline\\resources\\js\\actions\\App\\Http\\Controllers\\UserListPreferenceController.ts": {"lines":{"total":19,"covered":0,"skipped":0,"pct":0},"functions":{"total":12,"covered":0,"skipped":0,"pct":0},"statements":{"total":29,"covered":0,"skipped":0,"pct":0},"branches":{"total":5,"covered":0,"skipped":0,"pct":0}}
,"C:\\New folder\\JobCardOnline\\resources\\js\\actions\\App\\Http\\Controllers\\UsersController.ts": {"lines":{"total":97,"covered":0,"skipped":0,"pct":0},"functions":{"total":43,"covered":0,"skipped":0,"pct":0},"statements":{"total":133,"covered":0,"skipped":0,"pct":0},"branches":{"total":92,"covered":0,"skipped":0,"pct":0}}
,"C:\\New folder\\JobCardOnline\\resources\\js\\actions\\App\\Http\\Controllers\\WhatsAppSettingsController.ts": {"lines":{"total":51,"covered":0,"skipped":0,"pct":0},"functions":{"total":22,"covered":0,"skipped":0,"pct":0},"statements":{"total":69,"covered":0,"skipped":0,"pct":0},"branches":{"total":51,"covered":0,"skipped":0,"pct":0}}
,"C:\\New folder\\JobCardOnline\\resources\\js\\actions\\App\\Http\\Controllers\\XeroSettingsController.ts": {"lines":{"total":79,"covered":0,"skipped":0,"pct":0},"functions":{"total":51,"covered":0,"skipped":0,"pct":0},"statements":{"total":121,"covered":0,"skipped":0,"pct":0},"branches":{"total":35,"covered":0,"skipped":0,"pct":0}}
,"C:\\New folder\\JobCardOnline\\resources\\js\\actions\\App\\Http\\Controllers\\XeroWebhookController.ts": {"lines":{"total":8,"covered":0,"skipped":0,"pct":0},"functions":{"total":5,"covered":0,"skipped":0,"pct":0},"statements":{"total":12,"covered":0,"skipped":0,"pct":0},"branches":{"total":0,"covered":0,"skipped":0,"pct":100}}
,"C:\\New folder\\JobCardOnline\\resources\\js\\actions\\App\\Http\\Controllers\\index.ts": {"lines":{"total":1,"covered":0,"skipped":0,"pct":0},"functions":{"total":0,"covered":0,"skipped":0,"pct":100},"statements":{"total":1,"covered":0,"skipped":0,"pct":0},"branches":{"total":0,"covered":0,"skipped":0,"pct":100}}
,"C:\\New folder\\JobCardOnline\\resources\\js\\actions\\App\\Http\\Controllers\\Administration\\BankAccountController.ts": {"lines":{"total":97,"covered":0,"skipped":0,"pct":0},"functions":{"total":43,"covered":0,"skipped":0,"pct":0},"statements":{"total":133,"covered":0,"skipped":0,"pct":0},"branches":{"total":92,"covered":0,"skipped":0,"pct":0}}
,"C:\\New folder\\JobCardOnline\\resources\\js\\actions\\App\\Http\\Controllers\\Administration\\ChartOfAccountController.ts": {"lines":{"total":97,"covered":0,"skipped":0,"pct":0},"functions":{"total":43,"covered":0,"skipped":0,"pct":0},"statements":{"total":133,"covered":0,"skipped":0,"pct":0},"branches":{"total":92,"covered":0,"skipped":0,"pct":0}}
,"C:\\New folder\\JobCardOnline\\resources\\js\\actions\\App\\Http\\Controllers\\Administration\\EmailTemplateController.ts": {"lines":{"total":87,"covered":0,"skipped":0,"pct":0},"functions":{"total":41,"covered":0,"skipped":0,"pct":0},"statements":{"total":121,"covered":0,"skipped":0,"pct":0},"branches":{"total":74,"covered":0,"skipped":0,"pct":0}}
,"C:\\New folder\\JobCardOnline\\resources\\js\\actions\\App\\Http\\Controllers\\Administration\\PdfTemplateController.ts": {"lines":{"total":87,"covered":0,"skipped":0,"pct":0},"functions":{"total":41,"covered":0,"skipped":0,"pct":0},"statements":{"total":121,"covered":0,"skipped":0,"pct":0},"branches":{"total":74,"covered":0,"skipped":0,"pct":0}}
,"C:\\New folder\\JobCardOnline\\resources\\js\\actions\\App\\Http\\Controllers\\Administration\\TaxRateController.ts": {"lines":{"total":97,"covered":0,"skipped":0,"pct":0},"functions":{"total":43,"covered":0,"skipped":0,"pct":0},"statements":{"total":133,"covered":0,"skipped":0,"pct":0},"branches":{"total":92,"covered":0,"skipped":0,"pct":0}}
,"C:\\New folder\\JobCardOnline\\resources\\js\\actions\\App\\Http\\Controllers\\Administration\\index.ts": {"lines":{"total":1,"covered":0,"skipped":0,"pct":0},"functions":{"total":0,"covered":0,"skipped":0,"pct":100},"statements":{"total":1,"covered":0,"skipped":0,"pct":0},"branches":{"total":0,"covered":0,"skipped":0,"pct":100}}
,"C:\\New folder\\JobCardOnline\\resources\\js\\actions\\App\\Http\\Controllers\\Api\\LicenseValidationController.ts": {"lines":{"total":17,"covered":0,"skipped":0,"pct":0},"functions":{"total":10,"covered":0,"skipped":0,"pct":0},"statements":{"total":25,"covered":0,"skipped":0,"pct":0},"branches":{"total":0,"covered":0,"skipped":0,"pct":100}}
,"C:\\New folder\\JobCardOnline\\resources\\js\\actions\\App\\Http\\Controllers\\Api\\index.ts": {"lines":{"total":1,"covered":0,"skipped":0,"pct":0},"functions":{"total":0,"covered":0,"skipped":0,"pct":100},"statements":{"total":1,"covered":0,"skipped":0,"pct":0},"branches":{"total":0,"covered":0,"skipped":0,"pct":100}}
,"C:\\New folder\\JobCardOnline\\resources\\js\\actions\\App\\Http\\Controllers\\Auth\\AuthenticatedSessionController.ts": {"lines":{"total":45,"covered":0,"skipped":0,"pct":0},"functions":{"total":29,"covered":0,"skipped":0,"pct":0},"statements":{"total":69,"covered":0,"skipped":0,"pct":0},"branches":{"total":10,"covered":0,"skipped":0,"pct":0}}
,"C:\\New folder\\JobCardOnline\\resources\\js\\actions\\App\\Http\\Controllers\\Auth\\EmailVerificationNotificationController.ts": {"lines":{"total":9,"covered":0,"skipped":0,"pct":0},"functions":{"total":5,"covered":0,"skipped":0,"pct":0},"statements":{"total":13,"covered":0,"skipped":0,"pct":0},"branches":{"total":0,"covered":0,"skipped":0,"pct":100}}
,"C:\\New folder\\JobCardOnline\\resources\\js\\actions\\App\\Http\\Controllers\\Auth\\EmailVerificationPromptController.ts": {"lines":{"total":10,"covered":0,"skipped":0,"pct":0},"functions":{"total":7,"covered":0,"skipped":0,"pct":0},"statements":{"total":16,"covered":0,"skipped":0,"pct":0},"branches":{"total":5,"covered":0,"skipped":0,"pct":0}}
,"C:\\New folder\\JobCardOnline\\resources\\js\\actions\\App\\Http\\Controllers\\Auth\\NewPasswordController.ts": {"lines":{"total":25,"covered":0,"skipped":0,"pct":0},"functions":{"total":12,"covered":0,"skipped":0,"pct":0},"statements":{"total":35,"covered":0,"skipped":0,"pct":0},"branches":{"total":11,"covered":0,"skipped":0,"pct":0}}
,"C:\\New folder\\JobCardOnline\\resources\\js\\actions\\App\\Http\\Controllers\\Auth\\PasswordResetLinkController.ts": {"lines":{"total":19,"covered":0,"skipped":0,"pct":0},"functions":{"total":12,"covered":0,"skipped":0,"pct":0},"statements":{"total":29,"covered":0,"skipped":0,"pct":0},"branches":{"total":5,"covered":0,"skipped":0,"pct":0}}
,"C:\\New folder\\JobCardOnline\\resources\\js\\actions\\App\\Http\\Controllers\\Auth\\VerifyEmailController.ts": {"lines":{"total":14,"covered":0,"skipped":0,"pct":0},"functions":{"total":7,"covered":0,"skipped":0,"pct":0},"statements":{"total":20,"covered":0,"skipped":0,"pct":0},"branches":{"total":7,"covered":0,"skipped":0,"pct":0}}
,"C:\\New folder\\JobCardOnline\\resources\\js\\actions\\App\\Http\\Controllers\\Auth\\index.ts": {"lines":{"total":1,"covered":0,"skipped":0,"pct":0},"functions":{"total":0,"covered":0,"skipped":0,"pct":100},"statements":{"total":1,"covered":0,"skipped":0,"pct":0},"branches":{"total":0,"covered":0,"skipped":0,"pct":100}}
,"C:\\New folder\\JobCardOnline\\resources\\js\\actions\\App\\Http\\Controllers\\Settings\\PasswordController.ts": {"lines":{"total":19,"covered":0,"skipped":0,"pct":0},"functions":{"total":12,"covered":0,"skipped":0,"pct":0},"statements":{"total":29,"covered":0,"skipped":0,"pct":0},"branches":{"total":15,"covered":0,"skipped":0,"pct":0}}
,"C:\\New folder\\JobCardOnline\\resources\\js\\actions\\App\\Http\\Controllers\\Settings\\ProfileController.ts": {"lines":{"total":27,"covered":0,"skipped":0,"pct":0},"functions":{"total":17,"covered":0,"skipped":0,"pct":0},"statements":{"total":41,"covered":0,"skipped":0,"pct":0},"branches":{"total":25,"covered":0,"skipped":0,"pct":0}}
,"C:\\New folder\\JobCardOnline\\resources\\js\\actions\\App\\Http\\Controllers\\Settings\\TwoFactorAuthenticationController.ts": {"lines":{"total":11,"covered":0,"skipped":0,"pct":0},"functions":{"total":7,"covered":0,"skipped":0,"pct":0},"statements":{"total":17,"covered":0,"skipped":0,"pct":0},"branches":{"total":5,"covered":0,"skipped":0,"pct":0}}
,"C:\\New folder\\JobCardOnline\\resources\\js\\actions\\App\\Http\\Controllers\\Settings\\index.ts": {"lines":{"total":1,"covered":0,"skipped":0,"pct":0},"functions":{"total":0,"covered":0,"skipped":0,"pct":100},"statements":{"total":1,"covered":0,"skipped":0,"pct":0},"branches":{"total":0,"covered":0,"skipped":0,"pct":100}}
,"C:\\New folder\\JobCardOnline\\resources\\js\\actions\\Illuminate\\index.ts": {"lines":{"total":1,"covered":0,"skipped":0,"pct":0},"functions":{"total":0,"covered":0,"skipped":0,"pct":100},"statements":{"total":1,"covered":0,"skipped":0,"pct":0},"branches":{"total":0,"covered":0,"skipped":0,"pct":100}}
,"C:\\New folder\\JobCardOnline\\resources\\js\\actions\\Illuminate\\Routing\\RedirectController.ts": {"lines":{"total":20,"covered":0,"skipped":0,"pct":0},"functions":{"total":17,"covered":0,"skipped":0,"pct":0},"statements":{"total":36,"covered":0,"skipped":0,"pct":0},"branches":{"total":25,"covered":0,"skipped":0,"pct":0}}
,"C:\\New folder\\JobCardOnline\\resources\\js\\actions\\Illuminate\\Routing\\index.ts": {"lines":{"total":1,"covered":0,"skipped":0,"pct":0},"functions":{"total":0,"covered":0,"skipped":0,"pct":100},"statements":{"total":1,"covered":0,"skipped":0,"pct":0},"branches":{"total":0,"covered":0,"skipped":0,"pct":100}}
,"C:\\New folder\\JobCardOnline\\resources\\js\\actions\\Laravel\\index.ts": {"lines":{"total":1,"covered":0,"skipped":0,"pct":0},"functions":{"total":0,"covered":0,"skipped":0,"pct":100},"statements":{"total":1,"covered":0,"skipped":0,"pct":0},"branches":{"total":0,"covered":0,"skipped":0,"pct":100}}
,"C:\\New folder\\JobCardOnline\\resources\\js\\actions\\Laravel\\Fortify\\index.ts": {"lines":{"total":1,"covered":0,"skipped":0,"pct":0},"functions":{"total":0,"covered":0,"skipped":0,"pct":100},"statements":{"total":1,"covered":0,"skipped":0,"pct":0},"branches":{"total":0,"covered":0,"skipped":0,"pct":100}}
,"C:\\New folder\\JobCardOnline\\resources\\js\\actions\\Laravel\\Fortify\\Http\\index.ts": {"lines":{"total":1,"covered":0,"skipped":0,"pct":0},"functions":{"total":0,"covered":0,"skipped":0,"pct":100},"statements":{"total":1,"covered":0,"skipped":0,"pct":0},"branches":{"total":0,"covered":0,"skipped":0,"pct":100}}
,"C:\\New folder\\JobCardOnline\\resources\\js\\actions\\Laravel\\Fortify\\Http\\Controllers\\ConfirmablePasswordController.ts": {"lines":{"total":19,"covered":0,"skipped":0,"pct":0},"functions":{"total":12,"covered":0,"skipped":0,"pct":0},"statements":{"total":29,"covered":0,"skipped":0,"pct":0},"branches":{"total":5,"covered":0,"skipped":0,"pct":0}}
,"C:\\New folder\\JobCardOnline\\resources\\js\\actions\\Laravel\\Fortify\\Http\\Controllers\\ConfirmedPasswordStatusController.ts": {"lines":{"total":11,"covered":0,"skipped":0,"pct":0},"functions":{"total":7,"covered":0,"skipped":0,"pct":0},"statements":{"total":17,"covered":0,"skipped":0,"pct":0},"branches":{"total":5,"covered":0,"skipped":0,"pct":0}}
,"C:\\New folder\\JobCardOnline\\resources\\js\\actions\\Laravel\\Fortify\\Http\\Controllers\\ConfirmedTwoFactorAuthenticationController.ts": {"lines":{"total":9,"covered":0,"skipped":0,"pct":0},"functions":{"total":5,"covered":0,"skipped":0,"pct":0},"statements":{"total":13,"covered":0,"skipped":0,"pct":0},"branches":{"total":0,"covered":0,"skipped":0,"pct":100}}
,"C:\\New folder\\JobCardOnline\\resources\\js\\actions\\Laravel\\Fortify\\Http\\Controllers\\RecoveryCodeController.ts": {"lines":{"total":19,"covered":0,"skipped":0,"pct":0},"functions":{"total":12,"covered":0,"skipped":0,"pct":0},"statements":{"total":29,"covered":0,"skipped":0,"pct":0},"branches":{"total":5,"covered":0,"skipped":0,"pct":0}}
,"C:\\New folder\\JobCardOnline\\resources\\js\\actions\\Laravel\\Fortify\\Http\\Controllers\\TwoFactorAuthenticatedSessionController.ts": {"lines":{"total":19,"covered":0,"skipped":0,"pct":0},"functions":{"total":12,"covered":0,"skipped":0,"pct":0},"statements":{"total":29,"covered":0,"skipped":0,"pct":0},"branches":{"total":5,"covered":0,"skipped":0,"pct":0}}
,"C:\\New folder\\JobCardOnline\\resources\\js\\actions\\Laravel\\Fortify\\Http\\Controllers\\TwoFactorAuthenticationController.ts": {"lines":{"total":17,"covered":0,"skipped":0,"pct":0},"functions":{"total":10,"covered":0,"skipped":0,"pct":0},"statements":{"total":25,"covered":0,"skipped":0,"pct":0},"branches":{"total":10,"covered":0,"skipped":0,"pct":0}}
,"C:\\New folder\\JobCardOnline\\resources\\js\\actions\\Laravel\\Fortify\\Http\\Controllers\\TwoFactorQrCodeController.ts": {"lines":{"total":11,"covered":0,"skipped":0,"pct":0},"functions":{"total":7,"covered":0,"skipped":0,"pct":0},"statements":{"total":17,"covered":0,"skipped":0,"pct":0},"branches":{"total":5,"covered":0,"skipped":0,"pct":0}}
,"C:\\New folder\\JobCardOnline\\resources\\js\\actions\\Laravel\\Fortify\\Http\\Controllers\\TwoFactorSecretKeyController.ts": {"lines":{"total":11,"covered":0,"skipped":0,"pct":0},"functions":{"total":7,"covered":0,"skipped":0,"pct":0},"statements":{"total":17,"covered":0,"skipped":0,"pct":0},"branches":{"total":5,"covered":0,"skipped":0,"pct":0}}
,"C:\\New folder\\JobCardOnline\\resources\\js\\actions\\Laravel\\Fortify\\Http\\Controllers\\index.ts": {"lines":{"total":1,"covered":0,"skipped":0,"pct":0},"functions":{"total":0,"covered":0,"skipped":0,"pct":100},"statements":{"total":1,"covered":0,"skipped":0,"pct":0},"branches":{"total":0,"covered":0,"skipped":0,"pct":100}}
,"C:\\New folder\\JobCardOnline\\resources\\js\\components\\AppContent.vue": {"lines":{"total":4,"covered":0,"skipped":0,"pct":0},"functions":{"total":2,"covered":0,"skipped":0,"pct":0},"statements":{"total":5,"covered":0,"skipped":0,"pct":0},"branches":{"total":2,"covered":0,"skipped":0,"pct":0}}
,"C:\\New folder\\JobCardOnline\\resources\\js\\components\\AppHeader.vue": {"lines":{"total":51,"covered":0,"skipped":0,"pct":0},"functions":{"total":33,"covered":0,"skipped":0,"pct":0},"statements":{"total":53,"covered":0,"skipped":0,"pct":0},"branches":{"total":15,"covered":0,"skipped":0,"pct":0}}
,"C:\\New folder\\JobCardOnline\\resources\\js\\components\\AppLogo.vue": {"lines":{"total":5,"covered":0,"skipped":0,"pct":0},"functions":{"total":0,"covered":0,"skipped":0,"pct":100},"statements":{"total":5,"covered":0,"skipped":0,"pct":0},"branches":{"total":6,"covered":0,"skipped":0,"pct":0}}
,"C:\\New folder\\JobCardOnline\\resources\\js\\components\\AppLogoIcon.vue": {"lines":{"total":1,"covered":0,"skipped":0,"pct":0},"functions":{"total":0,"covered":0,"skipped":0,"pct":100},"statements":{"total":1,"covered":0,"skipped":0,"pct":0},"branches":{"total":16,"covered":0,"skipped":0,"pct":0}}
,"C:\\New folder\\JobCardOnline\\resources\\js\\components\\AppShell.vue": {"lines":{"total":3,"covered":0,"skipped":0,"pct":0},"functions":{"total":1,"covered":0,"skipped":0,"pct":0},"statements":{"total":3,"covered":0,"skipped":0,"pct":0},"branches":{"total":2,"covered":0,"skipped":0,"pct":0}}
,"C:\\New folder\\JobCardOnline\\resources\\js\\components\\AppSidebar.vue": {"lines":{"total":82,"covered":0,"skipped":0,"pct":0},"functions":{"total":16,"covered":0,"skipped":0,"pct":0},"statements":{"total":87,"covered":0,"skipped":0,"pct":0},"branches":{"total":83,"covered":0,"skipped":0,"pct":0}}
,"C:\\New folder\\JobCardOnline\\resources\\js\\components\\AppSidebarHeader.vue": {"lines":{"total":10,"covered":0,"skipped":0,"pct":0},"functions":{"total":4,"covered":0,"skipped":0,"pct":0},"statements":{"total":14,"covered":0,"skipped":0,"pct":0},"branches":{"total":10,"covered":0,"skipped":0,"pct":0}}
,"C:\\New folder\\JobCardOnline\\resources\\js\\components\\AppearanceTabs.vue": {"lines":{"total":7,"covered":0,"skipped":0,"pct":0},"functions":{"total":2,"covered":0,"skipped":0,"pct":0},"statements":{"total":7,"covered":0,"skipped":0,"pct":0},"branches":{"total":2,"covered":0,"skipped":0,"pct":0}}
,"C:\\New folder\\JobCardOnline\\resources\\js\\components\\AuditLogTimeline.vue": {"lines":{"total":13,"covered":0,"skipped":0,"pct":0},"functions":{"total":5,"covered":0,"skipped":0,"pct":0},"statements":{"total":14,"covered":0,"skipped":0,"pct":0},"branches":{"total":10,"covered":0,"skipped":0,"pct":0}}
,"C:\\New folder\\JobCardOnline\\resources\\js\\components\\Breadcrumbs.vue": {"lines":{"total":6,"covered":0,"skipped":0,"pct":0},"functions":{"total":7,"covered":0,"skipped":0,"pct":0},"statements":{"total":7,"covered":0,"skipped":0,"pct":0},"branches":{"total":6,"covered":0,"skipped":0,"pct":0}}
,"C:\\New folder\\JobCardOnline\\resources\\js\\components\\CompanySwitcher.vue": {"lines":{"total":30,"covered":0,"skipped":0,"pct":0},"functions":{"total":7,"covered":0,"skipped":0,"pct":0},"statements":{"total":30,"covered":0,"skipped":0,"pct":0},"branches":{"total":24,"covered":0,"skipped":0,"pct":0}}
,"C:\\New folder\\JobCardOnline\\resources\\js\\components\\ContactSelector.vue": {"lines":{"total":79,"covered":0,"skipped":0,"pct":0},"functions":{"total":25,"covered":0,"skipped":0,"pct":0},"statements":{"total":85,"covered":0,"skipped":0,"pct":0},"branches":{"total":78,"covered":0,"skipped":0,"pct":0}}
,"C:\\New folder\\JobCardOnline\\resources\\js\\components\\DeleteUser.vue": {"lines":{"total":18,"covered":0,"skipped":0,"pct":0},"functions":{"total":15,"covered":0,"skipped":0,"pct":0},"statements":{"total":21,"covered":0,"skipped":0,"pct":0},"branches":{"total":16,"covered":0,"skipped":0,"pct":0}}
,"C:\\New folder\\JobCardOnline\\resources\\js\\components\\DragHandleIcon.vue": {"lines":{"total":1,"covered":1,"skipped":0,"pct":100},"functions":{"total":0,"covered":0,"skipped":0,"pct":100},"statements":{"total":1,"covered":1,"skipped":0,"pct":100},"branches":{"total":0,"covered":0,"skipped":0,"pct":100}}
,"C:\\New folder\\JobCardOnline\\resources\\js\\components\\EmailComposerModal.vue": {"lines":{"total":50,"covered":0,"skipped":0,"pct":0},"functions":{"total":14,"covered":0,"skipped":0,"pct":0},"statements":{"total":52,"covered":0,"skipped":0,"pct":0},"branches":{"total":47,"covered":0,"skipped":0,"pct":0}}
,"C:\\New folder\\JobCardOnline\\resources\\js\\components\\EmailRecipientsInput.vue": {"lines":{"total":62,"covered":0,"skipped":0,"pct":0},"functions":{"total":23,"covered":0,"skipped":0,"pct":0},"statements":{"total":70,"covered":0,"skipped":0,"pct":0},"branches":{"total":64,"covered":0,"skipped":0,"pct":0}}
,"C:\\New folder\\JobCardOnline\\resources\\js\\components\\EmailTemplateUnlayerEditor.vue": {"lines":{"total":97,"covered":0,"skipped":0,"pct":0},"functions":{"total":21,"covered":0,"skipped":0,"pct":0},"statements":{"total":100,"covered":0,"skipped":0,"pct":0},"branches":{"total":80,"covered":0,"skipped":0,"pct":0}}
,"C:\\New folder\\JobCardOnline\\resources\\js\\components\\FlashToasts.vue": {"lines":{"total":22,"covered":0,"skipped":0,"pct":0},"functions":{"total":5,"covered":0,"skipped":0,"pct":0},"statements":{"total":22,"covered":0,"skipped":0,"pct":0},"branches":{"total":12,"covered":0,"skipped":0,"pct":0}}
,"C:\\New folder\\JobCardOnline\\resources\\js\\components\\Footer.vue": {"lines":{"total":4,"covered":0,"skipped":0,"pct":0},"functions":{"total":1,"covered":0,"skipped":0,"pct":0},"statements":{"total":6,"covered":0,"skipped":0,"pct":0},"branches":{"total":0,"covered":0,"skipped":0,"pct":100}}
,"C:\\New folder\\JobCardOnline\\resources\\js\\components\\Heading.vue": {"lines":{"total":2,"covered":0,"skipped":0,"pct":0},"functions":{"total":0,"covered":0,"skipped":0,"pct":100},"statements":{"total":3,"covered":0,"skipped":0,"pct":0},"branches":{"total":2,"covered":0,"skipped":0,"pct":0}}
,"C:\\New folder\\JobCardOnline\\resources\\js\\components\\HeadingSmall.vue": {"lines":{"total":2,"covered":0,"skipped":0,"pct":0},"functions":{"total":0,"covered":0,"skipped":0,"pct":100},"statements":{"total":2,"covered":0,"skipped":0,"pct":0},"branches":{"total":2,"covered":0,"skipped":0,"pct":0}}
,"C:\\New folder\\JobCardOnline\\resources\\js\\components\\Icon.vue": {"lines":{"total":6,"covered":0,"skipped":0,"pct":0},"functions":{"total":2,"covered":0,"skipped":0,"pct":0},"statements":{"total":7,"covered":0,"skipped":0,"pct":0},"branches":{"total":0,"covered":0,"skipped":0,"pct":100}}
,"C:\\New folder\\JobCardOnline\\resources\\js\\components\\InputError.vue": {"lines":{"total":2,"covered":0,"skipped":0,"pct":0},"functions":{"total":0,"covered":0,"skipped":0,"pct":100},"statements":{"total":2,"covered":0,"skipped":0,"pct":0},"branches":{"total":0,"covered":0,"skipped":0,"pct":100}}
,"C:\\New folder\\JobCardOnline\\resources\\js\\components\\ListTableActionLabel.vue": {"lines":{"total":3,"covered":0,"skipped":0,"pct":0},"functions":{"total":0,"covered":0,"skipped":0,"pct":100},"statements":{"total":4,"covered":0,"skipped":0,"pct":0},"branches":{"total":0,"covered":0,"skipped":0,"pct":100}}
,"C:\\New folder\\JobCardOnline\\resources\\js\\components\\ListViewColumnsEditor.vue": {"lines":{"total":231,"covered":0,"skipped":0,"pct":0},"functions":{"total":69,"covered":0,"skipped":0,"pct":0},"statements":{"total":259,"covered":0,"skipped":0,"pct":0},"branches":{"total":154,"covered":0,"skipped":0,"pct":0}}
,"C:\\New folder\\JobCardOnline\\resources\\js\\components\\NavFooter.vue": {"lines":{"total":8,"covered":0,"skipped":0,"pct":0},"functions":{"total":8,"covered":0,"skipped":0,"pct":0},"statements":{"total":9,"covered":0,"skipped":0,"pct":0},"branches":{"total":6,"covered":0,"skipped":0,"pct":0}}
,"C:\\New folder\\JobCardOnline\\resources\\js\\components\\NavMain.vue": {"lines":{"total":7,"covered":0,"skipped":0,"pct":0},"functions":{"total":7,"covered":0,"skipped":0,"pct":0},"statements":{"total":9,"covered":0,"skipped":0,"pct":0},"branches":{"total":2,"covered":0,"skipped":0,"pct":0}}
,"C:\\New folder\\JobCardOnline\\resources\\js\\components\\NavUser.vue": {"lines":{"total":11,"covered":0,"skipped":0,"pct":0},"functions":{"total":7,"covered":0,"skipped":0,"pct":0},"statements":{"total":11,"covered":0,"skipped":0,"pct":0},"branches":{"total":8,"covered":0,"skipped":0,"pct":0}}
,"C:\\New folder\\JobCardOnline\\resources\\js\\components\\NotesPanel.vue": {"lines":{"total":146,"covered":75,"skipped":0,"pct":51.36},"functions":{"total":30,"covered":9,"skipped":0,"pct":30},"statements":{"total":158,"covered":78,"skipped":0,"pct":49.36},"branches":{"total":119,"covered":48,"skipped":0,"pct":40.33}}
,"C:\\New folder\\JobCardOnline\\resources\\js\\components\\PdfTemplateEditor.vue": {"lines":{"total":307,"covered":0,"skipped":0,"pct":0},"functions":{"total":55,"covered":0,"skipped":0,"pct":0},"statements":{"total":320,"covered":0,"skipped":0,"pct":0},"branches":{"total":231,"covered":0,"skipped":0,"pct":0}}
,"C:\\New folder\\JobCardOnline\\resources\\js\\components\\PermissionErrorModal.vue": {"lines":{"total":11,"covered":0,"skipped":0,"pct":0},"functions":{"total":6,"covered":0,"skipped":0,"pct":0},"statements":{"total":11,"covered":0,"skipped":0,"pct":0},"branches":{"total":23,"covered":0,"skipped":0,"pct":0}}
,"C:\\New folder\\JobCardOnline\\resources\\js\\components\\PermissionGuard.vue": {"lines":{"total":16,"covered":0,"skipped":0,"pct":0},"functions":{"total":2,"covered":0,"skipped":0,"pct":0},"statements":{"total":16,"covered":0,"skipped":0,"pct":0},"branches":{"total":16,"covered":0,"skipped":0,"pct":0}}
,"C:\\New folder\\JobCardOnline\\resources\\js\\components\\PlaceholderPattern.vue": {"lines":{"total":3,"covered":0,"skipped":0,"pct":0},"functions":{"total":1,"covered":0,"skipped":0,"pct":0},"statements":{"total":3,"covered":0,"skipped":0,"pct":0},"branches":{"total":2,"covered":0,"skipped":0,"pct":0}}
,"C:\\New folder\\JobCardOnline\\resources\\js\\components\\TextLink.vue": {"lines":{"total":2,"covered":0,"skipped":0,"pct":0},"functions":{"total":1,"covered":0,"skipped":0,"pct":0},"statements":{"total":2,"covered":0,"skipped":0,"pct":0},"branches":{"total":0,"covered":0,"skipped":0,"pct":100}}
,"C:\\New folder\\JobCardOnline\\resources\\js\\components\\TimeTracking.vue": {"lines":{"total":86,"covered":0,"skipped":0,"pct":0},"functions":{"total":31,"covered":0,"skipped":0,"pct":0},"statements":{"total":90,"covered":0,"skipped":0,"pct":0},"branches":{"total":114,"covered":0,"skipped":0,"pct":0}}
,"C:\\New folder\\JobCardOnline\\resources\\js\\components\\TwoFactorRecoveryCodes.vue": {"lines":{"total":26,"covered":0,"skipped":0,"pct":0},"functions":{"total":12,"covered":0,"skipped":0,"pct":0},"statements":{"total":26,"covered":0,"skipped":0,"pct":0},"branches":{"total":25,"covered":0,"skipped":0,"pct":0}}
,"C:\\New folder\\JobCardOnline\\resources\\js\\components\\TwoFactorSetupModal.vue": {"lines":{"total":66,"covered":0,"skipped":0,"pct":0},"functions":{"total":27,"covered":0,"skipped":0,"pct":0},"statements":{"total":68,"covered":0,"skipped":0,"pct":0},"branches":{"total":42,"covered":0,"skipped":0,"pct":0}}
,"C:\\New folder\\JobCardOnline\\resources\\js\\components\\UserInfo.vue": {"lines":{"total":8,"covered":0,"skipped":0,"pct":0},"functions":{"total":5,"covered":0,"skipped":0,"pct":0},"statements":{"total":9,"covered":0,"skipped":0,"pct":0},"branches":{"total":14,"covered":0,"skipped":0,"pct":0}}
,"C:\\New folder\\JobCardOnline\\resources\\js\\components\\UserMenuContent.vue": {"lines":{"total":24,"covered":0,"skipped":0,"pct":0},"functions":{"total":15,"covered":0,"skipped":0,"pct":0},"statements":{"total":26,"covered":0,"skipped":0,"pct":0},"branches":{"total":10,"covered":0,"skipped":0,"pct":0}}
,"C:\\New folder\\JobCardOnline\\resources\\js\\components\\VersionHistory.vue": {"lines":{"total":26,"covered":0,"skipped":0,"pct":0},"functions":{"total":12,"covered":0,"skipped":0,"pct":0},"statements":{"total":27,"covered":0,"skipped":0,"pct":0},"branches":{"total":25,"covered":0,"skipped":0,"pct":0}}
,"C:\\New folder\\JobCardOnline\\resources\\js\\components\\ui\\avatar\\Avatar.vue": {"lines":{"total":3,"covered":0,"skipped":0,"pct":0},"functions":{"total":1,"covered":0,"skipped":0,"pct":0},"statements":{"total":3,"covered":0,"skipped":0,"pct":0},"branches":{"total":0,"covered":0,"skipped":0,"pct":100}}
,"C:\\New folder\\JobCardOnline\\resources\\js\\components\\ui\\avatar\\AvatarFallback.vue": {"lines":{"total":6,"covered":0,"skipped":0,"pct":0},"functions":{"total":2,"covered":0,"skipped":0,"pct":0},"statements":{"total":6,"covered":0,"skipped":0,"pct":0},"branches":{"total":0,"covered":0,"skipped":0,"pct":100}}
,"C:\\New folder\\JobCardOnline\\resources\\js\\components\\ui\\avatar\\AvatarImage.vue": {"lines":{"total":3,"covered":0,"skipped":0,"pct":0},"functions":{"total":1,"covered":0,"skipped":0,"pct":0},"statements":{"total":3,"covered":0,"skipped":0,"pct":0},"branches":{"total":0,"covered":0,"skipped":0,"pct":100}}
,"C:\\New folder\\JobCardOnline\\resources\\js\\components\\ui\\avatar\\index.ts": {"lines":{"total":0,"covered":0,"skipped":0,"pct":100},"functions":{"total":0,"covered":0,"skipped":0,"pct":100},"statements":{"total":0,"covered":0,"skipped":0,"pct":100},"branches":{"total":0,"covered":0,"skipped":0,"pct":100}}
,"C:\\New folder\\JobCardOnline\\resources\\js\\components\\ui\\badge\\Badge.vue": {"lines":{"total":4,"covered":0,"skipped":0,"pct":0},"functions":{"total":1,"covered":0,"skipped":0,"pct":0},"statements":{"total":4,"covered":0,"skipped":0,"pct":0},"branches":{"total":0,"covered":0,"skipped":0,"pct":100}}
,"C:\\New folder\\JobCardOnline\\resources\\js\\components\\ui\\badge\\index.ts": {"lines":{"total":1,"covered":0,"skipped":0,"pct":0},"functions":{"total":0,"covered":0,"skipped":0,"pct":100},"statements":{"total":1,"covered":0,"skipped":0,"pct":0},"branches":{"total":0,"covered":0,"skipped":0,"pct":100}}
,"C:\\New folder\\JobCardOnline\\resources\\js\\components\\ui\\breadcrumb\\Breadcrumb.vue": {"lines":{"total":2,"covered":0,"skipped":0,"pct":0},"functions":{"total":0,"covered":0,"skipped":0,"pct":100},"statements":{"total":2,"covered":0,"skipped":0,"pct":0},"branches":{"total":0,"covered":0,"skipped":0,"pct":100}}
,"C:\\New folder\\JobCardOnline\\resources\\js\\components\\ui\\breadcrumb\\BreadcrumbEllipsis.vue": {"lines":{"total":3,"covered":0,"skipped":0,"pct":0},"functions":{"total":1,"covered":0,"skipped":0,"pct":0},"statements":{"total":3,"covered":0,"skipped":0,"pct":0},"branches":{"total":2,"covered":0,"skipped":0,"pct":0}}
,"C:\\New folder\\JobCardOnline\\resources\\js\\components\\ui\\breadcrumb\\BreadcrumbItem.vue": {"lines":{"total":2,"covered":0,"skipped":0,"pct":0},"functions":{"total":0,"covered":0,"skipped":0,"pct":100},"statements":{"total":2,"covered":0,"skipped":0,"pct":0},"branches":{"total":0,"covered":0,"skipped":0,"pct":100}}
,"C:\\New folder\\JobCardOnline\\resources\\js\\components\\ui\\breadcrumb\\BreadcrumbLink.vue": {"lines":{"total":3,"covered":0,"skipped":0,"pct":0},"functions":{"total":1,"covered":0,"skipped":0,"pct":0},"statements":{"total":3,"covered":0,"skipped":0,"pct":0},"branches":{"total":0,"covered":0,"skipped":0,"pct":100}}
,"C:\\New folder\\JobCardOnline\\resources\\js\\components\\ui\\breadcrumb\\BreadcrumbList.vue": {"lines":{"total":2,"covered":0,"skipped":0,"pct":0},"functions":{"total":0,"covered":0,"skipped":0,"pct":100},"statements":{"total":2,"covered":0,"skipped":0,"pct":0},"branches":{"total":0,"covered":0,"skipped":0,"pct":100}}
,"C:\\New folder\\JobCardOnline\\resources\\js\\components\\ui\\breadcrumb\\BreadcrumbPage.vue": {"lines":{"total":2,"covered":0,"skipped":0,"pct":0},"functions":{"total":0,"covered":0,"skipped":0,"pct":100},"statements":{"total":2,"covered":0,"skipped":0,"pct":0},"branches":{"total":0,"covered":0,"skipped":0,"pct":100}}
,"C:\\New folder\\JobCardOnline\\resources\\js\\components\\ui\\breadcrumb\\BreadcrumbSeparator.vue": {"lines":{"total":3,"covered":0,"skipped":0,"pct":0},"functions":{"total":1,"covered":0,"skipped":0,"pct":0},"statements":{"total":3,"covered":0,"skipped":0,"pct":0},"branches":{"total":0,"covered":0,"skipped":0,"pct":100}}
,"C:\\New folder\\JobCardOnline\\resources\\js\\components\\ui\\breadcrumb\\index.ts": {"lines":{"total":0,"covered":0,"skipped":0,"pct":100},"functions":{"total":0,"covered":0,"skipped":0,"pct":100},"statements":{"total":0,"covered":0,"skipped":0,"pct":100},"branches":{"total":0,"covered":0,"skipped":0,"pct":100}}
,"C:\\New folder\\JobCardOnline\\resources\\js\\components\\ui\\button\\Button.vue": {"lines":{"total":3,"covered":0,"skipped":0,"pct":0},"functions":{"total":1,"covered":0,"skipped":0,"pct":0},"statements":{"total":3,"covered":0,"skipped":0,"pct":0},"branches":{"total":0,"covered":0,"skipped":0,"pct":100}}
,"C:\\New folder\\JobCardOnline\\resources\\js\\components\\ui\\button\\index.ts": {"lines":{"total":1,"covered":0,"skipped":0,"pct":0},"functions":{"total":0,"covered":0,"skipped":0,"pct":100},"statements":{"total":1,"covered":0,"skipped":0,"pct":0},"branches":{"total":0,"covered":0,"skipped":0,"pct":100}}
,"C:\\New folder\\JobCardOnline\\resources\\js\\components\\ui\\card\\Card.vue": {"lines":{"total":2,"covered":0,"skipped":0,"pct":0},"functions":{"total":0,"covered":0,"skipped":0,"pct":100},"statements":{"total":2,"covered":0,"skipped":0,"pct":0},"branches":{"total":0,"covered":0,"skipped":0,"pct":100}}
,"C:\\New folder\\JobCardOnline\\resources\\js\\components\\ui\\card\\CardAction.vue": {"lines":{"total":2,"covered":0,"skipped":0,"pct":0},"functions":{"total":0,"covered":0,"skipped":0,"pct":100},"statements":{"total":2,"covered":0,"skipped":0,"pct":0},"branches":{"total":0,"covered":0,"skipped":0,"pct":100}}
,"C:\\New folder\\JobCardOnline\\resources\\js\\components\\ui\\card\\CardContent.vue": {"lines":{"total":2,"covered":0,"skipped":0,"pct":0},"functions":{"total":0,"covered":0,"skipped":0,"pct":100},"statements":{"total":2,"covered":0,"skipped":0,"pct":0},"branches":{"total":0,"covered":0,"skipped":0,"pct":100}}
,"C:\\New folder\\JobCardOnline\\resources\\js\\components\\ui\\card\\CardDescription.vue": {"lines":{"total":2,"covered":0,"skipped":0,"pct":0},"functions":{"total":0,"covered":0,"skipped":0,"pct":100},"statements":{"total":2,"covered":0,"skipped":0,"pct":0},"branches":{"total":0,"covered":0,"skipped":0,"pct":100}}
,"C:\\New folder\\JobCardOnline\\resources\\js\\components\\ui\\card\\CardFooter.vue": {"lines":{"total":2,"covered":0,"skipped":0,"pct":0},"functions":{"total":0,"covered":0,"skipped":0,"pct":100},"statements":{"total":2,"covered":0,"skipped":0,"pct":0},"branches":{"total":0,"covered":0,"skipped":0,"pct":100}}
,"C:\\New folder\\JobCardOnline\\resources\\js\\components\\ui\\card\\CardHeader.vue": {"lines":{"total":2,"covered":0,"skipped":0,"pct":0},"functions":{"total":0,"covered":0,"skipped":0,"pct":100},"statements":{"total":2,"covered":0,"skipped":0,"pct":0},"branches":{"total":0,"covered":0,"skipped":0,"pct":100}}
,"C:\\New folder\\JobCardOnline\\resources\\js\\components\\ui\\card\\CardTitle.vue": {"lines":{"total":2,"covered":0,"skipped":0,"pct":0},"functions":{"total":0,"covered":0,"skipped":0,"pct":100},"statements":{"total":2,"covered":0,"skipped":0,"pct":0},"branches":{"total":0,"covered":0,"skipped":0,"pct":100}}
,"C:\\New folder\\JobCardOnline\\resources\\js\\components\\ui\\card\\index.ts": {"lines":{"total":0,"covered":0,"skipped":0,"pct":100},"functions":{"total":0,"covered":0,"skipped":0,"pct":100},"statements":{"total":0,"covered":0,"skipped":0,"pct":100},"branches":{"total":0,"covered":0,"skipped":0,"pct":100}}
,"C:\\New folder\\JobCardOnline\\resources\\js\\components\\ui\\checkbox\\Checkbox.vue": {"lines":{"total":9,"covered":0,"skipped":0,"pct":0},"functions":{"total":3,"covered":0,"skipped":0,"pct":0},"statements":{"total":9,"covered":0,"skipped":0,"pct":0},"branches":{"total":0,"covered":0,"skipped":0,"pct":100}}
,"C:\\New folder\\JobCardOnline\\resources\\js\\components\\ui\\checkbox\\index.ts": {"lines":{"total":0,"covered":0,"skipped":0,"pct":100},"functions":{"total":0,"covered":0,"skipped":0,"pct":100},"statements":{"total":0,"covered":0,"skipped":0,"pct":100},"branches":{"total":0,"covered":0,"skipped":0,"pct":100}}
,"C:\\New folder\\JobCardOnline\\resources\\js\\components\\ui\\collapsible\\Collapsible.vue": {"lines":{"total":5,"covered":0,"skipped":0,"pct":0},"functions":{"total":1,"covered":0,"skipped":0,"pct":0},"statements":{"total":5,"covered":0,"skipped":0,"pct":0},"branches":{"total":0,"covered":0,"skipped":0,"pct":100}}
,"C:\\New folder\\JobCardOnline\\resources\\js\\components\\ui\\collapsible\\CollapsibleContent.vue": {"lines":{"total":3,"covered":0,"skipped":0,"pct":0},"functions":{"total":1,"covered":0,"skipped":0,"pct":0},"statements":{"total":3,"covered":0,"skipped":0,"pct":0},"branches":{"total":0,"covered":0,"skipped":0,"pct":100}}
,"C:\\New folder\\JobCardOnline\\resources\\js\\components\\ui\\collapsible\\CollapsibleTrigger.vue": {"lines":{"total":3,"covered":0,"skipped":0,"pct":0},"functions":{"total":1,"covered":0,"skipped":0,"pct":0},"statements":{"total":3,"covered":0,"skipped":0,"pct":0},"branches":{"total":0,"covered":0,"skipped":0,"pct":100}}
,"C:\\New folder\\JobCardOnline\\resources\\js\\components\\ui\\collapsible\\index.ts": {"lines":{"total":0,"covered":0,"skipped":0,"pct":100},"functions":{"total":0,"covered":0,"skipped":0,"pct":100},"statements":{"total":0,"covered":0,"skipped":0,"pct":100},"branches":{"total":0,"covered":0,"skipped":0,"pct":100}}
,"C:\\New folder\\JobCardOnline\\resources\\js\\components\\ui\\dialog\\Dialog.vue": {"lines":{"total":5,"covered":0,"skipped":0,"pct":0},"functions":{"total":1,"covered":0,"skipped":0,"pct":0},"statements":{"total":5,"covered":0,"skipped":0,"pct":0},"branches":{"total":0,"covered":0,"skipped":0,"pct":100}}
,"C:\\New folder\\JobCardOnline\\resources\\js\\components\\ui\\dialog\\DialogClose.vue": {"lines":{"total":3,"covered":0,"skipped":0,"pct":0},"functions":{"total":1,"covered":0,"skipped":0,"pct":0},"statements":{"total":3,"covered":0,"skipped":0,"pct":0},"branches":{"total":0,"covered":0,"skipped":0,"pct":100}}
,"C:\\New folder\\JobCardOnline\\resources\\js\\components\\ui\\dialog\\DialogContent.vue": {"lines":{"total":10,"covered":0,"skipped":0,"pct":0},"functions":{"total":4,"covered":0,"skipped":0,"pct":0},"statements":{"total":10,"covered":0,"skipped":0,"pct":0},"branches":{"total":2,"covered":0,"skipped":0,"pct":0}}
,"C:\\New folder\\JobCardOnline\\resources\\js\\components\\ui\\dialog\\DialogDescription.vue": {"lines":{"total":7,"covered":0,"skipped":0,"pct":0},"functions":{"total":2,"covered":0,"skipped":0,"pct":0},"statements":{"total":7,"covered":0,"skipped":0,"pct":0},"branches":{"total":0,"covered":0,"skipped":0,"pct":100}}
,"C:\\New folder\\JobCardOnline\\resources\\js\\components\\ui\\dialog\\DialogFooter.vue": {"lines":{"total":2,"covered":0,"skipped":0,"pct":0},"functions":{"total":0,"covered":0,"skipped":0,"pct":100},"statements":{"total":2,"covered":0,"skipped":0,"pct":0},"branches":{"total":0,"covered":0,"skipped":0,"pct":100}}
,"C:\\New folder\\JobCardOnline\\resources\\js\\components\\ui\\dialog\\DialogHeader.vue": {"lines":{"total":2,"covered":0,"skipped":0,"pct":0},"functions":{"total":0,"covered":0,"skipped":0,"pct":100},"statements":{"total":2,"covered":0,"skipped":0,"pct":0},"branches":{"total":0,"covered":0,"skipped":0,"pct":100}}
,"C:\\New folder\\JobCardOnline\\resources\\js\\components\\ui\\dialog\\DialogOverlay.vue": {"lines":{"total":6,"covered":0,"skipped":0,"pct":0},"functions":{"total":2,"covered":0,"skipped":0,"pct":0},"statements":{"total":6,"covered":0,"skipped":0,"pct":0},"branches":{"total":0,"covered":0,"skipped":0,"pct":100}}
,"C:\\New folder\\JobCardOnline\\resources\\js\\components\\ui\\dialog\\DialogScrollContent.vue": {"lines":{"total":12,"covered":0,"skipped":0,"pct":0},"functions":{"total":6,"covered":0,"skipped":0,"pct":0},"statements":{"total":15,"covered":0,"skipped":0,"pct":0},"branches":{"total":8,"covered":0,"skipped":0,"pct":0}}
,"C:\\New folder\\JobCardOnline\\resources\\js\\components\\ui\\dialog\\DialogTitle.vue": {"lines":{"total":7,"covered":0,"skipped":0,"pct":0},"functions":{"total":2,"covered":0,"skipped":0,"pct":0},"statements":{"total":7,"covered":0,"skipped":0,"pct":0},"branches":{"total":0,"covered":0,"skipped":0,"pct":100}}
,"C:\\New folder\\JobCardOnline\\resources\\js\\components\\ui\\dialog\\DialogTrigger.vue": {"lines":{"total":3,"covered":0,"skipped":0,"pct":0},"functions":{"total":1,"covered":0,"skipped":0,"pct":0},"statements":{"total":3,"covered":0,"skipped":0,"pct":0},"branches":{"total":0,"covered":0,"skipped":0,"pct":100}}
,"C:\\New folder\\JobCardOnline\\resources\\js\\components\\ui\\dialog\\index.ts": {"lines":{"total":0,"covered":0,"skipped":0,"pct":100},"functions":{"total":0,"covered":0,"skipped":0,"pct":100},"statements":{"total":0,"covered":0,"skipped":0,"pct":100},"branches":{"total":0,"covered":0,"skipped":0,"pct":100}}
,"C:\\New folder\\JobCardOnline\\resources\\js\\components\\ui\\dropdown-menu\\DropdownMenu.vue": {"lines":{"total":5,"covered":0,"skipped":0,"pct":0},"functions":{"total":1,"covered":0,"skipped":0,"pct":0},"statements":{"total":5,"covered":0,"skipped":0,"pct":0},"branches":{"total":0,"covered":0,"skipped":0,"pct":100}}
,"C:\\New folder\\JobCardOnline\\resources\\js\\components\\ui\\dropdown-menu\\DropdownMenuCheckboxItem.vue": {"lines":{"total":10,"covered":0,"skipped":0,"pct":0},"functions":{"total":3,"covered":0,"skipped":0,"pct":0},"statements":{"total":10,"covered":0,"skipped":0,"pct":0},"branches":{"total":0,"covered":0,"skipped":0,"pct":100}}
,"C:\\New folder\\JobCardOnline\\resources\\js\\components\\ui\\dropdown-menu\\DropdownMenuContent.vue": {"lines":{"total":9,"covered":0,"skipped":0,"pct":0},"functions":{"total":3,"covered":0,"skipped":0,"pct":0},"statements":{"total":9,"covered":0,"skipped":0,"pct":0},"branches":{"total":0,"covered":0,"skipped":0,"pct":100}}
,"C:\\New folder\\JobCardOnline\\resources\\js\\components\\ui\\dropdown-menu\\DropdownMenuGroup.vue": {"lines":{"total":3,"covered":0,"skipped":0,"pct":0},"functions":{"total":1,"covered":0,"skipped":0,"pct":0},"statements":{"total":3,"covered":0,"skipped":0,"pct":0},"branches":{"total":0,"covered":0,"skipped":0,"pct":100}}
,"C:\\New folder\\JobCardOnline\\resources\\js\\components\\ui\\dropdown-menu\\DropdownMenuItem.vue": {"lines":{"total":5,"covered":0,"skipped":0,"pct":0},"functions":{"total":1,"covered":0,"skipped":0,"pct":0},"statements":{"total":5,"covered":0,"skipped":0,"pct":0},"branches":{"total":2,"covered":0,"skipped":0,"pct":0}}
,"C:\\New folder\\JobCardOnline\\resources\\js\\components\\ui\\dropdown-menu\\DropdownMenuLabel.vue": {"lines":{"total":5,"covered":0,"skipped":0,"pct":0},"functions":{"total":1,"covered":0,"skipped":0,"pct":0},"statements":{"total":5,"covered":0,"skipped":0,"pct":0},"branches":{"total":2,"covered":0,"skipped":0,"pct":0}}
,"C:\\New folder\\JobCardOnline\\resources\\js\\components\\ui\\dropdown-menu\\DropdownMenuRadioGroup.vue": {"lines":{"total":5,"covered":0,"skipped":0,"pct":0},"functions":{"total":1,"covered":0,"skipped":0,"pct":0},"statements":{"total":5,"covered":0,"skipped":0,"pct":0},"branches":{"total":0,"covered":0,"skipped":0,"pct":100}}
,"C:\\New folder\\JobCardOnline\\resources\\js\\components\\ui\\dropdown-menu\\DropdownMenuRadioItem.vue": {"lines":{"total":10,"covered":0,"skipped":0,"pct":0},"functions":{"total":3,"covered":0,"skipped":0,"pct":0},"statements":{"total":10,"covered":0,"skipped":0,"pct":0},"branches":{"total":0,"covered":0,"skipped":0,"pct":100}}
,"C:\\New folder\\JobCardOnline\\resources\\js\\components\\ui\\dropdown-menu\\DropdownMenuSeparator.vue": {"lines":{"total":5,"covered":0,"skipped":0,"pct":0},"functions":{"total":1,"covered":0,"skipped":0,"pct":0},"statements":{"total":5,"covered":0,"skipped":0,"pct":0},"branches":{"total":0,"covered":0,"skipped":0,"pct":100}}
,"C:\\New folder\\JobCardOnline\\resources\\js\\components\\ui\\dropdown-menu\\DropdownMenuShortcut.vue": {"lines":{"total":2,"covered":0,"skipped":0,"pct":0},"functions":{"total":0,"covered":0,"skipped":0,"pct":100},"statements":{"total":2,"covered":0,"skipped":0,"pct":0},"branches":{"total":0,"covered":0,"skipped":0,"pct":100}}
,"C:\\New folder\\JobCardOnline\\resources\\js\\components\\ui\\dropdown-menu\\DropdownMenuSub.vue": {"lines":{"total":5,"covered":0,"skipped":0,"pct":0},"functions":{"total":1,"covered":0,"skipped":0,"pct":0},"statements":{"total":5,"covered":0,"skipped":0,"pct":0},"branches":{"total":0,"covered":0,"skipped":0,"pct":100}}
,"C:\\New folder\\JobCardOnline\\resources\\js\\components\\ui\\dropdown-menu\\DropdownMenuSubContent.vue": {"lines":{"total":8,"covered":0,"skipped":0,"pct":0},"functions":{"total":2,"covered":0,"skipped":0,"pct":0},"statements":{"total":8,"covered":0,"skipped":0,"pct":0},"branches":{"total":0,"covered":0,"skipped":0,"pct":100}}
,"C:\\New folder\\JobCardOnline\\resources\\js\\components\\ui\\dropdown-menu\\DropdownMenuSubTrigger.vue": {"lines":{"total":5,"covered":0,"skipped":0,"pct":0},"functions":{"total":1,"covered":0,"skipped":0,"pct":0},"statements":{"total":5,"covered":0,"skipped":0,"pct":0},"branches":{"total":0,"covered":0,"skipped":0,"pct":100}}
,"C:\\New folder\\JobCardOnline\\resources\\js\\components\\ui\\dropdown-menu\\DropdownMenuTrigger.vue": {"lines":{"total":4,"covered":0,"skipped":0,"pct":0},"functions":{"total":1,"covered":0,"skipped":0,"pct":0},"statements":{"total":4,"covered":0,"skipped":0,"pct":0},"branches":{"total":0,"covered":0,"skipped":0,"pct":100}}
,"C:\\New folder\\JobCardOnline\\resources\\js\\components\\ui\\dropdown-menu\\index.ts": {"lines":{"total":0,"covered":0,"skipped":0,"pct":100},"functions":{"total":0,"covered":0,"skipped":0,"pct":100},"statements":{"total":0,"covered":0,"skipped":0,"pct":100},"branches":{"total":0,"covered":0,"skipped":0,"pct":100}}
,"C:\\New folder\\JobCardOnline\\resources\\js\\components\\ui\\input\\Input.vue": {"lines":{"total":5,"covered":0,"skipped":0,"pct":0},"functions":{"total":1,"covered":0,"skipped":0,"pct":0},"statements":{"total":5,"covered":0,"skipped":0,"pct":0},"branches":{"total":2,"covered":0,"skipped":0,"pct":0}}
,"C:\\New folder\\JobCardOnline\\resources\\js\\components\\ui\\input\\index.ts": {"lines":{"total":0,"covered":0,"skipped":0,"pct":100},"functions":{"total":0,"covered":0,"skipped":0,"pct":100},"statements":{"total":0,"covered":0,"skipped":0,"pct":100},"branches":{"total":0,"covered":0,"skipped":0,"pct":100}}
,"C:\\New folder\\JobCardOnline\\resources\\js\\components\\ui\\label\\Label.vue": {"lines":{"total":6,"covered":0,"skipped":0,"pct":0},"functions":{"total":2,"covered":0,"skipped":0,"pct":0},"statements":{"total":6,"covered":0,"skipped":0,"pct":0},"branches":{"total":0,"covered":0,"skipped":0,"pct":100}}
,"C:\\New folder\\JobCardOnline\\resources\\js\\components\\ui\\label\\index.ts": {"lines":{"total":0,"covered":0,"skipped":0,"pct":100},"functions":{"total":0,"covered":0,"skipped":0,"pct":100},"statements":{"total":0,"covered":0,"skipped":0,"pct":100},"branches":{"total":0,"covered":0,"skipped":0,"pct":100}}
,"C:\\New folder\\JobCardOnline\\resources\\js\\components\\ui\\navigation-menu\\NavigationMenu.vue": {"lines":{"total":6,"covered":0,"skipped":0,"pct":0},"functions":{"total":1,"covered":0,"skipped":0,"pct":0},"statements":{"total":6,"covered":0,"skipped":0,"pct":0},"branches":{"total":2,"covered":0,"skipped":0,"pct":0}}
,"C:\\New folder\\JobCardOnline\\resources\\js\\components\\ui\\navigation-menu\\NavigationMenuContent.vue": {"lines":{"total":8,"covered":0,"skipped":0,"pct":0},"functions":{"total":2,"covered":0,"skipped":0,"pct":0},"statements":{"total":8,"covered":0,"skipped":0,"pct":0},"branches":{"total":0,"covered":0,"skipped":0,"pct":100}}
,"C:\\New folder\\JobCardOnline\\resources\\js\\components\\ui\\navigation-menu\\NavigationMenuIndicator.vue": {"lines":{"total":7,"covered":0,"skipped":0,"pct":0},"functions":{"total":2,"covered":0,"skipped":0,"pct":0},"statements":{"total":7,"covered":0,"skipped":0,"pct":0},"branches":{"total":2,"covered":0,"skipped":0,"pct":0}}
,"C:\\New folder\\JobCardOnline\\resources\\js\\components\\ui\\navigation-menu\\NavigationMenuItem.vue": {"lines":{"total":4,"covered":0,"skipped":0,"pct":0},"functions":{"total":1,"covered":0,"skipped":0,"pct":0},"statements":{"total":4,"covered":0,"skipped":0,"pct":0},"branches":{"total":0,"covered":0,"skipped":0,"pct":100}}
,"C:\\New folder\\JobCardOnline\\resources\\js\\components\\ui\\navigation-menu\\NavigationMenuLink.vue": {"lines":{"total":6,"covered":0,"skipped":0,"pct":0},"functions":{"total":1,"covered":0,"skipped":0,"pct":0},"statements":{"total":6,"covered":0,"skipped":0,"pct":0},"branches":{"total":0,"covered":0,"skipped":0,"pct":100}}
,"C:\\New folder\\JobCardOnline\\resources\\js\\components\\ui\\navigation-menu\\NavigationMenuList.vue": {"lines":{"total":7,"covered":0,"skipped":0,"pct":0},"functions":{"total":2,"covered":0,"skipped":0,"pct":0},"statements":{"total":7,"covered":0,"skipped":0,"pct":0},"branches":{"total":0,"covered":0,"skipped":0,"pct":100}}
,"C:\\New folder\\JobCardOnline\\resources\\js\\components\\ui\\navigation-menu\\NavigationMenuTrigger.vue": {"lines":{"total":7,"covered":0,"skipped":0,"pct":0},"functions":{"total":2,"covered":0,"skipped":0,"pct":0},"statements":{"total":7,"covered":0,"skipped":0,"pct":0},"branches":{"total":0,"covered":0,"skipped":0,"pct":100}}
,"C:\\New folder\\JobCardOnline\\resources\\js\\components\\ui\\navigation-menu\\NavigationMenuViewport.vue": {"lines":{"total":6,"covered":0,"skipped":0,"pct":0},"functions":{"total":1,"covered":0,"skipped":0,"pct":0},"statements":{"total":7,"covered":0,"skipped":0,"pct":0},"branches":{"total":0,"covered":0,"skipped":0,"pct":100}}
,"C:\\New folder\\JobCardOnline\\resources\\js\\components\\ui\\navigation-menu\\index.ts": {"lines":{"total":1,"covered":0,"skipped":0,"pct":0},"functions":{"total":0,"covered":0,"skipped":0,"pct":100},"statements":{"total":1,"covered":0,"skipped":0,"pct":0},"branches":{"total":0,"covered":0,"skipped":0,"pct":100}}
,"C:\\New folder\\JobCardOnline\\resources\\js\\components\\ui\\pin-input\\PinInput.vue": {"lines":{"total":6,"covered":0,"skipped":0,"pct":0},"functions":{"total":1,"covered":0,"skipped":0,"pct":0},"statements":{"total":6,"covered":0,"skipped":0,"pct":0},"branches":{"total":0,"covered":0,"skipped":0,"pct":100}}
,"C:\\New folder\\JobCardOnline\\resources\\js\\components\\ui\\pin-input\\PinInputGroup.vue": {"lines":{"total":5,"covered":0,"skipped":0,"pct":0},"functions":{"total":1,"covered":0,"skipped":0,"pct":0},"statements":{"total":5,"covered":0,"skipped":0,"pct":0},"branches":{"total":0,"covered":0,"skipped":0,"pct":100}}
,"C:\\New folder\\JobCardOnline\\resources\\js\\components\\ui\\pin-input\\PinInputSeparator.vue": {"lines":{"total":4,"covered":0,"skipped":0,"pct":0},"functions":{"total":1,"covered":0,"skipped":0,"pct":0},"statements":{"total":4,"covered":0,"skipped":0,"pct":0},"branches":{"total":0,"covered":0,"skipped":0,"pct":100}}
,"C:\\New folder\\JobCardOnline\\resources\\js\\components\\ui\\pin-input\\PinInputSlot.vue": {"lines":{"total":4,"covered":0,"skipped":0,"pct":0},"functions":{"total":0,"covered":0,"skipped":0,"pct":100},"statements":{"total":4,"covered":0,"skipped":0,"pct":0},"branches":{"total":0,"covered":0,"skipped":0,"pct":100}}
,"C:\\New folder\\JobCardOnline\\resources\\js\\components\\ui\\pin-input\\index.ts": {"lines":{"total":0,"covered":0,"skipped":0,"pct":100},"functions":{"total":0,"covered":0,"skipped":0,"pct":100},"statements":{"total":0,"covered":0,"skipped":0,"pct":100},"branches":{"total":0,"covered":0,"skipped":0,"pct":100}}
,"C:\\New folder\\JobCardOnline\\resources\\js\\components\\ui\\separator\\Separator.vue": {"lines":{"total":3,"covered":0,"skipped":0,"pct":0},"functions":{"total":0,"covered":0,"skipped":0,"pct":100},"statements":{"total":3,"covered":0,"skipped":0,"pct":0},"branches":{"total":0,"covered":0,"skipped":0,"pct":100}}
,"C:\\New folder\\JobCardOnline\\resources\\js\\components\\ui\\separator\\index.ts": {"lines":{"total":0,"covered":0,"skipped":0,"pct":100},"functions":{"total":0,"covered":0,"skipped":0,"pct":100},"statements":{"total":0,"covered":0,"skipped":0,"pct":100},"branches":{"total":0,"covered":0,"skipped":0,"pct":100}}
,"C:\\New folder\\JobCardOnline\\resources\\js\\components\\ui\\sheet\\Sheet.vue": {"lines":{"total":5,"covered":0,"skipped":0,"pct":0},"functions":{"total":1,"covered":0,"skipped":0,"pct":0},"statements":{"total":5,"covered":0,"skipped":0,"pct":0},"branches":{"total":0,"covered":0,"skipped":0,"pct":100}}
,"C:\\New folder\\JobCardOnline\\resources\\js\\components\\ui\\sheet\\SheetClose.vue": {"lines":{"total":3,"covered":0,"skipped":0,"pct":0},"functions":{"total":1,"covered":0,"skipped":0,"pct":0},"statements":{"total":3,"covered":0,"skipped":0,"pct":0},"branches":{"total":0,"covered":0,"skipped":0,"pct":100}}
,"C:\\New folder\\JobCardOnline\\resources\\js\\components\\ui\\sheet\\SheetContent.vue": {"lines":{"total":8,"covered":0,"skipped":0,"pct":0},"functions":{"total":3,"covered":0,"skipped":0,"pct":0},"statements":{"total":8,"covered":0,"skipped":0,"pct":0},"branches":{"total":10,"covered":0,"skipped":0,"pct":0}}
,"C:\\New folder\\JobCardOnline\\resources\\js\\components\\ui\\sheet\\SheetDescription.vue": {"lines":{"total":6,"covered":0,"skipped":0,"pct":0},"functions":{"total":2,"covered":0,"skipped":0,"pct":0},"statements":{"total":6,"covered":0,"skipped":0,"pct":0},"branches":{"total":0,"covered":0,"skipped":0,"pct":100}}
,"C:\\New folder\\JobCardOnline\\resources\\js\\components\\ui\\sheet\\SheetFooter.vue": {"lines":{"total":2,"covered":0,"skipped":0,"pct":0},"functions":{"total":0,"covered":0,"skipped":0,"pct":100},"statements":{"total":2,"covered":0,"skipped":0,"pct":0},"branches":{"total":0,"covered":0,"skipped":0,"pct":100}}
,"C:\\New folder\\JobCardOnline\\resources\\js\\components\\ui\\sheet\\SheetHeader.vue": {"lines":{"total":2,"covered":0,"skipped":0,"pct":0},"functions":{"total":0,"covered":0,"skipped":0,"pct":100},"statements":{"total":2,"covered":0,"skipped":0,"pct":0},"branches":{"total":0,"covered":0,"skipped":0,"pct":100}}
,"C:\\New folder\\JobCardOnline\\resources\\js\\components\\ui\\sheet\\SheetOverlay.vue": {"lines":{"total":6,"covered":0,"skipped":0,"pct":0},"functions":{"total":2,"covered":0,"skipped":0,"pct":0},"statements":{"total":6,"covered":0,"skipped":0,"pct":0},"branches":{"total":0,"covered":0,"skipped":0,"pct":100}}
,"C:\\New folder\\JobCardOnline\\resources\\js\\components\\ui\\sheet\\SheetTitle.vue": {"lines":{"total":6,"covered":0,"skipped":0,"pct":0},"functions":{"total":2,"covered":0,"skipped":0,"pct":0},"statements":{"total":6,"covered":0,"skipped":0,"pct":0},"branches":{"total":0,"covered":0,"skipped":0,"pct":100}}
,"C:\\New folder\\JobCardOnline\\resources\\js\\components\\ui\\sheet\\SheetTrigger.vue": {"lines":{"total":3,"covered":0,"skipped":0,"pct":0},"functions":{"total":1,"covered":0,"skipped":0,"pct":0},"statements":{"total":3,"covered":0,"skipped":0,"pct":0},"branches":{"total":0,"covered":0,"skipped":0,"pct":100}}
,"C:\\New folder\\JobCardOnline\\resources\\js\\components\\ui\\sheet\\index.ts": {"lines":{"total":0,"covered":0,"skipped":0,"pct":100},"functions":{"total":0,"covered":0,"skipped":0,"pct":100},"statements":{"total":0,"covered":0,"skipped":0,"pct":100},"branches":{"total":0,"covered":0,"skipped":0,"pct":100}}
,"C:\\New folder\\JobCardOnline\\resources\\js\\components\\ui\\sidebar\\Sidebar.vue": {"lines":{"total":8,"covered":0,"skipped":0,"pct":0},"functions":{"total":5,"covered":0,"skipped":0,"pct":0},"statements":{"total":9,"covered":0,"skipped":0,"pct":0},"branches":{"total":20,"covered":0,"skipped":0,"pct":0}}
,"C:\\New folder\\JobCardOnline\\resources\\js\\components\\ui\\sidebar\\SidebarContent.vue": {"lines":{"total":2,"covered":0,"skipped":0,"pct":0},"functions":{"total":0,"covered":0,"skipped":0,"pct":100},"statements":{"total":2,"covered":0,"skipped":0,"pct":0},"branches":{"total":0,"covered":0,"skipped":0,"pct":100}}
,"C:\\New folder\\JobCardOnline\\resources\\js\\components\\ui\\sidebar\\SidebarFooter.vue": {"lines":{"total":2,"covered":0,"skipped":0,"pct":0},"functions":{"total":0,"covered":0,"skipped":0,"pct":100},"statements":{"total":2,"covered":0,"skipped":0,"pct":0},"branches":{"total":0,"covered":0,"skipped":0,"pct":100}}
,"C:\\New folder\\JobCardOnline\\resources\\js\\components\\ui\\sidebar\\SidebarGroup.vue": {"lines":{"total":2,"covered":0,"skipped":0,"pct":0},"functions":{"total":0,"covered":0,"skipped":0,"pct":100},"statements":{"total":2,"covered":0,"skipped":0,"pct":0},"branches":{"total":0,"covered":0,"skipped":0,"pct":100}}
,"C:\\New folder\\JobCardOnline\\resources\\js\\components\\ui\\sidebar\\SidebarGroupAction.vue": {"lines":{"total":3,"covered":0,"skipped":0,"pct":0},"functions":{"total":1,"covered":0,"skipped":0,"pct":0},"statements":{"total":3,"covered":0,"skipped":0,"pct":0},"branches":{"total":0,"covered":0,"skipped":0,"pct":100}}
,"C:\\New folder\\JobCardOnline\\resources\\js\\components\\ui\\sidebar\\SidebarGroupContent.vue": {"lines":{"total":2,"covered":0,"skipped":0,"pct":0},"functions":{"total":0,"covered":0,"skipped":0,"pct":100},"statements":{"total":2,"covered":0,"skipped":0,"pct":0},"branches":{"total":0,"covered":0,"skipped":0,"pct":100}}
,"C:\\New folder\\JobCardOnline\\resources\\js\\components\\ui\\sidebar\\SidebarGroupLabel.vue": {"lines":{"total":3,"covered":0,"skipped":0,"pct":0},"functions":{"total":1,"covered":0,"skipped":0,"pct":0},"statements":{"total":3,"covered":0,"skipped":0,"pct":0},"branches":{"total":0,"covered":0,"skipped":0,"pct":100}}
,"C:\\New folder\\JobCardOnline\\resources\\js\\components\\ui\\sidebar\\SidebarHeader.vue": {"lines":{"total":2,"covered":0,"skipped":0,"pct":0},"functions":{"total":0,"covered":0,"skipped":0,"pct":100},"statements":{"total":2,"covered":0,"skipped":0,"pct":0},"branches":{"total":0,"covered":0,"skipped":0,"pct":100}}
,"C:\\New folder\\JobCardOnline\\resources\\js\\components\\ui\\sidebar\\SidebarInput.vue": {"lines":{"total":3,"covered":0,"skipped":0,"pct":0},"functions":{"total":1,"covered":0,"skipped":0,"pct":0},"statements":{"total":3,"covered":0,"skipped":0,"pct":0},"branches":{"total":0,"covered":0,"skipped":0,"pct":100}}
,"C:\\New folder\\JobCardOnline\\resources\\js\\components\\ui\\sidebar\\SidebarInset.vue": {"lines":{"total":2,"covered":0,"skipped":0,"pct":0},"functions":{"total":0,"covered":0,"skipped":0,"pct":100},"statements":{"total":2,"covered":0,"skipped":0,"pct":0},"branches":{"total":0,"covered":0,"skipped":0,"pct":100}}
,"C:\\New folder\\JobCardOnline\\resources\\js\\components\\ui\\sidebar\\SidebarMenu.vue": {"lines":{"total":2,"covered":0,"skipped":0,"pct":0},"functions":{"total":0,"covered":0,"skipped":0,"pct":100},"statements":{"total":2,"covered":0,"skipped":0,"pct":0},"branches":{"total":0,"covered":0,"skipped":0,"pct":100}}
,"C:\\New folder\\JobCardOnline\\resources\\js\\components\\ui\\sidebar\\SidebarMenuAction.vue": {"lines":{"total":3,"covered":0,"skipped":0,"pct":0},"functions":{"total":1,"covered":0,"skipped":0,"pct":0},"statements":{"total":3,"covered":0,"skipped":0,"pct":0},"branches":{"total":2,"covered":0,"skipped":0,"pct":0}}
,"C:\\New folder\\JobCardOnline\\resources\\js\\components\\ui\\sidebar\\SidebarMenuBadge.vue": {"lines":{"total":2,"covered":0,"skipped":0,"pct":0},"functions":{"total":0,"covered":0,"skipped":0,"pct":100},"statements":{"total":2,"covered":0,"skipped":0,"pct":0},"branches":{"total":0,"covered":0,"skipped":0,"pct":100}}
,"C:\\New folder\\JobCardOnline\\resources\\js\\components\\ui\\sidebar\\SidebarMenuButton.vue": {"lines":{"total":10,"covered":0,"skipped":0,"pct":0},"functions":{"total":5,"covered":0,"skipped":0,"pct":0},"statements":{"total":10,"covered":0,"skipped":0,"pct":0},"branches":{"total":6,"covered":0,"skipped":0,"pct":0}}
,"C:\\New folder\\JobCardOnline\\resources\\js\\components\\ui\\sidebar\\SidebarMenuButtonChild.vue": {"lines":{"total":3,"covered":0,"skipped":0,"pct":0},"functions":{"total":1,"covered":0,"skipped":0,"pct":0},"statements":{"total":3,"covered":0,"skipped":0,"pct":0},"branches":{"total":0,"covered":0,"skipped":0,"pct":100}}
,"C:\\New folder\\JobCardOnline\\resources\\js\\components\\ui\\sidebar\\SidebarMenuItem.vue": {"lines":{"total":2,"covered":0,"skipped":0,"pct":0},"functions":{"total":0,"covered":0,"skipped":0,"pct":100},"statements":{"total":2,"covered":0,"skipped":0,"pct":0},"branches":{"total":0,"covered":0,"skipped":0,"pct":100}}
,"C:\\New folder\\JobCardOnline\\resources\\js\\components\\ui\\sidebar\\SidebarMenuSkeleton.vue": {"lines":{"total":4,"covered":0,"skipped":0,"pct":0},"functions":{"total":1,"covered":0,"skipped":0,"pct":0},"statements":{"total":4,"covered":0,"skipped":0,"pct":0},"branches":{"total":2,"covered":0,"skipped":0,"pct":0}}
,"C:\\New folder\\JobCardOnline\\resources\\js\\components\\ui\\sidebar\\SidebarMenuSub.vue": {"lines":{"total":2,"covered":0,"skipped":0,"pct":0},"functions":{"total":0,"covered":0,"skipped":0,"pct":100},"statements":{"total":2,"covered":0,"skipped":0,"pct":0},"branches":{"total":0,"covered":0,"skipped":0,"pct":100}}
,"C:\\New folder\\JobCardOnline\\resources\\js\\components\\ui\\sidebar\\SidebarMenuSubButton.vue": {"lines":{"total":3,"covered":0,"skipped":0,"pct":0},"functions":{"total":1,"covered":0,"skipped":0,"pct":0},"statements":{"total":3,"covered":0,"skipped":0,"pct":0},"branches":{"total":4,"covered":0,"skipped":0,"pct":0}}
,"C:\\New folder\\JobCardOnline\\resources\\js\\components\\ui\\sidebar\\SidebarMenuSubItem.vue": {"lines":{"total":2,"covered":0,"skipped":0,"pct":0},"functions":{"total":0,"covered":0,"skipped":0,"pct":100},"statements":{"total":2,"covered":0,"skipped":0,"pct":0},"branches":{"total":0,"covered":0,"skipped":0,"pct":100}}
,"C:\\New folder\\JobCardOnline\\resources\\js\\components\\ui\\sidebar\\SidebarProvider.vue": {"lines":{"total":17,"covered":0,"skipped":0,"pct":0},"functions":{"total":6,"covered":0,"skipped":0,"pct":0},"statements":{"total":18,"covered":0,"skipped":0,"pct":0},"branches":{"total":11,"covered":0,"skipped":0,"pct":0}}
,"C:\\New folder\\JobCardOnline\\resources\\js\\components\\ui\\sidebar\\SidebarRail.vue": {"lines":{"total":4,"covered":0,"skipped":0,"pct":0},"functions":{"total":1,"covered":0,"skipped":0,"pct":0},"statements":{"total":4,"covered":0,"skipped":0,"pct":0},"branches":{"total":4,"covered":0,"skipped":0,"pct":0}}
,"C:\\New folder\\JobCardOnline\\resources\\js\\components\\ui\\sidebar\\SidebarSeparator.vue": {"lines":{"total":3,"covered":0,"skipped":0,"pct":0},"functions":{"total":1,"covered":0,"skipped":0,"pct":0},"statements":{"total":3,"covered":0,"skipped":0,"pct":0},"branches":{"total":0,"covered":0,"skipped":0,"pct":100}}
,"C:\\New folder\\JobCardOnline\\resources\\js\\components\\ui\\sidebar\\SidebarTrigger.vue": {"lines":{"total":4,"covered":0,"skipped":0,"pct":0},"functions":{"total":1,"covered":0,"skipped":0,"pct":0},"statements":{"total":4,"covered":0,"skipped":0,"pct":0},"branches":{"total":2,"covered":0,"skipped":0,"pct":0}}
,"C:\\New folder\\JobCardOnline\\resources\\js\\components\\ui\\sidebar\\index.ts": {"lines":{"total":1,"covered":0,"skipped":0,"pct":0},"functions":{"total":0,"covered":0,"skipped":0,"pct":100},"statements":{"total":1,"covered":0,"skipped":0,"pct":0},"branches":{"total":0,"covered":0,"skipped":0,"pct":100}}
,"C:\\New folder\\JobCardOnline\\resources\\js\\components\\ui\\sidebar\\utils.ts": {"lines":{"total":7,"covered":0,"skipped":0,"pct":0},"functions":{"total":0,"covered":0,"skipped":0,"pct":100},"statements":{"total":7,"covered":0,"skipped":0,"pct":0},"branches":{"total":0,"covered":0,"skipped":0,"pct":100}}
,"C:\\New folder\\JobCardOnline\\resources\\js\\components\\ui\\skeleton\\Skeleton.vue": {"lines":{"total":2,"covered":0,"skipped":0,"pct":0},"functions":{"total":0,"covered":0,"skipped":0,"pct":100},"statements":{"total":2,"covered":0,"skipped":0,"pct":0},"branches":{"total":0,"covered":0,"skipped":0,"pct":100}}
,"C:\\New folder\\JobCardOnline\\resources\\js\\components\\ui\\skeleton\\index.ts": {"lines":{"total":0,"covered":0,"skipped":0,"pct":100},"functions":{"total":0,"covered":0,"skipped":0,"pct":100},"statements":{"total":0,"covered":0,"skipped":0,"pct":100},"branches":{"total":0,"covered":0,"skipped":0,"pct":100}}
,"C:\\New folder\\JobCardOnline\\resources\\js\\components\\ui\\tooltip\\Tooltip.vue": {"lines":{"total":5,"covered":0,"skipped":0,"pct":0},"functions":{"total":1,"covered":0,"skipped":0,"pct":0},"statements":{"total":5,"covered":0,"skipped":0,"pct":0},"branches":{"total":0,"covered":0,"skipped":0,"pct":100}}
,"C:\\New folder\\JobCardOnline\\resources\\js\\components\\ui\\tooltip\\TooltipContent.vue": {"lines":{"total":7,"covered":0,"skipped":0,"pct":0},"functions":{"total":2,"covered":0,"skipped":0,"pct":0},"statements":{"total":7,"covered":0,"skipped":0,"pct":0},"branches":{"total":0,"covered":0,"skipped":0,"pct":100}}
,"C:\\New folder\\JobCardOnline\\resources\\js\\components\\ui\\tooltip\\TooltipProvider.vue": {"lines":{"total":3,"covered":0,"skipped":0,"pct":0},"functions":{"total":1,"covered":0,"skipped":0,"pct":0},"statements":{"total":3,"covered":0,"skipped":0,"pct":0},"branches":{"total":0,"covered":0,"skipped":0,"pct":100}}
,"C:\\New folder\\JobCardOnline\\resources\\js\\components\\ui\\tooltip\\TooltipTrigger.vue": {"lines":{"total":3,"covered":0,"skipped":0,"pct":0},"functions":{"total":1,"covered":0,"skipped":0,"pct":0},"statements":{"total":3,"covered":0,"skipped":0,"pct":0},"branches":{"total":0,"covered":0,"skipped":0,"pct":100}}
,"C:\\New folder\\JobCardOnline\\resources\\js\\components\\ui\\tooltip\\index.ts": {"lines":{"total":0,"covered":0,"skipped":0,"pct":100},"functions":{"total":0,"covered":0,"skipped":0,"pct":100},"statements":{"total":0,"covered":0,"skipped":0,"pct":100},"branches":{"total":0,"covered":0,"skipped":0,"pct":100}}
,"C:\\New folder\\JobCardOnline\\resources\\js\\composables\\productSearch.ts": {"lines":{"total":9,"covered":0,"skipped":0,"pct":0},"functions":{"total":2,"covered":0,"skipped":0,"pct":0},"statements":{"total":9,"covered":0,"skipped":0,"pct":0},"branches":{"total":6,"covered":0,"skipped":0,"pct":0}}
,"C:\\New folder\\JobCardOnline\\resources\\js\\composables\\useAppearance.ts": {"lines":{"total":38,"covered":27,"skipped":0,"pct":71.05},"functions":{"total":9,"covered":8,"skipped":0,"pct":88.88},"statements":{"total":38,"covered":27,"skipped":0,"pct":71.05},"branches":{"total":21,"covered":9,"skipped":0,"pct":42.85}}
,"C:\\New folder\\JobCardOnline\\resources\\js\\composables\\useAuthAbilities.ts": {"lines":{"total":7,"covered":6,"skipped":0,"pct":85.71},"functions":{"total":3,"covered":3,"skipped":0,"pct":100},"statements":{"total":7,"covered":6,"skipped":0,"pct":85.71},"branches":{"total":6,"covered":4,"skipped":0,"pct":66.66}}
,"C:\\New folder\\JobCardOnline\\resources\\js\\composables\\useCustomerLookup.ts": {"lines":{"total":63,"covered":40,"skipped":0,"pct":63.49},"functions":{"total":10,"covered":5,"skipped":0,"pct":50},"statements":{"total":63,"covered":40,"skipped":0,"pct":63.49},"branches":{"total":25,"covered":17,"skipped":0,"pct":68}}
,"C:\\New folder\\JobCardOnline\\resources\\js\\composables\\useDateTimeFormat.ts": {"lines":{"total":32,"covered":20,"skipped":0,"pct":62.5},"functions":{"total":15,"covered":8,"skipped":0,"pct":53.33},"statements":{"total":37,"covered":24,"skipped":0,"pct":64.86},"branches":{"total":31,"covered":17,"skipped":0,"pct":54.83}}
,"C:\\New folder\\JobCardOnline\\resources\\js\\composables\\useInitials.ts": {"lines":{"total":6,"covered":6,"skipped":0,"pct":100},"functions":{"total":2,"covered":2,"skipped":0,"pct":100},"statements":{"total":9,"covered":8,"skipped":0,"pct":88.88},"branches":{"total":6,"covered":5,"skipped":0,"pct":83.33}}
,"C:\\New folder\\JobCardOnline\\resources\\js\\composables\\useNumberFormat.ts": {"lines":{"total":26,"covered":24,"skipped":0,"pct":92.3},"functions":{"total":7,"covered":7,"skipped":0,"pct":100},"statements":{"total":26,"covered":24,"skipped":0,"pct":92.3},"branches":{"total":24,"covered":17,"skipped":0,"pct":70.83}}
,"C:\\New folder\\JobCardOnline\\resources\\js\\composables\\usePermissionError.ts": {"lines":{"total":15,"covered":15,"skipped":0,"pct":100},"functions":{"total":5,"covered":5,"skipped":0,"pct":100},"statements":{"total":15,"covered":15,"skipped":0,"pct":100},"branches":{"total":4,"covered":4,"skipped":0,"pct":100}}
,"C:\\New folder\\JobCardOnline\\resources\\js\\composables\\useRecentlyViewed.ts": {"lines":{"total":76,"covered":40,"skipped":0,"pct":52.63},"functions":{"total":33,"covered":12,"skipped":0,"pct":36.36},"statements":{"total":78,"covered":42,"skipped":0,"pct":53.84},"branches":{"total":36,"covered":15,"skipped":0,"pct":41.66}}
,"C:\\New folder\\JobCardOnline\\resources\\js\\composables\\useSafeExternalUrl.ts": {"lines":{"total":9,"covered":8,"skipped":0,"pct":88.88},"functions":{"total":1,"covered":1,"skipped":0,"pct":100},"statements":{"total":9,"covered":8,"skipped":0,"pct":88.88},"branches":{"total":6,"covered":6,"skipped":0,"pct":100}}
,"C:\\New folder\\JobCardOnline\\resources\\js\\composables\\useTwoFactorAuth.ts": {"lines":{"total":35,"covered":0,"skipped":0,"pct":0},"functions":{"total":9,"covered":0,"skipped":0,"pct":0},"statements":{"total":35,"covered":0,"skipped":0,"pct":0},"branches":{"total":4,"covered":0,"skipped":0,"pct":0}}
,"C:\\New folder\\JobCardOnline\\resources\\js\\layouts\\AppLayout.vue": {"lines":{"total":2,"covered":0,"skipped":0,"pct":0},"functions":{"total":1,"covered":0,"skipped":0,"pct":0},"statements":{"total":2,"covered":0,"skipped":0,"pct":0},"branches":{"total":0,"covered":0,"skipped":0,"pct":100}}
,"C:\\New folder\\JobCardOnline\\resources\\js\\layouts\\AuthLayout.vue": {"lines":{"total":2,"covered":0,"skipped":0,"pct":0},"functions":{"total":1,"covered":0,"skipped":0,"pct":0},"statements":{"total":2,"covered":0,"skipped":0,"pct":0},"branches":{"total":0,"covered":0,"skipped":0,"pct":100}}
,"C:\\New folder\\JobCardOnline\\resources\\js\\layouts\\app\\AppHeaderLayout.vue": {"lines":{"total":3,"covered":0,"skipped":0,"pct":0},"functions":{"total":2,"covered":0,"skipped":0,"pct":0},"statements":{"total":3,"covered":0,"skipped":0,"pct":0},"branches":{"total":0,"covered":0,"skipped":0,"pct":100}}
,"C:\\New folder\\JobCardOnline\\resources\\js\\layouts\\app\\AppSidebarLayout.vue": {"lines":{"total":20,"covered":0,"skipped":0,"pct":0},"functions":{"total":6,"covered":0,"skipped":0,"pct":0},"statements":{"total":20,"covered":0,"skipped":0,"pct":0},"branches":{"total":9,"covered":0,"skipped":0,"pct":0}}
[...]
,"C:\\New folder\\JobCardOnline\\resources\\js\\pages\\invoices\\Index.vue": {"lines":{"total":161,"covered":0,"skipped":0,"pct":0},"functions":{"total":52,"covered":0,"skipped":0,"pct":0},"statements":{"total":163,"covered":0,"skipped":0,"pct":0},"branches":{"total":191,"covered":0,"skipped":0,"pct":0}}
,"C:\\New folder\\JobCardOnline\\resources\\js\\pages\\invoices\\Pos.vue": {"lines":{"total":227,"covered":0,"skipped":0,"pct":0},"functions":{"total":80,"covered":0,"skipped":0,"pct":0},"statements":{"total":254,"covered":0,"skipped":0,"pct":0},"branches":{"total":232,"covered":0,"skipped":0,"pct":0}}
,"C:\\New folder\\JobCardOnline\\resources\\js\\pages\\invoices\\Show.vue": {"lines":{"total":325,"covered":0,"skipped":0,"pct":0},"functions":{"total":89,"covered":0,"skipped":0,"pct":0},"statements":{"total":348,"covered":0,"skipped":0,"pct":0},"branches":{"total":459,"covered":0,"skipped":0,"pct":0}}
,"C:\\New folder\\JobCardOnline\\resources\\js\\pages\\jobcards\\Create.vue": {"lines":{"total":474,"covered":0,"skipped":0,"pct":0},"functions":{"total":153,"covered":0,"skipped":0,"pct":0},"statements":{"total":518,"covered":0,"skipped":0,"pct":0},"branches":{"total":553,"covered":0,"skipped":0,"pct":0}}
,"C:\\New folder\\JobCardOnline\\resources\\js\\pages\\jobcards\\Edit.vue": {"lines":{"total":452,"covered":0,"skipped":0,"pct":0},"functions":{"total":154,"covered":0,"skipped":0,"pct":0},"statements":{"total":495,"covered":0,"skipped":0,"pct":0},"branches":{"total":505,"covered":0,"skipped":0,"pct":0}}
,"C:\\New folder\\JobCardOnline\\resources\\js\\pages\\jobcards\\Index.vue": {"lines":{"total":187,"covered":0,"skipped":0,"pct":0},"functions":{"total":60,"covered":0,"skipped":0,"pct":0},"statements":{"total":210,"covered":0,"skipped":0,"pct":0},"branches":{"total":254,"covered":0,"skipped":0,"pct":0}}
,"C:\\New folder\\JobCardOnline\\resources\\js\\pages\\jobcards\\Print.vue": {"lines":{"total":27,"covered":0,"skipped":0,"pct":0},"functions":{"total":5,"covered":0,"skipped":0,"pct":0},"statements":{"total":29,"covered":0,"skipped":0,"pct":0},"branches":{"total":64,"covered":0,"skipped":0,"pct":0}}
,"C:\\New folder\\JobCardOnline\\resources\\js\\pages\\jobcards\\Show.vue": {"lines":{"total":328,"covered":0,"skipped":0,"pct":0},"functions":{"total":85,"covered":0,"skipped":0,"pct":0},"statements":{"total":359,"covered":0,"skipped":0,"pct":0},"branches":{"total":483,"covered":0,"skipped":0,"pct":0}}
,"C:\\New folder\\JobCardOnline\\resources\\js\\pages\\licenses\\Create.vue": {"lines":{"total":20,"covered":0,"skipped":0,"pct":0},"functions":{"total":12,"covered":0,"skipped":0,"pct":0},"statements":{"total":20,"covered":0,"skipped":0,"pct":0},"branches":{"total":62,"covered":0,"skipped":0,"pct":0}}
,"C:\\New folder\\JobCardOnline\\resources\\js\\pages\\licenses\\Edit.vue": {"lines":{"total":30,"covered":0,"skipped":0,"pct":0},"functions":{"total":14,"covered":0,"skipped":0,"pct":0},"statements":{"total":30,"covered":0,"skipped":0,"pct":0},"branches":{"total":76,"covered":0,"skipped":0,"pct":0}}
,"C:\\New folder\\JobCardOnline\\resources\\js\\pages\\licenses\\Index.vue": {"lines":{"total":77,"covered":0,"skipped":0,"pct":0},"functions":{"total":29,"covered":0,"skipped":0,"pct":0},"statements":{"total":87,"covered":0,"skipped":0,"pct":0},"branches":{"total":88,"covered":0,"skipped":0,"pct":0}}
,"C:\\New folder\\JobCardOnline\\resources\\js\\pages\\licenses\\Show.vue": {"lines":{"total":106,"covered":0,"skipped":0,"pct":0},"functions":{"total":39,"covered":0,"skipped":0,"pct":0},"statements":{"total":115,"covered":0,"skipped":0,"pct":0},"branches":{"total":171,"covered":0,"skipped":0,"pct":0}}
,"C:\\New folder\\JobCardOnline\\resources\\js\\pages\\notes\\Index.vue": {"lines":{"total":3,"covered":0,"skipped":0,"pct":0},"functions":{"total":1,"covered":0,"skipped":0,"pct":0},"statements":{"total":3,"covered":0,"skipped":0,"pct":0},"branches":{"total":0,"covered":0,"skipped":0,"pct":100}}
,"C:\\New folder\\JobCardOnline\\resources\\js\\pages\\products\\Create.vue": {"lines":{"total":76,"covered":0,"skipped":0,"pct":0},"functions":{"total":39,"covered":0,"skipped":0,"pct":0},"statements":{"total":78,"covered":0,"skipped":0,"pct":0},"branches":{"total":193,"covered":0,"skipped":0,"pct":0}}
,"C:\\New folder\\JobCardOnline\\resources\\js\\pages\\products\\Edit.vue": {"lines":{"total":78,"covered":0,"skipped":0,"pct":0},"functions":{"total":39,"covered":0,"skipped":0,"pct":0},"statements":{"total":80,"covered":0,"skipped":0,"pct":0},"branches":{"total":219,"covered":0,"skipped":0,"pct":0}}
,"C:\\New folder\\JobCardOnline\\resources\\js\\pages\\products\\Index.vue": {"lines":{"total":144,"covered":0,"skipped":0,"pct":0},"functions":{"total":48,"covered":0,"skipped":0,"pct":0},"statements":{"total":151,"covered":0,"skipped":0,"pct":0},"branches":{"total":207,"covered":0,"skipped":0,"pct":0}}
,"C:\\New folder\\JobCardOnline\\resources\\js\\pages\\products\\Show.vue": {"lines":{"total":101,"covered":0,"skipped":0,"pct":0},"functions":{"total":21,"covered":0,"skipped":0,"pct":0},"statements":{"total":104,"covered":0,"skipped":0,"pct":0},"branches":{"total":154,"covered":0,"skipped":0,"pct":0}}
,"C:\\New folder\\JobCardOnline\\resources\\js\\pages\\products\\batches\\Create.vue": {"lines":{"total":21,"covered":0,"skipped":0,"pct":0},"functions":{"total":10,"covered":0,"skipped":0,"pct":0},"statements":{"total":21,"covered":0,"skipped":0,"pct":0},"branches":{"total":50,"covered":0,"skipped":0,"pct":0}}
,"C:\\New folder\\JobCardOnline\\resources\\js\\pages\\products\\batches\\Edit.vue": {"lines":{"total":21,"covered":0,"skipped":0,"pct":0},"functions":{"total":10,"covered":0,"skipped":0,"pct":0},"statements":{"total":21,"covered":0,"skipped":0,"pct":0},"branches":{"total":54,"covered":0,"skipped":0,"pct":0}}
,"C:\\New folder\\JobCardOnline\\resources\\js\\pages\\products\\batches\\Index.vue": {"lines":{"total":38,"covered":0,"skipped":0,"pct":0},"functions":{"total":11,"covered":0,"skipped":0,"pct":0},"statements":{"total":40,"covered":0,"skipped":0,"pct":0},"branches":{"total":45,"covered":0,"skipped":0,"pct":0}}
,"C:\\New folder\\JobCardOnline\\resources\\js\\pages\\products\\batches\\Show.vue": {"lines":{"total":31,"covered":0,"skipped":0,"pct":0},"functions":{"total":6,"covered":0,"skipped":0,"pct":0},"statements":{"total":33,"covered":0,"skipped":0,"pct":0},"branches":{"total":55,"covered":0,"skipped":0,"pct":0}}
,"C:\\New folder\\JobCardOnline\\resources\\js\\pages\\products\\serial-numbers\\Create.vue": {"lines":{"total":33,"covered":0,"skipped":0,"pct":0},"functions":{"total":13,"covered":0,"skipped":0,"pct":0},"statements":{"total":33,"covered":0,"skipped":0,"pct":0},"branches":{"total":48,"covered":0,"skipped":0,"pct":0}}
,"C:\\New folder\\JobCardOnline\\resources\\js\\pages\\products\\serial-numbers\\Index.vue": {"lines":{"total":28,"covered":0,"skipped":0,"pct":0},"functions":{"total":8,"covered":0,"skipped":0,"pct":0},"statements":{"total":28,"covered":0,"skipped":0,"pct":0},"branches":{"total":24,"covered":0,"skipped":0,"pct":0}}
,"C:\\New folder\\JobCardOnline\\resources\\js\\pages\\products\\serial-numbers\\Show.vue": {"lines":{"total":25,"covered":0,"skipped":0,"pct":0},"functions":{"total":7,"covered":0,"skipped":0,"pct":0},"statements":{"total":25,"covered":0,"skipped":0,"pct":0},"branches":{"total":40,"covered":0,"skipped":0,"pct":0}}
,"C:\\New folder\\JobCardOnline\\resources\\js\\pages\\purchase-orders\\Create.vue": {"lines":{"total":275,"covered":0,"skipped":0,"pct":0},"functions":{"total":105,"covered":0,"skipped":0,"pct":0},"statements":{"total":296,"covered":0,"skipped":0,"pct":0},"branches":{"total":283,"covered":0,"skipped":0,"pct":0}}
,"C:\\New folder\\JobCardOnline\\resources\\js\\pages\\purchase-orders\\Edit.vue": {"lines":{"total":275,"covered":0,"skipped":0,"pct":0},"functions":{"total":106,"covered":0,"skipped":0,"pct":0},"statements":{"total":297,"covered":0,"skipped":0,"pct":0},"branches":{"total":267,"covered":0,"skipped":0,"pct":0}}
,"C:\\New folder\\JobCardOnline\\resources\\js\\pages\\purchase-orders\\Index.vue": {"lines":{"total":112,"covered":0,"skipped":0,"pct":0},"functions":{"total":35,"covered":0,"skipped":0,"pct":0},"statements":{"total":118,"covered":0,"skipped":0,"pct":0},"branches":{"total":140,"covered":0,"skipped":0,"pct":0}}
,"C:\\New folder\\JobCardOnline\\resources\\js\\pages\\purchase-orders\\Show.vue": {"lines":{"total":191,"covered":0,"skipped":0,"pct":0},"functions":{"total":80,"covered":0,"skipped":0,"pct":0},"statements":{"total":204,"covered":0,"skipped":0,"pct":0},"branches":{"total":293,"covered":0,"skipped":0,"pct":0}}
,"C:\\New folder\\JobCardOnline\\resources\\js\\pages\\quotes\\Create.vue": {"lines":{"total":432,"covered":0,"skipped":0,"pct":0},"functions":{"total":147,"covered":0,"skipped":0,"pct":0},"statements":{"total":463,"covered":0,"skipped":0,"pct":0},"branches":{"total":506,"covered":0,"skipped":0,"pct":0}}
,"C:\\New folder\\JobCardOnline\\resources\\js\\pages\\quotes\\Edit.vue": {"lines":{"total":410,"covered":0,"skipped":0,"pct":0},"functions":{"total":147,"covered":0,"skipped":0,"pct":0},"statements":{"total":446,"covered":0,"skipped":0,"pct":0},"branches":{"total":476,"covered":0,"skipped":0,"pct":0}}
,"C:\\New folder\\JobCardOnline\\resources\\js\\pages\\quotes\\Index.vue": {"lines":{"total":124,"covered":0,"skipped":0,"pct":0},"functions":{"total":38,"covered":0,"skipped":0,"pct":0},"statements":{"total":129,"covered":0,"skipped":0,"pct":0},"branches":{"total":138,"covered":0,"skipped":0,"pct":0}}
,"C:\\New folder\\JobCardOnline\\resources\\js\\pages\\quotes\\Show.vue": {"lines":{"total":306,"covered":0,"skipped":0,"pct":0},"functions":{"total":83,"covered":0,"skipped":0,"pct":0},"statements":{"total":335,"covered":0,"skipped":0,"pct":0},"branches":{"total":387,"covered":0,"skipped":0,"pct":0}}
,"C:\\New folder\\JobCardOnline\\resources\\js\\pages\\registered-users\\Index.vue": {"lines":{"total":16,"covered":0,"skipped":0,"pct":0},"functions":{"total":4,"covered":0,"skipped":0,"pct":0},"statements":{"total":16,"covered":0,"skipped":0,"pct":0},"branches":{"total":13,"covered":0,"skipped":0,"pct":0}}
,"C:\\New folder\\JobCardOnline\\resources\\js\\pages\\registered-users\\pending\\Index.vue": {"lines":{"total":47,"covered":0,"skipped":0,"pct":0},"functions":{"total":14,"covered":0,"skipped":0,"pct":0},"statements":{"total":48,"covered":0,"skipped":0,"pct":0},"branches":{"total":53,"covered":0,"skipped":0,"pct":0}}
,"C:\\New folder\\JobCardOnline\\resources\\js\\pages\\registered-users\\pending\\Show.vue": {"lines":{"total":20,"covered":0,"skipped":0,"pct":0},"functions":{"total":5,"covered":0,"skipped":0,"pct":0},"statements":{"total":20,"covered":0,"skipped":0,"pct":0},"branches":{"total":23,"covered":0,"skipped":0,"pct":0}}
,"C:\\New folder\\JobCardOnline\\resources\\js\\pages\\registered-users\\registered\\Index.vue": {"lines":{"total":60,"covered":0,"skipped":0,"pct":0},"functions":{"total":20,"covered":0,"skipped":0,"pct":0},"statements":{"total":63,"covered":0,"skipped":0,"pct":0},"branches":{"total":83,"covered":0,"skipped":0,"pct":0}}
,"C:\\New folder\\JobCardOnline\\resources\\js\\pages\\registered-users\\registered\\Show.vue": {"lines":{"total":31,"covered":0,"skipped":0,"pct":0},"functions":{"total":8,"covered":0,"skipped":0,"pct":0},"statements":{"total":34,"covered":0,"skipped":0,"pct":0},"branches":{"total":42,"covered":0,"skipped":0,"pct":0}}
,"C:\\New folder\\JobCardOnline\\resources\\js\\pages\\registered-users\\update-requests\\Index.vue": {"lines":{"total":59,"covered":0,"skipped":0,"pct":0},"functions":{"total":16,"covered":0,"skipped":0,"pct":0},"statements":{"total":66,"covered":0,"skipped":0,"pct":0},"branches":{"total":71,"covered":0,"skipped":0,"pct":0}}
,"C:\\New folder\\JobCardOnline\\resources\\js\\pages\\registered-users\\update-requests\\Show.vue": {"lines":{"total":47,"covered":0,"skipped":0,"pct":0},"functions":{"total":11,"covered":0,"skipped":0,"pct":0},"statements":{"total":56,"covered":0,"skipped":0,"pct":0},"branches":{"total":69,"covered":0,"skipped":0,"pct":0}}
,"C:\\New folder\\JobCardOnline\\resources\\js\\pages\\reports\\Create.vue": {"lines":{"total":150,"covered":0,"skipped":0,"pct":0},"functions":{"total":64,"covered":0,"skipped":0,"pct":0},"statements":{"total":169,"covered":0,"skipped":0,"pct":0},"branches":{"total":132,"covered":0,"skipped":0,"pct":0}}
,"C:\\New folder\\JobCardOnline\\resources\\js\\pages\\reports\\Edit.vue": {"lines":{"total":44,"covered":0,"skipped":0,"pct":0},"functions":{"total":19,"covered":0,"skipped":0,"pct":0},"statements":{"total":48,"covered":0,"skipped":0,"pct":0},"branches":{"total":52,"covered":0,"skipped":0,"pct":0}}
,"C:\\New folder\\JobCardOnline\\resources\\js\\pages\\reports\\EditTemplate.vue": {"lines":{"total":148,"covered":0,"skipped":0,"pct":0},"functions":{"total":63,"covered":0,"skipped":0,"pct":0},"statements":{"total":164,"covered":0,"skipped":0,"pct":0},"branches":{"total":136,"covered":0,"skipped":0,"pct":0}}
,"C:\\New folder\\JobCardOnline\\resources\\js\\pages\\reports\\Index.vue": {"lines":{"total":64,"covered":0,"skipped":0,"pct":0},"functions":{"total":24,"covered":0,"skipped":0,"pct":0},"statements":{"total":64,"covered":0,"skipped":0,"pct":0},"branches":{"total":42,"covered":0,"skipped":0,"pct":0}}
,"C:\\New folder\\JobCardOnline\\resources\\js\\pages\\reports\\JobcardDetail.vue": {"lines":{"total":187,"covered":0,"skipped":0,"pct":0},"functions":{"total":45,"covered":0,"skipped":0,"pct":0},"statements":{"total":211,"covered":0,"skipped":0,"pct":0},"branches":{"total":284,"covered":0,"skipped":0,"pct":0}}
,"C:\\New folder\\JobCardOnline\\resources\\js\\pages\\reports\\Show.vue": {"lines":{"total":228,"covered":0,"skipped":0,"pct":0},"functions":{"total":57,"covered":0,"skipped":0,"pct":0},"statements":{"total":241,"covered":0,"skipped":0,"pct":0},"branches":{"total":279,"covered":0,"skipped":0,"pct":0}}
,"C:\\New folder\\JobCardOnline\\resources\\js\\pages\\settings\\Appearance.vue": {"lines":{"total":5,"covered":0,"skipped":0,"pct":0},"functions":{"total":2,"covered":0,"skipped":0,"pct":0},"statements":{"total":5,"covered":0,"skipped":0,"pct":0},"branches":{"total":0,"covered":0,"skipped":0,"pct":100}}
,"C:\\New folder\\JobCardOnline\\resources\\js\\pages\\settings\\Password.vue": {"lines":{"total":18,"covered":0,"skipped":0,"pct":0},"functions":{"total":8,"covered":0,"skipped":0,"pct":0},"statements":{"total":18,"covered":0,"skipped":0,"pct":0},"branches":{"total":8,"covered":0,"skipped":0,"pct":0}}
,"C:\\New folder\\JobCardOnline\\resources\\js\\pages\\settings\\Profile.vue": {"lines":{"total":18,"covered":0,"skipped":0,"pct":0},"functions":{"total":8,"covered":0,"skipped":0,"pct":0},"statements":{"total":18,"covered":0,"skipped":0,"pct":0},"branches":{"total":15,"covered":0,"skipped":0,"pct":0}}
,"C:\\New folder\\JobCardOnline\\resources\\js\\pages\\settings\\TwoFactor.vue": {"lines":{"total":20,"covered":0,"skipped":0,"pct":0},"functions":{"total":13,"covered":0,"skipped":0,"pct":0},"statements":{"total":20,"covered":0,"skipped":0,"pct":0},"branches":{"total":24,"covered":0,"skipped":0,"pct":0}}
,"C:\\New folder\\JobCardOnline\\resources\\js\\pages\\stock-movements\\Create.vue": {"lines":{"total":37,"covered":0,"skipped":0,"pct":0},"functions":{"total":23,"covered":0,"skipped":0,"pct":0},"statements":{"total":43,"covered":0,"skipped":0,"pct":0},"branches":{"total":89,"covered":0,"skipped":0,"pct":0}}
,"C:\\New folder\\JobCardOnline\\resources\\js\\pages\\stock-movements\\Index.vue": {"lines":{"total":73,"covered":0,"skipped":0,"pct":0},"functions":{"total":27,"covered":0,"skipped":0,"pct":0},"statements":{"total":86,"covered":0,"skipped":0,"pct":0},"branches":{"total":126,"covered":0,"skipped":0,"pct":0}}
,"C:\\New folder\\JobCardOnline\\resources\\js\\pages\\stock-movements\\Show.vue": {"lines":{"total":72,"covered":0,"skipped":0,"pct":0},"functions":{"total":15,"covered":0,"skipped":0,"pct":0},"statements":{"total":78,"covered":0,"skipped":0,"pct":0},"branches":{"total":105,"covered":0,"skipped":0,"pct":0}}
,"C:\\New folder\\JobCardOnline\\resources\\js\\pages\\suppliers\\Create.vue": {"lines":{"total":26,"covered":0,"skipped":0,"pct":0},"functions":{"total":15,"covered":0,"skipped":0,"pct":0},"statements":{"total":26,"covered":0,"skipped":0,"pct":0},"branches":{"total":64,"covered":0,"skipped":0,"pct":0}}
,"C:\\New folder\\JobCardOnline\\resources\\js\\pages\\suppliers\\Edit.vue": {"lines":{"total":39,"covered":0,"skipped":0,"pct":0},"functions":{"total":16,"covered":0,"skipped":0,"pct":0},"statements":{"total":39,"covered":0,"skipped":0,"pct":0},"branches":{"total":86,"covered":0,"skipped":0,"pct":0}}
,"C:\\New folder\\JobCardOnline\\resources\\js\\pages\\suppliers\\Index.vue": {"lines":{"total":80,"covered":0,"skipped":0,"pct":0},"functions":{"total":30,"covered":0,"skipped":0,"pct":0},"statements":{"total":95,"covered":0,"skipped":0,"pct":0},"branches":{"total":108,"covered":0,"skipped":0,"pct":0}}
,"C:\\New folder\\JobCardOnline\\resources\\js\\pages\\suppliers\\Show.vue": {"lines":{"total":38,"covered":0,"skipped":0,"pct":0},"functions":{"total":7,"covered":0,"skipped":0,"pct":0},"statements":{"total":38,"covered":0,"skipped":0,"pct":0},"branches":{"total":75,"covered":0,"skipped":0,"pct":0}}
,"C:\\New folder\\JobCardOnline\\resources\\js\\pages\\time-entries\\Index.vue": {"lines":{"total":49,"covered":0,"skipped":0,"pct":0},"functions":{"total":18,"covered":0,"skipped":0,"pct":0},"statements":{"total":51,"covered":0,"skipped":0,"pct":0},"branches":{"total":89,"covered":0,"skipped":0,"pct":0}}
,"C:\\New folder\\JobCardOnline\\resources\\js\\pages\\users\\Create.vue": {"lines":{"total":23,"covered":0,"skipped":0,"pct":0},"functions":{"total":12,"covered":0,"skipped":0,"pct":0},"statements":{"total":23,"covered":0,"skipped":0,"pct":0},"branches":{"total":53,"covered":0,"skipped":0,"pct":0}}
,"C:\\New folder\\JobCardOnline\\resources\\js\\pages\\users\\Edit.vue": {"lines":{"total":25,"covered":0,"skipped":0,"pct":0},"functions":{"total":14,"covered":0,"skipped":0,"pct":0},"statements":{"total":25,"covered":0,"skipped":0,"pct":0},"branches":{"total":63,"covered":0,"skipped":0,"pct":0}}
,"C:\\New folder\\JobCardOnline\\resources\\js\\pages\\users\\Index.vue": {"lines":{"total":25,"covered":0,"skipped":0,"pct":0},"functions":{"total":11,"covered":0,"skipped":0,"pct":0},"statements":{"total":25,"covered":0,"skipped":0,"pct":0},"branches":{"total":22,"covered":0,"skipped":0,"pct":0}}
,"C:\\New folder\\JobCardOnline\\resources\\js\\pages\\users\\Show.vue": {"lines":{"total":15,"covered":0,"skipped":0,"pct":0},"functions":{"total":5,"covered":0,"skipped":0,"pct":0},"statements":{"total":15,"covered":0,"skipped":0,"pct":0},"branches":{"total":21,"covered":0,"skipped":0,"pct":0}}
,"C:\\New folder\\JobCardOnline\\resources\\js\\types\\customers.ts": {"lines":{"total":0,"covered":0,"skipped":0,"pct":100},"functions":{"total":0,"covered":0,"skipped":0,"pct":100},"statements":{"total":0,"covered":0,"skipped":0,"pct":100},"branches":{"total":0,"covered":0,"skipped":0,"pct":100}}
,"C:\\New folder\\JobCardOnline\\resources\\js\\types\\documents.ts": {"lines":{"total":0,"covered":0,"skipped":0,"pct":100},"functions":{"total":0,"covered":0,"skipped":0,"pct":100},"statements":{"total":0,"covered":0,"skipped":0,"pct":100},"branches":{"total":0,"covered":0,"skipped":0,"pct":100}}
,"C:\\New folder\\JobCardOnline\\resources\\js\\utils\\permissions.ts": {"lines":{"total":13,"covered":0,"skipped":0,"pct":0},"functions":{"total":3,"covered":0,"skipped":0,"pct":0},"statements":{"total":13,"covered":0,"skipped":0,"pct":0},"branches":{"total":6,"covered":0,"skipped":0,"pct":0}}
,"C:\\New folder\\JobCardOnline\\resources\\js\\wayfinder\\index.ts": {"lines":{"total":50,"covered":0,"skipped":0,"pct":0},"functions":{"total":9,"covered":0,"skipped":0,"pct":0},"statements":{"total":52,"covered":0,"skipped":0,"pct":0},"branches":{"total":41,"covered":0,"skipped":0,"pct":0}}
}
