TN:
SF:resources\js\app.ts
FN:23,inputDateFormatHint
FN:37,inputTimeFormatHint
FN:41,resolveFlatpickrDateAltFormat
FN:55,resolveFlatpickrTimeAltFormat
FN:59,createFlatpickrForInput
FN:86,(anonymous_5)
FN:90,(anonymous_6)
FN:97,applyDateInputLocalization
FN:101,(anonymous_8)
FN:105,(anonymous_9)
FN:111,scheduleDateInputLocalization
FN:115,(anonymous_11)
FN:120,patchDateLocalization
FN:123,(anonymous_13)
FN:130,(anonymous_14)
FN:140,refreshLocalizedDateInputs
FN:142,(anonymous_16)
FN:143,(anonymous_17)
FN:147,(anonymous_18)
FN:148,(anonymous_19)
FN:151,(anonymous_20)
FN:153,(anonymous_21)
FN:159,(anonymous_22)
FN:169,(anonymous_23)
FN:181,(anonymous_24)
FN:189,(anonymous_25)
FN:214,(anonymous_26)
FNF:27
FNH:0
FNDA:0,inputDateFormatHint
FNDA:0,inputTimeFormatHint
FNDA:0,resolveFlatpickrDateAltFormat
FNDA:0,resolveFlatpickrTimeAltFormat
FNDA:0,createFlatpickrForInput
FNDA:0,(anonymous_5)
FNDA:0,(anonymous_6)
FNDA:0,applyDateInputLocalization
FNDA:0,(anonymous_8)
FNDA:0,(anonymous_9)
FNDA:0,scheduleDateInputLocalization
FNDA:0,(anonymous_11)
FNDA:0,patchDateLocalization
FNDA:0,(anonymous_13)
FNDA:0,(anonymous_14)
FNDA:0,refreshLocalizedDateInputs
FNDA:0,(anonymous_16)
FNDA:0,(anonymous_17)
FNDA:0,(anonymous_18)
FNDA:0,(anonymous_19)
FNDA:0,(anonymous_20)
FNDA:0,(anonymous_21)
FNDA:0,(anonymous_22)
FNDA:0,(anonymous_23)
FNDA:0,(anonymous_24)
FNDA:0,(anonymous_25)
FNDA:0,(anonymous_26)
DA:16,0
DA:18,0
DA:20,0
DA:21,0
DA:24,0
DA:26,0
DA:28,0
DA:30,0
DA:33,0
DA:38,0
DA:42,0
DA:44,0
DA:46,0
DA:48,0
DA:51,0
DA:56,0
DA:64,0
DA:65,0
DA:68,0
DA:69,0
DA:70,0
DA:71,0
DA:73,0
DA:74,0
DA:87,0
DA:88,0
DA:91,0
DA:92,0
DA:98,0
DA:100,0
DA:101,0
DA:102,0
DA:103,0
DA:105,0
DA:106,0
DA:107,0
DA:112,0
DA:113,0
DA:115,0
DA:116,0
DA:121,0
DA:123,0
DA:124,0
DA:125,0
DA:127,0
DA:128,0
DA:130,0
DA:131,0
DA:141,0
DA:142,0
DA:143,0
DA:146,0
DA:147,0
DA:148,0
DA:151,0
DA:154,0
DA:155,0
DA:156,0
DA:157,0
DA:159,0
DA:160,0
DA:161,0
DA:162,0
DA:163,0
DA:166,0
DA:167,0
DA:169,0
DA:170,0
DA:174,0
DA:181,0
DA:182,0
DA:183,0
DA:184,0
DA:185,0
DA:188,0
DA:189,0
DA:211,0
DA:214,0
DA:215,0
DA:217,0
DA:220,0
DA:221,0
DA:223,0
LF:83
LH:0
BRDA:16,0,0,0
BRDA:16,0,1,0
BRDA:24,1,0,0
BRDA:24,1,1,0
BRDA:24,1,2,0
BRDA:24,1,3,0
BRDA:24,1,4,0
BRDA:38,2,0,0
BRDA:38,2,1,0
BRDA:42,3,0,0
BRDA:42,3,1,0
BRDA:42,3,2,0
BRDA:42,3,3,0
BRDA:42,3,4,0
BRDA:56,4,0,0
BRDA:56,4,1,0
BRDA:64,5,0,0
BRDA:64,5,1,0
BRDA:73,6,0,0
BRDA:73,6,1,0
BRDA:77,7,0,0
BRDA:77,7,1,0
BRDA:78,8,0,0
BRDA:78,8,1,0
BRDA:112,9,0,0
BRDA:112,9,1,0
BRDA:124,10,0,0
BRDA:124,10,1,0
BRDA:128,11,0,0
BRDA:128,11,1,0
BRDA:134,12,0,0
BRDA:134,12,1,0
BRDA:147,13,0,0
BRDA:147,13,1,0
BRDA:154,14,0,0
BRDA:154,14,1,0
BRDA:161,15,0,0
BRDA:161,15,1,0
BRDA:162,16,0,0
BRDA:162,16,1,0
BRDA:162,17,0,0
BRDA:162,17,1,0
BRDA:166,18,0,0
BRDA:166,18,1,0
BRDA:182,19,0,0
BRDA:182,19,1,0
BRDA:220,20,0,0
BRDA:220,20,1,0
BRF:48
BRH:0
end_of_record
TN:
SF:resources\js\ssr.ts
FN:13,(anonymous_0)
FN:17,(anonymous_1)
FN:18,(anonymous_2)
FN:21,(anonymous_3)
FN:23,(anonymous_4)
FN:25,(anonymous_5)
FNF:6
FNH:0
FNDA:0,(anonymous_0)
FNDA:0,(anonymous_1)
FNDA:0,(anonymous_2)
FNDA:0,(anonymous_3)
FNDA:0,(anonymous_4)
FNDA:0,(anonymous_5)
DA:10,0
DA:12,0
DA:13,0
DA:17,0
DA:18,0
DA:21,0
DA:23,0
DA:25,0
LF:8
LH:0
BRDA:10,0,0,0
BRDA:10,0,1,0
BRDA:17,1,0,0
BRDA:17,1,1,0
BRF:4
BRH:0
end_of_record
TN:
SF:resources\js\actions\App\index.ts
FNF:0
FNH:0
DA:2,0
LF:1
LH:0
BRF:0
BRH:0
end_of_record
TN:
SF:resources\js\actions\App\Http\index.ts
FNF:0
FNH:0
DA:2,0
LF:1
LH:0
BRF:0
BRH:0
end_of_record
TN:
SF:resources\js\actions\App\Http\Controllers\AdministrationController.ts
FN:7,(anonymous_0)
FN:22,(anonymous_1)
FN:31,(anonymous_2)
FN:40,(anonymous_3)
FN:50,(anonymous_4)
FN:60,(anonymous_5)
FN:69,(anonymous_6)
FN:85,(anonymous_7)
FN:100,(anonymous_8)
FN:109,(anonymous_9)
FN:118,(anonymous_10)
FN:128,(anonymous_11)
FN:138,(anonymous_12)
FN:147,(anonymous_13)
FN:163,(anonymous_14)
FN:178,(anonymous_15)
FN:187,(anonymous_16)
FN:197,(anonymous_17)
FN:207,(anonymous_18)
FN:218,(anonymous_19)
FN:233,(anonymous_20)
FN:242,(anonymous_21)
FN:251,(anonymous_22)
FN:261,(anonymous_23)
FN:271,(anonymous_24)
FN:280,(anonymous_25)
FN:296,(anonymous_26)
FN:311,(anonymous_27)
FN:320,(anonymous_28)
FN:330,(anonymous_29)
FN:345,(anonymous_30)
FN:361,(anonymous_31)
FN:376,(anonymous_32)
FN:385,(anonymous_33)
FN:394,(anonymous_34)
FN:404,(anonymous_35)
FN:414,(anonymous_36)
FN:423,(anonymous_37)
FN:439,(anonymous_38)
FN:454,(anonymous_39)
FN:463,(anonymous_40)
FN:473,(anonymous_41)
FN:488,(anonymous_42)
FN:504,(anonymous_43)
FN:519,(anonymous_44)
FN:528,(anonymous_45)
FN:537,(anonymous_46)
FN:547,(anonymous_47)
FN:557,(anonymous_48)
FN:566,(anonymous_49)
FN:582,(anonymous_50)
FN:597,(anonymous_51)
FN:606,(anonymous_52)
FN:616,(anonymous_53)
FN:631,(anonymous_54)
FN:647,(anonymous_55)
FN:662,(anonymous_56)
FN:671,(anonymous_57)
FN:681,(anonymous_58)
FN:691,(anonymous_59)
FN:702,(anonymous_60)
FN:717,(anonymous_61)
FN:726,(anonymous_62)
FN:735,(anonymous_63)
FN:745,(anonymous_64)
FN:755,(anonymous_65)
FN:764,(anonymous_66)
FN:780,(anonymous_67)
FN:795,(anonymous_68)
FN:804,(anonymous_69)
FN:814,(anonymous_70)
FN:829,(anonymous_71)
FNF:72
FNH:0
FNDA:0,(anonymous_0)
FNDA:0,(anonymous_1)
FNDA:0,(anonymous_2)
FNDA:0,(anonymous_3)
FNDA:0,(anonymous_4)
FNDA:0,(anonymous_5)
FNDA:0,(anonymous_6)
FNDA:0,(anonymous_7)
FNDA:0,(anonymous_8)
FNDA:0,(anonymous_9)
FNDA:0,(anonymous_10)
FNDA:0,(anonymous_11)
FNDA:0,(anonymous_12)
FNDA:0,(anonymous_13)
FNDA:0,(anonymous_14)
FNDA:0,(anonymous_15)
FNDA:0,(anonymous_16)
FNDA:0,(anonymous_17)
FNDA:0,(anonymous_18)
FNDA:0,(anonymous_19)
FNDA:0,(anonymous_20)
FNDA:0,(anonymous_21)
FNDA:0,(anonymous_22)
FNDA:0,(anonymous_23)
FNDA:0,(anonymous_24)
FNDA:0,(anonymous_25)
FNDA:0,(anonymous_26)
FNDA:0,(anonymous_27)
FNDA:0,(anonymous_28)
FNDA:0,(anonymous_29)
FNDA:0,(anonymous_30)
FNDA:0,(anonymous_31)
FNDA:0,(anonymous_32)
FNDA:0,(anonymous_33)
FNDA:0,(anonymous_34)
FNDA:0,(anonymous_35)
FNDA:0,(anonymous_36)
FNDA:0,(anonymous_37)
FNDA:0,(anonymous_38)
FNDA:0,(anonymous_39)
FNDA:0,(anonymous_40)
FNDA:0,(anonymous_41)
FNDA:0,(anonymous_42)
FNDA:0,(anonymous_43)
FNDA:0,(anonymous_44)
FNDA:0,(anonymous_45)
FNDA:0,(anonymous_46)
FNDA:0,(anonymous_47)
FNDA:0,(anonymous_48)
FNDA:0,(anonymous_49)
FNDA:0,(anonymous_50)
FNDA:0,(anonymous_51)
FNDA:0,(anonymous_52)
FNDA:0,(anonymous_53)
FNDA:0,(anonymous_54)
FNDA:0,(anonymous_55)
FNDA:0,(anonymous_56)
FNDA:0,(anonymous_57)
FNDA:0,(anonymous_58)
FNDA:0,(anonymous_59)
FNDA:0,(anonymous_60)
FNDA:0,(anonymous_61)
FNDA:0,(anonymous_62)
FNDA:0,(anonymous_63)
FNDA:0,(anonymous_64)
FNDA:0,(anonymous_65)
FNDA:0,(anonymous_66)
FNDA:0,(anonymous_67)
FNDA:0,(anonymous_68)
FNDA:0,(anonymous_69)
FNDA:0,(anonymous_70)
FNDA:0,(anonymous_71)
DA:7,0
DA:12,0
DA:22,0
DA:23,0
DA:31,0
DA:40,0
DA:50,0
DA:60,0
DA:69,0
DA:79,0
DA:85,0
DA:90,0
DA:100,0
DA:101,0
DA:109,0
DA:118,0
DA:128,0
DA:138,0
DA:147,0
DA:157,0
DA:163,0
DA:168,0
DA:178,0
DA:179,0
DA:187,0
DA:197,0
DA:207,0
DA:212,0
DA:218,0
DA:223,0
DA:233,0
DA:234,0
DA:242,0
DA:251,0
DA:261,0
DA:271,0
DA:280,0
DA:290,0
DA:296,0
DA:301,0
DA:311,0
DA:312,0
DA:320,0
DA:330,0
DA:345,0
DA:355,0
DA:361,0
DA:366,0
DA:376,0
DA:377,0
DA:385,0
DA:394,0
DA:404,0
DA:414,0
DA:423,0
DA:433,0
DA:439,0
DA:444,0
DA:454,0
DA:455,0
DA:463,0
DA:473,0
DA:488,0
DA:498,0
DA:504,0
DA:509,0
DA:519,0
DA:520,0
DA:528,0
DA:537,0
DA:547,0
DA:557,0
DA:566,0
DA:576,0
DA:582,0
DA:587,0
DA:597,0
DA:598,0
DA:606,0
DA:616,0
DA:631,0
DA:641,0
DA:647,0
DA:652,0
DA:662,0
DA:663,0
DA:671,0
DA:681,0
DA:691,0
DA:696,0
DA:702,0
DA:707,0
DA:717,0
DA:718,0
DA:726,0
DA:735,0
DA:745,0
DA:755,0
DA:764,0
DA:774,0
DA:780,0
DA:785,0
DA:795,0
DA:796,0
DA:804,0
DA:814,0
DA:829,0
DA:839,0
DA:840,0
LF:109
LH:0
BRDA:71,0,0,0
BRDA:71,0,1,0
BRDA:73,1,0,0
BRDA:73,1,1,0
BRDA:73,1,2,0
BRDA:149,2,0,0
BRDA:149,2,1,0
BRDA:151,3,0,0
BRDA:151,3,1,0
BRDA:151,3,2,0
BRDA:282,4,0,0
BRDA:282,4,1,0
BRDA:284,5,0,0
BRDA:284,5,1,0
BRDA:284,5,2,0
BRDA:332,6,0,0
BRDA:332,6,1,0
BRDA:334,7,0,0
BRDA:334,7,1,0
BRDA:334,7,2,0
BRDA:347,8,0,0
BRDA:347,8,1,0
BRDA:349,9,0,0
BRDA:349,9,1,0
BRDA:349,9,2,0
BRDA:425,10,0,0
BRDA:425,10,1,0
BRDA:427,11,0,0
BRDA:427,11,1,0
BRDA:427,11,2,0
BRDA:475,12,0,0
BRDA:475,12,1,0
BRDA:477,13,0,0
BRDA:477,13,1,0
BRDA:477,13,2,0
BRDA:490,14,0,0
BRDA:490,14,1,0
BRDA:492,15,0,0
BRDA:492,15,1,0
BRDA:492,15,2,0
BRDA:568,16,0,0
BRDA:568,16,1,0
BRDA:570,17,0,0
BRDA:570,17,1,0
BRDA:570,17,2,0
BRDA:618,18,0,0
BRDA:618,18,1,0
BRDA:620,19,0,0
BRDA:620,19,1,0
BRDA:620,19,2,0
BRDA:633,20,0,0
BRDA:633,20,1,0
BRDA:635,21,0,0
BRDA:635,21,1,0
BRDA:635,21,2,0
BRDA:766,22,0,0
BRDA:766,22,1,0
BRDA:768,23,0,0
BRDA:768,23,1,0
BRDA:768,23,2,0
BRDA:816,24,0,0
BRDA:816,24,1,0
BRDA:818,25,0,0
BRDA:818,25,1,0
BRDA:818,25,2,0
BRDA:831,26,0,0
BRDA:831,26,1,0
BRDA:833,27,0,0
BRDA:833,27,1,0
BRDA:833,27,2,0
BRF:70
BRH:0
end_of_record
TN:
SF:resources\js\actions\App\Http\Controllers\AuditLogController.ts
FN:7,(anonymous_0)
FN:22,(anonymous_1)
FN:31,(anonymous_2)
FN:40,(anonymous_3)
FN:50,(anonymous_4)
FN:60,(anonymous_5)
FN:69,(anonymous_6)
FN:85,(anonymous_7)
FN:100,(anonymous_8)
FN:109,(anonymous_9)
FN:118,(anonymous_10)
FN:128,(anonymous_11)
FN:138,(anonymous_12)
FN:147,(anonymous_13)
FN:163,(anonymous_14)
FN:178,(anonymous_15)
FN:204,(anonymous_16)
FN:213,(anonymous_17)
FN:223,(anonymous_18)
FN:233,(anonymous_19)
FN:242,(anonymous_20)
FN:258,(anonymous_21)
FN:273,(anonymous_22)
FN:306,(anonymous_23)
FN:315,(anonymous_24)
FN:325,(anonymous_25)
FN:335,(anonymous_26)
FN:344,(anonymous_27)
FN:360,(anonymous_28)
FN:375,(anonymous_29)
FN:401,(anonymous_30)
FN:410,(anonymous_31)
FN:420,(anonymous_32)
FN:430,(anonymous_33)
FN:439,(anonymous_34)
FN:455,(anonymous_35)
FN:470,(anonymous_36)
FN:503,(anonymous_37)
FN:513,(anonymous_38)
FN:523,(anonymous_39)
FNF:40
FNH:0
FNDA:0,(anonymous_0)
FNDA:0,(anonymous_1)
FNDA:0,(anonymous_2)
FNDA:0,(anonymous_3)
FNDA:0,(anonymous_4)
FNDA:0,(anonymous_5)
FNDA:0,(anonymous_6)
FNDA:0,(anonymous_7)
FNDA:0,(anonymous_8)
FNDA:0,(anonymous_9)
FNDA:0,(anonymous_10)
FNDA:0,(anonymous_11)
FNDA:0,(anonymous_12)
FNDA:0,(anonymous_13)
FNDA:0,(anonymous_14)
FNDA:0,(anonymous_15)
FNDA:0,(anonymous_16)
FNDA:0,(anonymous_17)
FNDA:0,(anonymous_18)
FNDA:0,(anonymous_19)
FNDA:0,(anonymous_20)
FNDA:0,(anonymous_21)
FNDA:0,(anonymous_22)
FNDA:0,(anonymous_23)
FNDA:0,(anonymous_24)
FNDA:0,(anonymous_25)
FNDA:0,(anonymous_26)
FNDA:0,(anonymous_27)
FNDA:0,(anonymous_28)
FNDA:0,(anonymous_29)
FNDA:0,(anonymous_30)
FNDA:0,(anonymous_31)
FNDA:0,(anonymous_32)
FNDA:0,(anonymous_33)
FNDA:0,(anonymous_34)
FNDA:0,(anonymous_35)
FNDA:0,(anonymous_36)
FNDA:0,(anonymous_37)
FNDA:0,(anonymous_38)
FNDA:0,(anonymous_39)
DA:7,0
DA:12,0
DA:22,0
DA:23,0
DA:31,0
DA:40,0
DA:50,0
DA:60,0
DA:69,0
DA:79,0
DA:85,0
DA:90,0
DA:100,0
DA:101,0
DA:109,0
DA:118,0
DA:128,0
DA:138,0
DA:147,0
DA:157,0
DA:163,0
DA:168,0
DA:178,0
DA:179,0
DA:180,0
DA:186,0
DA:188,0
DA:193,0
DA:204,0
DA:213,0
DA:223,0
DA:233,0
DA:242,0
DA:252,0
DA:258,0
DA:263,0
DA:273,0
DA:274,0
DA:275,0
DA:278,0
DA:279,0
DA:282,0
DA:283,0
DA:288,0
DA:290,0
DA:296,0
DA:306,0
DA:315,0
DA:325,0
DA:335,0
DA:344,0
DA:354,0
DA:360,0
DA:365,0
DA:375,0
DA:376,0
DA:377,0
DA:383,0
DA:385,0
DA:390,0
DA:401,0
DA:410,0
DA:420,0
DA:430,0
DA:439,0
DA:449,0
DA:455,0
DA:460,0
DA:470,0
DA:471,0
DA:472,0
DA:475,0
DA:476,0
DA:479,0
DA:480,0
DA:485,0
DA:487,0
DA:493,0
DA:503,0
DA:513,0
DA:523,0
DA:528,0
DA:529,0
LF:83
LH:0
BRDA:71,0,0,0
BRDA:71,0,1,0
BRDA:73,1,0,0
BRDA:73,1,1,0
BRDA:73,1,2,0
BRDA:149,2,0,0
BRDA:149,2,1,0
BRDA:151,3,0,0
BRDA:151,3,1,0
BRDA:151,3,2,0
BRDA:179,4,0,0
BRDA:179,4,1,0
BRDA:244,5,0,0
BRDA:244,5,1,0
BRDA:246,6,0,0
BRDA:246,6,1,0
BRDA:246,6,2,0
BRDA:274,7,0,0
BRDA:274,7,1,0
BRDA:274,8,0,0
BRDA:274,8,1,0
BRDA:278,9,0,0
BRDA:278,9,1,0
BRDA:278,10,0,0
BRDA:278,10,1,0
BRDA:278,10,2,0
BRDA:282,11,0,0
BRDA:282,11,1,0
BRDA:291,12,0,0
BRDA:291,12,1,0
BRDA:346,13,0,0
BRDA:346,13,1,0
BRDA:348,14,0,0
BRDA:348,14,1,0
BRDA:348,14,2,0
BRDA:376,15,0,0
BRDA:376,15,1,0
BRDA:441,16,0,0
BRDA:441,16,1,0
BRDA:443,17,0,0
BRDA:443,17,1,0
BRDA:443,17,2,0
BRDA:471,18,0,0
BRDA:471,18,1,0
BRDA:471,19,0,0
BRDA:471,19,1,0
BRDA:475,20,0,0
BRDA:475,20,1,0
BRDA:475,21,0,0
BRDA:475,21,1,0
BRDA:475,21,2,0
BRDA:479,22,0,0
BRDA:479,22,1,0
BRDA:488,23,0,0
BRDA:488,23,1,0
BRF:55
BRH:0
end_of_record
TN:
SF:resources\js\actions\App\Http\Controllers\BackupController.ts
FN:7,(anonymous_0)
FN:22,(anonymous_1)
FN:31,(anonymous_2)
FN:40,(anonymous_3)
FN:50,(anonymous_4)
FN:60,(anonymous_5)
FN:69,(anonymous_6)
FN:85,(anonymous_7)
FN:100,(anonymous_8)
FN:109,(anonymous_9)
FN:119,(anonymous_10)
FN:129,(anonymous_11)
FN:140,(anonymous_12)
FN:155,(anonymous_13)
FN:188,(anonymous_14)
FN:197,(anonymous_15)
FN:207,(anonymous_16)
FN:217,(anonymous_17)
FN:226,(anonymous_18)
FN:242,(anonymous_19)
FN:257,(anonymous_20)
FN:290,(anonymous_21)
FN:300,(anonymous_22)
FN:310,(anonymous_23)
FN:321,(anonymous_24)
FN:336,(anonymous_25)
FN:369,(anonymous_26)
FN:379,(anonymous_27)
FN:394,(anonymous_28)
FN:410,(anonymous_29)
FN:425,(anonymous_30)
FN:434,(anonymous_31)
FN:444,(anonymous_32)
FN:454,(anonymous_33)
FN:465,(anonymous_34)
FN:480,(anonymous_35)
FN:513,(anonymous_36)
FN:523,(anonymous_37)
FN:538,(anonymous_38)
FN:554,(anonymous_39)
FN:569,(anonymous_40)
FN:602,(anonymous_41)
FN:612,(anonymous_42)
FN:627,(anonymous_43)
FNF:44
FNH:0
FNDA:0,(anonymous_0)
FNDA:0,(anonymous_1)
FNDA:0,(anonymous_2)
FNDA:0,(anonymous_3)
FNDA:0,(anonymous_4)
FNDA:0,(anonymous_5)
FNDA:0,(anonymous_6)
FNDA:0,(anonymous_7)
FNDA:0,(anonymous_8)
FNDA:0,(anonymous_9)
FNDA:0,(anonymous_10)
FNDA:0,(anonymous_11)
FNDA:0,(anonymous_12)
FNDA:0,(anonymous_13)
FNDA:0,(anonymous_14)
FNDA:0,(anonymous_15)
FNDA:0,(anonymous_16)
FNDA:0,(anonymous_17)
FNDA:0,(anonymous_18)
FNDA:0,(anonymous_19)
FNDA:0,(anonymous_20)
FNDA:0,(anonymous_21)
FNDA:0,(anonymous_22)
FNDA:0,(anonymous_23)
FNDA:0,(anonymous_24)
FNDA:0,(anonymous_25)
FNDA:0,(anonymous_26)
FNDA:0,(anonymous_27)
FNDA:0,(anonymous_28)
FNDA:0,(anonymous_29)
FNDA:0,(anonymous_30)
FNDA:0,(anonymous_31)
FNDA:0,(anonymous_32)
FNDA:0,(anonymous_33)
FNDA:0,(anonymous_34)
FNDA:0,(anonymous_35)
FNDA:0,(anonymous_36)
FNDA:0,(anonymous_37)
FNDA:0,(anonymous_38)
FNDA:0,(anonymous_39)
FNDA:0,(anonymous_40)
FNDA:0,(anonymous_41)
FNDA:0,(anonymous_42)
FNDA:0,(anonymous_43)
DA:7,0
DA:12,0
DA:22,0
DA:23,0
DA:31,0
DA:40,0
DA:50,0
DA:60,0
DA:69,0
DA:79,0
DA:85,0
DA:90,0
DA:100,0
DA:101,0
DA:109,0
DA:119,0
DA:129,0
DA:134,0
DA:140,0
DA:145,0
DA:155,0
DA:156,0
DA:157,0
DA:160,0
DA:161,0
DA:164,0
DA:165,0
DA:170,0
DA:172,0
DA:178,0
DA:188,0
DA:197,0
DA:207,0
DA:217,0
DA:226,0
DA:236,0
DA:242,0
DA:247,0
DA:257,0
DA:258,0
DA:259,0
DA:262,0
DA:263,0
DA:266,0
DA:267,0
DA:272,0
DA:274,0
DA:280,0
DA:290,0
DA:300,0
DA:310,0
DA:315,0
DA:321,0
DA:326,0
DA:336,0
DA:337,0
DA:338,0
DA:341,0
DA:342,0
DA:345,0
DA:346,0
DA:351,0
DA:353,0
DA:359,0
DA:369,0
DA:379,0
DA:394,0
DA:404,0
DA:410,0
DA:415,0
DA:425,0
DA:426,0
DA:434,0
DA:444,0
DA:454,0
DA:459,0
DA:465,0
DA:470,0
DA:480,0
DA:481,0
DA:482,0
DA:485,0
DA:486,0
DA:489,0
DA:490,0
DA:495,0
DA:497,0
DA:503,0
DA:513,0
DA:523,0
DA:538,0
DA:548,0
DA:554,0
DA:559,0
DA:569,0
DA:570,0
DA:571,0
DA:574,0
DA:575,0
DA:578,0
DA:579,0
DA:584,0
DA:586,0
DA:592,0
DA:602,0
DA:612,0
DA:627,0
DA:637,0
DA:638,0
LF:109
LH:0
BRDA:71,0,0,0
BRDA:71,0,1,0
BRDA:73,1,0,0
BRDA:73,1,1,0
BRDA:73,1,2,0
BRDA:156,2,0,0
BRDA:156,2,1,0
BRDA:156,3,0,0
BRDA:156,3,1,0
BRDA:160,4,0,0
BRDA:160,4,1,0
BRDA:160,5,0,0
BRDA:160,5,1,0
BRDA:160,5,2,0
BRDA:164,6,0,0
BRDA:164,6,1,0
BRDA:173,7,0,0
BRDA:173,7,1,0
BRDA:228,8,0,0
BRDA:228,8,1,0
BRDA:230,9,0,0
BRDA:230,9,1,0
BRDA:230,9,2,0
BRDA:258,10,0,0
BRDA:258,10,1,0
BRDA:258,11,0,0
BRDA:258,11,1,0
BRDA:262,12,0,0
BRDA:262,12,1,0
BRDA:262,13,0,0
BRDA:262,13,1,0
BRDA:262,13,2,0
BRDA:266,14,0,0
BRDA:266,14,1,0
BRDA:275,15,0,0
BRDA:275,15,1,0
BRDA:337,16,0,0
BRDA:337,16,1,0
BRDA:337,17,0,0
BRDA:337,17,1,0
BRDA:341,18,0,0
BRDA:341,18,1,0
BRDA:341,19,0,0
BRDA:341,19,1,0
BRDA:341,19,2,0
BRDA:345,20,0,0
BRDA:345,20,1,0
BRDA:354,21,0,0
BRDA:354,21,1,0
BRDA:381,22,0,0
BRDA:381,22,1,0
BRDA:383,23,0,0
BRDA:383,23,1,0
BRDA:383,23,2,0
BRDA:396,24,0,0
BRDA:396,24,1,0
BRDA:398,25,0,0
BRDA:398,25,1,0
BRDA:398,25,2,0
BRDA:481,26,0,0
BRDA:481,26,1,0
BRDA:481,27,0,0
BRDA:481,27,1,0
BRDA:485,28,0,0
BRDA:485,28,1,0
BRDA:485,29,0,0
BRDA:485,29,1,0
BRDA:485,29,2,0
BRDA:489,30,0,0
BRDA:489,30,1,0
BRDA:498,31,0,0
BRDA:498,31,1,0
BRDA:525,32,0,0
BRDA:525,32,1,0
BRDA:527,33,0,0
BRDA:527,33,1,0
BRDA:527,33,2,0
BRDA:540,34,0,0
BRDA:540,34,1,0
BRDA:542,35,0,0
BRDA:542,35,1,0
BRDA:542,35,2,0
BRDA:570,36,0,0
BRDA:570,36,1,0
BRDA:570,37,0,0
BRDA:570,37,1,0
BRDA:574,38,0,0
BRDA:574,38,1,0
BRDA:574,39,0,0
BRDA:574,39,1,0
BRDA:574,39,2,0
BRDA:578,40,0,0
BRDA:578,40,1,0
BRDA:587,41,0,0
BRDA:587,41,1,0
BRDA:614,42,0,0
BRDA:614,42,1,0
BRDA:616,43,0,0
BRDA:616,43,1,0
BRDA:616,43,2,0
BRDA:629,44,0,0
BRDA:629,44,1,0
BRDA:631,45,0,0
BRDA:631,45,1,0
BRDA:631,45,2,0
BRF:105
BRH:0
end_of_record
TN:
SF:resources\js\actions\App\Http\Controllers\CategoryController.ts
FN:7,(anonymous_0)
FN:22,(anonymous_1)
FN:31,(anonymous_2)
FN:40,(anonymous_3)
FN:50,(anonymous_4)
FN:60,(anonymous_5)
FN:69,(anonymous_6)
FN:85,(anonymous_7)
FN:100,(anonymous_8)
FN:109,(anonymous_9)
FN:118,(anonymous_10)
FN:128,(anonymous_11)
FN:138,(anonymous_12)
FN:147,(anonymous_13)
FN:163,(anonymous_14)
FN:178,(anonymous_15)
FN:187,(anonymous_16)
FN:197,(anonymous_17)
FN:207,(anonymous_18)
FN:218,(anonymous_19)
FN:233,(anonymous_20)
FN:266,(anonymous_21)
FN:275,(anonymous_22)
FN:285,(anonymous_23)
FN:295,(anonymous_24)
FN:304,(anonymous_25)
FN:320,(anonymous_26)
FN:335,(anonymous_27)
FN:368,(anonymous_28)
FN:377,(anonymous_29)
FN:387,(anonymous_30)
FN:397,(anonymous_31)
FN:406,(anonymous_32)
FN:422,(anonymous_33)
FN:437,(anonymous_34)
FN:470,(anonymous_35)
FN:480,(anonymous_36)
FN:495,(anonymous_37)
FN:511,(anonymous_38)
FN:526,(anonymous_39)
FN:559,(anonymous_40)
FN:569,(anonymous_41)
FN:584,(anonymous_42)
FNF:43
FNH:0
FNDA:0,(anonymous_0)
FNDA:0,(anonymous_1)
FNDA:0,(anonymous_2)
FNDA:0,(anonymous_3)
FNDA:0,(anonymous_4)
FNDA:0,(anonymous_5)
FNDA:0,(anonymous_6)
FNDA:0,(anonymous_7)
FNDA:0,(anonymous_8)
FNDA:0,(anonymous_9)
FNDA:0,(anonymous_10)
FNDA:0,(anonymous_11)
FNDA:0,(anonymous_12)
FNDA:0,(anonymous_13)
FNDA:0,(anonymous_14)
FNDA:0,(anonymous_15)
FNDA:0,(anonymous_16)
FNDA:0,(anonymous_17)
FNDA:0,(anonymous_18)
FNDA:0,(anonymous_19)
FNDA:0,(anonymous_20)
FNDA:0,(anonymous_21)
FNDA:0,(anonymous_22)
FNDA:0,(anonymous_23)
FNDA:0,(anonymous_24)
FNDA:0,(anonymous_25)
FNDA:0,(anonymous_26)
FNDA:0,(anonymous_27)
FNDA:0,(anonymous_28)
FNDA:0,(anonymous_29)
FNDA:0,(anonymous_30)
FNDA:0,(anonymous_31)
FNDA:0,(anonymous_32)
FNDA:0,(anonymous_33)
FNDA:0,(anonymous_34)
FNDA:0,(anonymous_35)
FNDA:0,(anonymous_36)
FNDA:0,(anonymous_37)
FNDA:0,(anonymous_38)
FNDA:0,(anonymous_39)
FNDA:0,(anonymous_40)
FNDA:0,(anonymous_41)
FNDA:0,(anonymous_42)
DA:7,0
DA:12,0
DA:22,0
DA:23,0
DA:31,0
DA:40,0
DA:50,0
DA:60,0
DA:69,0
DA:79,0
DA:85,0
DA:90,0
DA:100,0
DA:101,0
DA:109,0
DA:118,0
DA:128,0
DA:138,0
DA:147,0
DA:157,0
DA:163,0
DA:168,0
DA:178,0
DA:179,0
DA:187,0
DA:197,0
DA:207,0
DA:212,0
DA:218,0
DA:223,0
DA:233,0
DA:234,0
DA:235,0
DA:238,0
DA:239,0
DA:242,0
DA:243,0
DA:248,0
DA:250,0
DA:256,0
DA:266,0
DA:275,0
DA:285,0
DA:295,0
DA:304,0
DA:314,0
DA:320,0
DA:325,0
DA:335,0
DA:336,0
DA:337,0
DA:340,0
DA:341,0
DA:344,0
DA:345,0
DA:350,0
DA:352,0
DA:358,0
DA:368,0
DA:377,0
DA:387,0
DA:397,0
DA:406,0
DA:416,0
DA:422,0
DA:427,0
DA:437,0
DA:438,0
DA:439,0
DA:442,0
DA:443,0
DA:446,0
DA:447,0
DA:452,0
DA:454,0
DA:460,0
DA:470,0
DA:480,0
DA:495,0
DA:505,0
DA:511,0
DA:516,0
DA:526,0
DA:527,0
DA:528,0
DA:531,0
DA:532,0
DA:535,0
DA:536,0
DA:541,0
DA:543,0
DA:549,0
DA:559,0
DA:569,0
DA:584,0
DA:594,0
DA:595,0
LF:97
LH:0
BRDA:71,0,0,0
BRDA:71,0,1,0
BRDA:73,1,0,0
BRDA:73,1,1,0
BRDA:73,1,2,0
BRDA:149,2,0,0
BRDA:149,2,1,0
BRDA:151,3,0,0
BRDA:151,3,1,0
BRDA:151,3,2,0
BRDA:234,4,0,0
BRDA:234,4,1,0
BRDA:234,5,0,0
BRDA:234,5,1,0
BRDA:238,6,0,0
BRDA:238,6,1,0
BRDA:238,7,0,0
BRDA:238,7,1,0
BRDA:238,7,2,0
BRDA:242,8,0,0
BRDA:242,8,1,0
BRDA:251,9,0,0
BRDA:251,9,1,0
BRDA:306,10,0,0
BRDA:306,10,1,0
BRDA:308,11,0,0
BRDA:308,11,1,0
BRDA:308,11,2,0
BRDA:336,12,0,0
BRDA:336,12,1,0
BRDA:336,13,0,0
BRDA:336,13,1,0
BRDA:340,14,0,0
BRDA:340,14,1,0
BRDA:340,15,0,0
BRDA:340,15,1,0
BRDA:340,15,2,0
BRDA:344,16,0,0
BRDA:344,16,1,0
BRDA:353,17,0,0
BRDA:353,17,1,0
BRDA:408,18,0,0
BRDA:408,18,1,0
BRDA:410,19,0,0
BRDA:410,19,1,0
BRDA:410,19,2,0
BRDA:438,20,0,0
BRDA:438,20,1,0
BRDA:438,21,0,0
BRDA:438,21,1,0
BRDA:442,22,0,0
BRDA:442,22,1,0
BRDA:442,23,0,0
BRDA:442,23,1,0
BRDA:442,23,2,0
BRDA:446,24,0,0
BRDA:446,24,1,0
BRDA:455,25,0,0
BRDA:455,25,1,0
BRDA:482,26,0,0
BRDA:482,26,1,0
BRDA:484,27,0,0
BRDA:484,27,1,0
BRDA:484,27,2,0
BRDA:497,28,0,0
BRDA:497,28,1,0
BRDA:499,29,0,0
BRDA:499,29,1,0
BRDA:499,29,2,0
BRDA:527,30,0,0
BRDA:527,30,1,0
BRDA:527,31,0,0
BRDA:527,31,1,0
BRDA:531,32,0,0
BRDA:531,32,1,0
BRDA:531,33,0,0
BRDA:531,33,1,0
BRDA:531,33,2,0
BRDA:535,34,0,0
BRDA:535,34,1,0
BRDA:544,35,0,0
BRDA:544,35,1,0
BRDA:571,36,0,0
BRDA:571,36,1,0
BRDA:573,37,0,0
BRDA:573,37,1,0
BRDA:573,37,2,0
BRDA:586,38,0,0
BRDA:586,38,1,0
BRDA:588,39,0,0
BRDA:588,39,1,0
BRDA:588,39,2,0
BRF:92
BRH:0
end_of_record
TN:
SF:resources\js\actions\App\Http\Controllers\ClientZoneController.ts
FN:7,(anonymous_0)
FN:22,(anonymous_1)
FN:31,(anonymous_2)
FN:40,(anonymous_3)
FN:50,(anonymous_4)
FN:60,(anonymous_5)
FN:69,(anonymous_6)
FN:85,(anonymous_7)
FN:100,(anonymous_8)
FN:109,(anonymous_9)
FN:119,(anonymous_10)
FN:129,(anonymous_11)
FN:140,(anonymous_12)
FN:155,(anonymous_13)
FN:164,(anonymous_14)
FN:173,(anonymous_15)
FN:183,(anonymous_16)
FN:193,(anonymous_17)
FN:202,(anonymous_18)
FN:218,(anonymous_19)
FN:233,(anonymous_20)
FN:242,(anonymous_21)
FN:251,(anonymous_22)
FN:261,(anonymous_23)
FN:271,(anonymous_24)
FN:280,(anonymous_25)
FN:296,(anonymous_26)
FN:311,(anonymous_27)
FN:320,(anonymous_28)
FN:329,(anonymous_29)
FN:339,(anonymous_30)
FN:349,(anonymous_31)
FN:358,(anonymous_32)
FN:374,(anonymous_33)
FN:389,(anonymous_34)
FN:398,(anonymous_35)
FN:408,(anonymous_36)
FN:418,(anonymous_37)
FN:429,(anonymous_38)
FN:444,(anonymous_39)
FN:472,(anonymous_40)
FN:481,(anonymous_41)
FN:491,(anonymous_42)
FN:501,(anonymous_43)
FN:510,(anonymous_44)
FN:526,(anonymous_45)
FN:541,(anonymous_46)
FN:569,(anonymous_47)
FN:578,(anonymous_48)
FN:588,(anonymous_49)
FN:598,(anonymous_50)
FN:607,(anonymous_51)
FN:623,(anonymous_52)
FN:638,(anonymous_53)
FN:666,(anonymous_54)
FN:676,(anonymous_55)
FN:686,(anonymous_56)
FN:697,(anonymous_57)
FN:712,(anonymous_58)
FN:740,(anonymous_59)
FN:749,(anonymous_60)
FN:759,(anonymous_61)
FN:769,(anonymous_62)
FN:778,(anonymous_63)
FN:794,(anonymous_64)
FN:809,(anonymous_65)
FN:837,(anonymous_66)
FN:846,(anonymous_67)
FN:856,(anonymous_68)
FN:866,(anonymous_69)
FN:875,(anonymous_70)
FN:891,(anonymous_71)
FN:906,(anonymous_72)
FN:934,(anonymous_73)
FN:944,(anonymous_74)
FN:954,(anonymous_75)
FN:965,(anonymous_76)
FN:980,(anonymous_77)
FN:1008,(anonymous_78)
FN:1017,(anonymous_79)
FN:1027,(anonymous_80)
FN:1037,(anonymous_81)
FN:1046,(anonymous_82)
FN:1062,(anonymous_83)
FN:1077,(anonymous_84)
FN:1105,(anonymous_85)
FN:1114,(anonymous_86)
FN:1124,(anonymous_87)
FN:1134,(anonymous_88)
FN:1143,(anonymous_89)
FN:1159,(anonymous_90)
FN:1174,(anonymous_91)
FN:1202,(anonymous_92)
FN:1212,(anonymous_93)
FN:1222,(anonymous_94)
FN:1233,(anonymous_95)
FN:1248,(anonymous_96)
FN:1257,(anonymous_97)
FN:1266,(anonymous_98)
FN:1276,(anonymous_99)
FN:1286,(anonymous_100)
FN:1295,(anonymous_101)
FNF:102
FNH:0
FNDA:0,(anonymous_0)
FNDA:0,(anonymous_1)
FNDA:0,(anonymous_2)
FNDA:0,(anonymous_3)
FNDA:0,(anonymous_4)
FNDA:0,(anonymous_5)
FNDA:0,(anonymous_6)
FNDA:0,(anonymous_7)
FNDA:0,(anonymous_8)
FNDA:0,(anonymous_9)
FNDA:0,(anonymous_10)
FNDA:0,(anonymous_11)
FNDA:0,(anonymous_12)
FNDA:0,(anonymous_13)
FNDA:0,(anonymous_14)
FNDA:0,(anonymous_15)
FNDA:0,(anonymous_16)
FNDA:0,(anonymous_17)
FNDA:0,(anonymous_18)
FNDA:0,(anonymous_19)
FNDA:0,(anonymous_20)
FNDA:0,(anonymous_21)
FNDA:0,(anonymous_22)
FNDA:0,(anonymous_23)
FNDA:0,(anonymous_24)
FNDA:0,(anonymous_25)
FNDA:0,(anonymous_26)
FNDA:0,(anonymous_27)
FNDA:0,(anonymous_28)
FNDA:0,(anonymous_29)
FNDA:0,(anonymous_30)
FNDA:0,(anonymous_31)
FNDA:0,(anonymous_32)
FNDA:0,(anonymous_33)
FNDA:0,(anonymous_34)
FNDA:0,(anonymous_35)
FNDA:0,(anonymous_36)
FNDA:0,(anonymous_37)
FNDA:0,(anonymous_38)
FNDA:0,(anonymous_39)
FNDA:0,(anonymous_40)
FNDA:0,(anonymous_41)
FNDA:0,(anonymous_42)
FNDA:0,(anonymous_43)
FNDA:0,(anonymous_44)
FNDA:0,(anonymous_45)
FNDA:0,(anonymous_46)
FNDA:0,(anonymous_47)
FNDA:0,(anonymous_48)
FNDA:0,(anonymous_49)
FNDA:0,(anonymous_50)
FNDA:0,(anonymous_51)
FNDA:0,(anonymous_52)
FNDA:0,(anonymous_53)
FNDA:0,(anonymous_54)
FNDA:0,(anonymous_55)
FNDA:0,(anonymous_56)
FNDA:0,(anonymous_57)
FNDA:0,(anonymous_58)
FNDA:0,(anonymous_59)
FNDA:0,(anonymous_60)
FNDA:0,(anonymous_61)
FNDA:0,(anonymous_62)
FNDA:0,(anonymous_63)
FNDA:0,(anonymous_64)
FNDA:0,(anonymous_65)
FNDA:0,(anonymous_66)
FNDA:0,(anonymous_67)
FNDA:0,(anonymous_68)
FNDA:0,(anonymous_69)
FNDA:0,(anonymous_70)
FNDA:0,(anonymous_71)
FNDA:0,(anonymous_72)
FNDA:0,(anonymous_73)
FNDA:0,(anonymous_74)
FNDA:0,(anonymous_75)
FNDA:0,(anonymous_76)
FNDA:0,(anonymous_77)
FNDA:0,(anonymous_78)
FNDA:0,(anonymous_79)
FNDA:0,(anonymous_80)
FNDA:0,(anonymous_81)
FNDA:0,(anonymous_82)
FNDA:0,(anonymous_83)
FNDA:0,(anonymous_84)
FNDA:0,(anonymous_85)
FNDA:0,(anonymous_86)
FNDA:0,(anonymous_87)
FNDA:0,(anonymous_88)
FNDA:0,(anonymous_89)
FNDA:0,(anonymous_90)
FNDA:0,(anonymous_91)
FNDA:0,(anonymous_92)
FNDA:0,(anonymous_93)
FNDA:0,(anonymous_94)
FNDA:0,(anonymous_95)
FNDA:0,(anonymous_96)
FNDA:0,(anonymous_97)
FNDA:0,(anonymous_98)
FNDA:0,(anonymous_99)
FNDA:0,(anonymous_100)
FNDA:0,(anonymous_101)
DA:7,0
DA:12,0
DA:22,0
DA:23,0
DA:31,0
DA:40,0
DA:50,0
DA:60,0
DA:69,0
DA:79,0
DA:85,0
DA:90,0
DA:100,0
DA:101,0
DA:109,0
DA:119,0
DA:129,0
DA:134,0
DA:140,0
DA:145,0
DA:155,0
DA:156,0
DA:164,0
DA:173,0
DA:183,0
DA:193,0
DA:202,0
DA:212,0
DA:218,0
DA:223,0
DA:233,0
DA:234,0
DA:242,0
DA:251,0
DA:261,0
DA:271,0
DA:280,0
DA:290,0
DA:296,0
DA:301,0
DA:311,0
DA:312,0
DA:320,0
DA:329,0
DA:339,0
DA:349,0
DA:358,0
DA:368,0
DA:374,0
DA:379,0
DA:389,0
DA:390,0
DA:398,0
DA:408,0
DA:418,0
DA:423,0
DA:429,0
DA:434,0
DA:444,0
DA:445,0
DA:446,0
DA:450,0
DA:451,0
DA:456,0
DA:458,0
DA:462,0
DA:472,0
DA:481,0
DA:491,0
DA:501,0
DA:510,0
DA:520,0
DA:526,0
DA:531,0
DA:541,0
DA:542,0
DA:543,0
DA:547,0
DA:548,0
DA:553,0
DA:555,0
DA:559,0
DA:569,0
DA:578,0
DA:588,0
DA:598,0
DA:607,0
DA:617,0
DA:623,0
DA:628,0
DA:638,0
DA:639,0
DA:640,0
DA:644,0
DA:645,0
DA:650,0
DA:652,0
DA:656,0
DA:666,0
DA:676,0
DA:686,0
DA:691,0
DA:697,0
DA:702,0
DA:712,0
DA:713,0
DA:714,0
DA:718,0
DA:719,0
DA:724,0
DA:726,0
DA:730,0
DA:740,0
DA:749,0
DA:759,0
DA:769,0
DA:778,0
DA:788,0
DA:794,0
DA:799,0
DA:809,0
DA:810,0
DA:811,0
DA:815,0
DA:816,0
DA:821,0
DA:823,0
DA:827,0
DA:837,0
DA:846,0
DA:856,0
DA:866,0
DA:875,0
DA:885,0
DA:891,0
DA:896,0
DA:906,0
DA:907,0
DA:908,0
DA:912,0
DA:913,0
DA:918,0
DA:920,0
DA:924,0
DA:934,0
DA:944,0
DA:954,0
DA:959,0
DA:965,0
DA:970,0
DA:980,0
DA:981,0
DA:982,0
DA:986,0
DA:987,0
DA:992,0
DA:994,0
DA:998,0
DA:1008,0
DA:1017,0
DA:1027,0
DA:1037,0
DA:1046,0
DA:1056,0
DA:1062,0
DA:1067,0
DA:1077,0
DA:1078,0
DA:1079,0
DA:1083,0
DA:1084,0
DA:1089,0
DA:1091,0
DA:1095,0
DA:1105,0
DA:1114,0
DA:1124,0
DA:1134,0
DA:1143,0
DA:1153,0
DA:1159,0
DA:1164,0
DA:1174,0
DA:1175,0
DA:1176,0
DA:1180,0
DA:1181,0
DA:1186,0
DA:1188,0
DA:1192,0
DA:1202,0
DA:1212,0
DA:1222,0
DA:1227,0
DA:1233,0
DA:1238,0
DA:1248,0
DA:1249,0
DA:1257,0
DA:1266,0
DA:1276,0
DA:1286,0
DA:1295,0
DA:1305,0
DA:1306,0
LF:205
LH:0
BRDA:71,0,0,0
BRDA:71,0,1,0
BRDA:73,1,0,0
BRDA:73,1,1,0
BRDA:73,1,2,0
BRDA:204,2,0,0
BRDA:204,2,1,0
BRDA:206,3,0,0
BRDA:206,3,1,0
BRDA:206,3,2,0
BRDA:282,4,0,0
BRDA:282,4,1,0
BRDA:284,5,0,0
BRDA:284,5,1,0
BRDA:284,5,2,0
BRDA:360,6,0,0
BRDA:360,6,1,0
BRDA:362,7,0,0
BRDA:362,7,1,0
BRDA:362,7,2,0
BRDA:445,8,0,0
BRDA:445,8,1,0
BRDA:445,9,0,0
BRDA:445,9,1,0
BRDA:450,10,0,0
BRDA:450,10,1,0
BRDA:512,11,0,0
BRDA:512,11,1,0
BRDA:514,12,0,0
BRDA:514,12,1,0
BRDA:514,12,2,0
BRDA:542,13,0,0
BRDA:542,13,1,0
BRDA:542,14,0,0
BRDA:542,14,1,0
BRDA:547,15,0,0
BRDA:547,15,1,0
BRDA:609,16,0,0
BRDA:609,16,1,0
BRDA:611,17,0,0
BRDA:611,17,1,0
BRDA:611,17,2,0
BRDA:639,18,0,0
BRDA:639,18,1,0
BRDA:639,19,0,0
BRDA:639,19,1,0
BRDA:644,20,0,0
BRDA:644,20,1,0
BRDA:713,21,0,0
BRDA:713,21,1,0
BRDA:713,22,0,0
BRDA:713,22,1,0
BRDA:718,23,0,0
BRDA:718,23,1,0
BRDA:780,24,0,0
BRDA:780,24,1,0
BRDA:782,25,0,0
BRDA:782,25,1,0
BRDA:782,25,2,0
BRDA:810,26,0,0
BRDA:810,26,1,0
BRDA:810,27,0,0
BRDA:810,27,1,0
BRDA:815,28,0,0
BRDA:815,28,1,0
BRDA:877,29,0,0
BRDA:877,29,1,0
BRDA:879,30,0,0
BRDA:879,30,1,0
BRDA:879,30,2,0
BRDA:907,31,0,0
BRDA:907,31,1,0
BRDA:907,32,0,0
BRDA:907,32,1,0
BRDA:912,33,0,0
BRDA:912,33,1,0
BRDA:981,34,0,0
BRDA:981,34,1,0
BRDA:981,35,0,0
BRDA:981,35,1,0
BRDA:986,36,0,0
BRDA:986,36,1,0
BRDA:1048,37,0,0
BRDA:1048,37,1,0
BRDA:1050,38,0,0
BRDA:1050,38,1,0
BRDA:1050,38,2,0
BRDA:1078,39,0,0
BRDA:1078,39,1,0
BRDA:1078,40,0,0
BRDA:1078,40,1,0
BRDA:1083,41,0,0
BRDA:1083,41,1,0
BRDA:1145,42,0,0
BRDA:1145,42,1,0
BRDA:1147,43,0,0
BRDA:1147,43,1,0
BRDA:1147,43,2,0
BRDA:1175,44,0,0
BRDA:1175,44,1,0
BRDA:1175,45,0,0
BRDA:1175,45,1,0
BRDA:1180,46,0,0
BRDA:1180,46,1,0
BRDA:1297,47,0,0
BRDA:1297,47,1,0
BRDA:1299,48,0,0
BRDA:1299,48,1,0
BRDA:1299,48,2,0
BRF:109
BRH:0
end_of_record
TN:
SF:resources\js\actions\App\Http\Controllers\CompanySettingsController.ts
FN:7,(anonymous_0)
FN:22,(anonymous_1)
FN:55,(anonymous_2)
FN:65,(anonymous_3)
FN:75,(anonymous_4)
FN:86,(anonymous_5)
FN:101,(anonymous_6)
FN:110,(anonymous_7)
FN:119,(anonymous_8)
FN:129,(anonymous_9)
FN:139,(anonymous_10)
FN:148,(anonymous_11)
FN:164,(anonymous_12)
FN:179,(anonymous_13)
FN:188,(anonymous_14)
FN:197,(anonymous_15)
FN:207,(anonymous_16)
FN:217,(anonymous_17)
FN:226,(anonymous_18)
FN:242,(anonymous_19)
FN:257,(anonymous_20)
FN:266,(anonymous_21)
FN:276,(anonymous_22)
FN:286,(anonymous_23)
FN:297,(anonymous_24)
FN:312,(anonymous_25)
FN:345,(anonymous_26)
FN:354,(anonymous_27)
FN:364,(anonymous_28)
FN:374,(anonymous_29)
FN:383,(anonymous_30)
FN:399,(anonymous_31)
FN:414,(anonymous_32)
FN:447,(anonymous_33)
FN:456,(anonymous_34)
FN:466,(anonymous_35)
FN:476,(anonymous_36)
FN:485,(anonymous_37)
FN:501,(anonymous_38)
FN:516,(anonymous_39)
FN:549,(anonymous_40)
FN:559,(anonymous_41)
FN:574,(anonymous_42)
FN:590,(anonymous_43)
FN:605,(anonymous_44)
FN:638,(anonymous_45)
FN:648,(anonymous_46)
FN:658,(anonymous_47)
FN:669,(anonymous_48)
FN:684,(anonymous_49)
FN:717,(anonymous_50)
FN:727,(anonymous_51)
FN:742,(anonymous_52)
FN:758,(anonymous_53)
FN:773,(anonymous_54)
FN:806,(anonymous_55)
FN:816,(anonymous_56)
FN:826,(anonymous_57)
FN:837,(anonymous_58)
FN:852,(anonymous_59)
FN:885,(anonymous_60)
FN:895,(anonymous_61)
FN:910,(anonymous_62)
FNF:63
FNH:0
FNDA:0,(anonymous_0)
FNDA:0,(anonymous_1)
FNDA:0,(anonymous_2)
FNDA:0,(anonymous_3)
FNDA:0,(anonymous_4)
FNDA:0,(anonymous_5)
FNDA:0,(anonymous_6)
FNDA:0,(anonymous_7)
FNDA:0,(anonymous_8)
FNDA:0,(anonymous_9)
FNDA:0,(anonymous_10)
FNDA:0,(anonymous_11)
FNDA:0,(anonymous_12)
FNDA:0,(anonymous_13)
FNDA:0,(anonymous_14)
FNDA:0,(anonymous_15)
FNDA:0,(anonymous_16)
FNDA:0,(anonymous_17)
FNDA:0,(anonymous_18)
FNDA:0,(anonymous_19)
FNDA:0,(anonymous_20)
FNDA:0,(anonymous_21)
FNDA:0,(anonymous_22)
FNDA:0,(anonymous_23)
FNDA:0,(anonymous_24)
FNDA:0,(anonymous_25)
FNDA:0,(anonymous_26)
FNDA:0,(anonymous_27)
FNDA:0,(anonymous_28)
FNDA:0,(anonymous_29)
FNDA:0,(anonymous_30)
FNDA:0,(anonymous_31)
FNDA:0,(anonymous_32)
FNDA:0,(anonymous_33)
FNDA:0,(anonymous_34)
FNDA:0,(anonymous_35)
FNDA:0,(anonymous_36)
FNDA:0,(anonymous_37)
FNDA:0,(anonymous_38)
FNDA:0,(anonymous_39)
FNDA:0,(anonymous_40)
FNDA:0,(anonymous_41)
FNDA:0,(anonymous_42)
FNDA:0,(anonymous_43)
FNDA:0,(anonymous_44)
FNDA:0,(anonymous_45)
FNDA:0,(anonymous_46)
FNDA:0,(anonymous_47)
FNDA:0,(anonymous_48)
FNDA:0,(anonymous_49)
FNDA:0,(anonymous_50)
FNDA:0,(anonymous_51)
FNDA:0,(anonymous_52)
FNDA:0,(anonymous_53)
FNDA:0,(anonymous_54)
FNDA:0,(anonymous_55)
FNDA:0,(anonymous_56)
FNDA:0,(anonymous_57)
FNDA:0,(anonymous_58)
FNDA:0,(anonymous_59)
FNDA:0,(anonymous_60)
FNDA:0,(anonymous_61)
FNDA:0,(anonymous_62)
DA:7,0
DA:12,0
DA:22,0
DA:23,0
DA:24,0
DA:27,0
DA:28,0
DA:31,0
DA:32,0
DA:37,0
DA:39,0
DA:45,0
DA:55,0
DA:65,0
DA:75,0
DA:80,0
DA:86,0
DA:91,0
DA:101,0
DA:102,0
DA:110,0
DA:119,0
DA:129,0
DA:139,0
DA:148,0
DA:158,0
DA:164,0
DA:169,0
DA:179,0
DA:180,0
DA:188,0
DA:197,0
DA:207,0
DA:217,0
DA:226,0
DA:236,0
DA:242,0
DA:247,0
DA:257,0
DA:258,0
DA:266,0
DA:276,0
DA:286,0
DA:291,0
DA:297,0
DA:302,0
DA:312,0
DA:313,0
DA:314,0
DA:317,0
DA:318,0
DA:321,0
DA:322,0
DA:327,0
DA:329,0
DA:335,0
DA:345,0
DA:354,0
DA:364,0
DA:374,0
DA:383,0
DA:393,0
DA:399,0
DA:404,0
DA:414,0
DA:415,0
DA:416,0
DA:419,0
DA:420,0
DA:423,0
DA:424,0
DA:429,0
DA:431,0
DA:437,0
DA:447,0
DA:456,0
DA:466,0
DA:476,0
DA:485,0
DA:495,0
DA:501,0
DA:506,0
DA:516,0
DA:517,0
DA:518,0
DA:521,0
DA:522,0
DA:525,0
DA:526,0
DA:531,0
DA:533,0
DA:539,0
DA:549,0
DA:559,0
DA:574,0
DA:584,0
DA:590,0
DA:595,0
DA:605,0
DA:606,0
DA:607,0
DA:610,0
DA:611,0
DA:614,0
DA:615,0
DA:620,0
DA:622,0
DA:628,0
DA:638,0
DA:648,0
DA:658,0
DA:663,0
DA:669,0
DA:674,0
DA:684,0
DA:685,0
DA:686,0
DA:689,0
DA:690,0
DA:693,0
DA:694,0
DA:699,0
DA:701,0
DA:707,0
DA:717,0
DA:727,0
DA:742,0
DA:752,0
DA:758,0
DA:763,0
DA:773,0
DA:774,0
DA:775,0
DA:778,0
DA:779,0
DA:782,0
DA:783,0
DA:788,0
DA:790,0
DA:796,0
DA:806,0
DA:816,0
DA:826,0
DA:831,0
DA:837,0
DA:842,0
DA:852,0
DA:853,0
DA:854,0
DA:857,0
DA:858,0
DA:861,0
DA:862,0
DA:867,0
DA:869,0
DA:875,0
DA:885,0
DA:895,0
DA:910,0
DA:920,0
DA:921,0
LF:161
LH:0
BRDA:23,0,0,0
BRDA:23,0,1,0
BRDA:23,1,0,0
BRDA:23,1,1,0
BRDA:27,2,0,0
BRDA:27,2,1,0
BRDA:27,3,0,0
BRDA:27,3,1,0
BRDA:27,3,2,0
BRDA:31,4,0,0
BRDA:31,4,1,0
BRDA:40,5,0,0
BRDA:40,5,1,0
BRDA:150,6,0,0
BRDA:150,6,1,0
BRDA:152,7,0,0
BRDA:152,7,1,0
BRDA:152,7,2,0
BRDA:228,8,0,0
BRDA:228,8,1,0
BRDA:230,9,0,0
BRDA:230,9,1,0
BRDA:230,9,2,0
BRDA:313,10,0,0
BRDA:313,10,1,0
BRDA:313,11,0,0
BRDA:313,11,1,0
BRDA:317,12,0,0
BRDA:317,12,1,0
BRDA:317,13,0,0
BRDA:317,13,1,0
BRDA:317,13,2,0
BRDA:321,14,0,0
BRDA:321,14,1,0
BRDA:330,15,0,0
BRDA:330,15,1,0
BRDA:385,16,0,0
BRDA:385,16,1,0
BRDA:387,17,0,0
BRDA:387,17,1,0
BRDA:387,17,2,0
BRDA:415,18,0,0
BRDA:415,18,1,0
BRDA:415,19,0,0
BRDA:415,19,1,0
BRDA:419,20,0,0
BRDA:419,20,1,0
BRDA:419,21,0,0
BRDA:419,21,1,0
BRDA:419,21,2,0
BRDA:423,22,0,0
BRDA:423,22,1,0
BRDA:432,23,0,0
BRDA:432,23,1,0
BRDA:487,24,0,0
BRDA:487,24,1,0
BRDA:489,25,0,0
BRDA:489,25,1,0
BRDA:489,25,2,0
BRDA:517,26,0,0
BRDA:517,26,1,0
BRDA:517,27,0,0
BRDA:517,27,1,0
BRDA:521,28,0,0
BRDA:521,28,1,0
BRDA:521,29,0,0
BRDA:521,29,1,0
BRDA:521,29,2,0
BRDA:525,30,0,0
BRDA:525,30,1,0
BRDA:534,31,0,0
BRDA:534,31,1,0
BRDA:561,32,0,0
BRDA:561,32,1,0
BRDA:563,33,0,0
BRDA:563,33,1,0
BRDA:563,33,2,0
BRDA:576,34,0,0
BRDA:576,34,1,0
BRDA:578,35,0,0
BRDA:578,35,1,0
BRDA:578,35,2,0
BRDA:606,36,0,0
BRDA:606,36,1,0
BRDA:606,37,0,0
BRDA:606,37,1,0
BRDA:610,38,0,0
BRDA:610,38,1,0
BRDA:610,39,0,0
BRDA:610,39,1,0
BRDA:610,39,2,0
BRDA:614,40,0,0
BRDA:614,40,1,0
BRDA:623,41,0,0
BRDA:623,41,1,0
BRDA:685,42,0,0
BRDA:685,42,1,0
BRDA:685,43,0,0
BRDA:685,43,1,0
BRDA:689,44,0,0
BRDA:689,44,1,0
BRDA:689,45,0,0
BRDA:689,45,1,0
BRDA:689,45,2,0
BRDA:693,46,0,0
BRDA:693,46,1,0
BRDA:702,47,0,0
BRDA:702,47,1,0
BRDA:729,48,0,0
BRDA:729,48,1,0
BRDA:731,49,0,0
BRDA:731,49,1,0
BRDA:731,49,2,0
BRDA:744,50,0,0
BRDA:744,50,1,0
BRDA:746,51,0,0
BRDA:746,51,1,0
BRDA:746,51,2,0
BRDA:774,52,0,0
BRDA:774,52,1,0
BRDA:774,53,0,0
BRDA:774,53,1,0
BRDA:778,54,0,0
BRDA:778,54,1,0
BRDA:778,55,0,0
BRDA:778,55,1,0
BRDA:778,55,2,0
BRDA:782,56,0,0
BRDA:782,56,1,0
BRDA:791,57,0,0
BRDA:791,57,1,0
BRDA:853,58,0,0
BRDA:853,58,1,0
BRDA:853,59,0,0
BRDA:853,59,1,0
BRDA:857,60,0,0
BRDA:857,60,1,0
BRDA:857,61,0,0
BRDA:857,61,1,0
BRDA:857,61,2,0
BRDA:861,62,0,0
BRDA:861,62,1,0
BRDA:870,63,0,0
BRDA:870,63,1,0
BRDA:897,64,0,0
BRDA:897,64,1,0
BRDA:899,65,0,0
BRDA:899,65,1,0
BRDA:899,65,2,0
BRDA:912,66,0,0
BRDA:912,66,1,0
BRDA:914,67,0,0
BRDA:914,67,1,0
BRDA:914,67,2,0
BRF:154
BRH:0
end_of_record
TN:
SF:resources\js\actions\App\Http\Controllers\ContactController.ts
FN:7,(anonymous_0)
FN:22,(anonymous_1)
FN:31,(anonymous_2)
FN:40,(anonymous_3)
FN:50,(anonymous_4)
FN:60,(anonymous_5)
FN:69,(anonymous_6)
FN:85,(anonymous_7)
FN:100,(anonymous_8)
FN:109,(anonymous_9)
FN:118,(anonymous_10)
FN:128,(anonymous_11)
FN:138,(anonymous_12)
FN:147,(anonymous_13)
FN:163,(anonymous_14)
FN:178,(anonymous_15)
FN:187,(anonymous_16)
FN:197,(anonymous_17)
FN:207,(anonymous_18)
FN:218,(anonymous_19)
FN:233,(anonymous_20)
FN:242,(anonymous_21)
FN:251,(anonymous_22)
FN:261,(anonymous_23)
FN:271,(anonymous_24)
FN:280,(anonymous_25)
FN:296,(anonymous_26)
FN:311,(anonymous_27)
FN:320,(anonymous_28)
FN:330,(anonymous_29)
FN:340,(anonymous_30)
FN:351,(anonymous_31)
FN:366,(anonymous_32)
FN:399,(anonymous_33)
FN:408,(anonymous_34)
FN:418,(anonymous_35)
FN:428,(anonymous_36)
FN:437,(anonymous_37)
FN:453,(anonymous_38)
FN:468,(anonymous_39)
FN:501,(anonymous_40)
FN:510,(anonymous_41)
FN:520,(anonymous_42)
FN:530,(anonymous_43)
FN:539,(anonymous_44)
FN:555,(anonymous_45)
FN:570,(anonymous_46)
FN:603,(anonymous_47)
FN:613,(anonymous_48)
FN:628,(anonymous_49)
FN:644,(anonymous_50)
FN:659,(anonymous_51)
FN:692,(anonymous_52)
FN:702,(anonymous_53)
FN:717,(anonymous_54)
FN:733,(anonymous_55)
FN:748,(anonymous_56)
FN:781,(anonymous_57)
FN:791,(anonymous_58)
FN:801,(anonymous_59)
FN:812,(anonymous_60)
FN:827,(anonymous_61)
FN:860,(anonymous_62)
FN:870,(anonymous_63)
FN:880,(anonymous_64)
FNF:65
FNH:0
FNDA:0,(anonymous_0)
FNDA:0,(anonymous_1)
FNDA:0,(anonymous_2)
FNDA:0,(anonymous_3)
FNDA:0,(anonymous_4)
FNDA:0,(anonymous_5)
FNDA:0,(anonymous_6)
FNDA:0,(anonymous_7)
FNDA:0,(anonymous_8)
FNDA:0,(anonymous_9)
FNDA:0,(anonymous_10)
FNDA:0,(anonymous_11)
FNDA:0,(anonymous_12)
FNDA:0,(anonymous_13)
FNDA:0,(anonymous_14)
FNDA:0,(anonymous_15)
FNDA:0,(anonymous_16)
FNDA:0,(anonymous_17)
FNDA:0,(anonymous_18)
FNDA:0,(anonymous_19)
FNDA:0,(anonymous_20)
FNDA:0,(anonymous_21)
FNDA:0,(anonymous_22)
FNDA:0,(anonymous_23)
FNDA:0,(anonymous_24)
FNDA:0,(anonymous_25)
FNDA:0,(anonymous_26)
FNDA:0,(anonymous_27)
FNDA:0,(anonymous_28)
FNDA:0,(anonymous_29)
FNDA:0,(anonymous_30)
FNDA:0,(anonymous_31)
FNDA:0,(anonymous_32)
FNDA:0,(anonymous_33)
FNDA:0,(anonymous_34)
FNDA:0,(anonymous_35)
FNDA:0,(anonymous_36)
FNDA:0,(anonymous_37)
FNDA:0,(anonymous_38)
FNDA:0,(anonymous_39)
FNDA:0,(anonymous_40)
FNDA:0,(anonymous_41)
FNDA:0,(anonymous_42)
FNDA:0,(anonymous_43)
FNDA:0,(anonymous_44)
FNDA:0,(anonymous_45)
FNDA:0,(anonymous_46)
FNDA:0,(anonymous_47)
FNDA:0,(anonymous_48)
FNDA:0,(anonymous_49)
FNDA:0,(anonymous_50)
FNDA:0,(anonymous_51)
FNDA:0,(anonymous_52)
FNDA:0,(anonymous_53)
FNDA:0,(anonymous_54)
FNDA:0,(anonymous_55)
FNDA:0,(anonymous_56)
FNDA:0,(anonymous_57)
FNDA:0,(anonymous_58)
FNDA:0,(anonymous_59)
FNDA:0,(anonymous_60)
FNDA:0,(anonymous_61)
FNDA:0,(anonymous_62)
FNDA:0,(anonymous_63)
FNDA:0,(anonymous_64)
DA:7,0
DA:12,0
DA:22,0
DA:23,0
DA:31,0
DA:40,0
DA:50,0
DA:60,0
DA:69,0
DA:79,0
DA:85,0
DA:90,0
DA:100,0
DA:101,0
DA:109,0
DA:118,0
DA:128,0
DA:138,0
DA:147,0
DA:157,0
DA:163,0
DA:168,0
DA:178,0
DA:179,0
DA:187,0
DA:197,0
DA:207,0
DA:212,0
DA:218,0
DA:223,0
DA:233,0
DA:234,0
DA:242,0
DA:251,0
DA:261,0
DA:271,0
DA:280,0
DA:290,0
DA:296,0
DA:301,0
DA:311,0
DA:312,0
DA:320,0
DA:330,0
DA:340,0
DA:345,0
DA:351,0
DA:356,0
DA:366,0
DA:367,0
DA:368,0
DA:371,0
DA:372,0
DA:375,0
DA:376,0
DA:381,0
DA:383,0
DA:389,0
DA:399,0
DA:408,0
DA:418,0
DA:428,0
DA:437,0
DA:447,0
DA:453,0
DA:458,0
DA:468,0
DA:469,0
DA:470,0
DA:473,0
DA:474,0
DA:477,0
DA:478,0
DA:483,0
DA:485,0
DA:491,0
DA:501,0
DA:510,0
DA:520,0
DA:530,0
DA:539,0
DA:549,0
DA:555,0
DA:560,0
DA:570,0
DA:571,0
DA:572,0
DA:575,0
DA:576,0
DA:579,0
DA:580,0
DA:585,0
DA:587,0
DA:593,0
DA:603,0
DA:613,0
DA:628,0
DA:638,0
DA:644,0
DA:649,0
DA:659,0
DA:660,0
DA:661,0
DA:664,0
DA:665,0
DA:668,0
DA:669,0
DA:674,0
DA:676,0
DA:682,0
DA:692,0
DA:702,0
DA:717,0
DA:727,0
DA:733,0
DA:738,0
DA:748,0
DA:749,0
DA:750,0
DA:753,0
DA:754,0
DA:757,0
DA:758,0
DA:763,0
DA:765,0
DA:771,0
DA:781,0
DA:791,0
DA:801,0
DA:806,0
DA:812,0
DA:817,0
DA:827,0
DA:828,0
DA:829,0
DA:832,0
DA:833,0
DA:836,0
DA:837,0
DA:842,0
DA:844,0
DA:850,0
DA:860,0
DA:870,0
DA:880,0
DA:885,0
DA:886,0
LF:147
LH:0
BRDA:71,0,0,0
BRDA:71,0,1,0
BRDA:73,1,0,0
BRDA:73,1,1,0
BRDA:73,1,2,0
BRDA:149,2,0,0
BRDA:149,2,1,0
BRDA:151,3,0,0
BRDA:151,3,1,0
BRDA:151,3,2,0
BRDA:282,4,0,0
BRDA:282,4,1,0
BRDA:284,5,0,0
BRDA:284,5,1,0
BRDA:284,5,2,0
BRDA:367,6,0,0
BRDA:367,6,1,0
BRDA:367,7,0,0
BRDA:367,7,1,0
BRDA:371,8,0,0
BRDA:371,8,1,0
BRDA:371,9,0,0
BRDA:371,9,1,0
BRDA:371,9,2,0
BRDA:375,10,0,0
BRDA:375,10,1,0
BRDA:384,11,0,0
BRDA:384,11,1,0
BRDA:439,12,0,0
BRDA:439,12,1,0
BRDA:441,13,0,0
BRDA:441,13,1,0
BRDA:441,13,2,0
BRDA:469,14,0,0
BRDA:469,14,1,0
BRDA:469,15,0,0
BRDA:469,15,1,0
BRDA:473,16,0,0
BRDA:473,16,1,0
BRDA:473,17,0,0
BRDA:473,17,1,0
BRDA:473,17,2,0
BRDA:477,18,0,0
BRDA:477,18,1,0
BRDA:486,19,0,0
BRDA:486,19,1,0
BRDA:541,20,0,0
BRDA:541,20,1,0
BRDA:543,21,0,0
BRDA:543,21,1,0
BRDA:543,21,2,0
BRDA:571,22,0,0
BRDA:571,22,1,0
BRDA:571,23,0,0
BRDA:571,23,1,0
BRDA:575,24,0,0
BRDA:575,24,1,0
BRDA:575,25,0,0
BRDA:575,25,1,0
BRDA:575,25,2,0
BRDA:579,26,0,0
BRDA:579,26,1,0
BRDA:588,27,0,0
BRDA:588,27,1,0
BRDA:615,28,0,0
BRDA:615,28,1,0
BRDA:617,29,0,0
BRDA:617,29,1,0
BRDA:617,29,2,0
BRDA:630,30,0,0
BRDA:630,30,1,0
BRDA:632,31,0,0
BRDA:632,31,1,0
BRDA:632,31,2,0
BRDA:660,32,0,0
BRDA:660,32,1,0
BRDA:660,33,0,0
BRDA:660,33,1,0
BRDA:664,34,0,0
BRDA:664,34,1,0
BRDA:664,35,0,0
BRDA:664,35,1,0
BRDA:664,35,2,0
BRDA:668,36,0,0
BRDA:668,36,1,0
BRDA:677,37,0,0
BRDA:677,37,1,0
BRDA:704,38,0,0
BRDA:704,38,1,0
BRDA:706,39,0,0
BRDA:706,39,1,0
BRDA:706,39,2,0
BRDA:719,40,0,0
BRDA:719,40,1,0
BRDA:721,41,0,0
BRDA:721,41,1,0
BRDA:721,41,2,0
BRDA:749,42,0,0
BRDA:749,42,1,0
BRDA:749,43,0,0
BRDA:749,43,1,0
BRDA:753,44,0,0
BRDA:753,44,1,0
BRDA:753,45,0,0
BRDA:753,45,1,0
BRDA:753,45,2,0
BRDA:757,46,0,0
BRDA:757,46,1,0
BRDA:766,47,0,0
BRDA:766,47,1,0
BRDA:828,48,0,0
BRDA:828,48,1,0
BRDA:828,49,0,0
BRDA:828,49,1,0
BRDA:832,50,0,0
BRDA:832,50,1,0
BRDA:832,51,0,0
BRDA:832,51,1,0
BRDA:832,51,2,0
BRDA:836,52,0,0
BRDA:836,52,1,0
BRDA:845,53,0,0
BRDA:845,53,1,0
BRF:123
BRH:0
end_of_record
TN:
SF:resources\js\actions\App\Http\Controllers\CreditNotesController.ts
FN:7,(anonymous_0)
FN:22,(anonymous_1)
FN:31,(anonymous_2)
FN:40,(anonymous_3)
FN:50,(anonymous_4)
FN:60,(anonymous_5)
FN:69,(anonymous_6)
FN:85,(anonymous_7)
FN:100,(anonymous_8)
FN:109,(anonymous_9)
FN:118,(anonymous_10)
FN:128,(anonymous_11)
FN:138,(anonymous_12)
FN:147,(anonymous_13)
FN:163,(anonymous_14)
FN:178,(anonymous_15)
FN:187,(anonymous_16)
FN:196,(anonymous_17)
FN:206,(anonymous_18)
FN:216,(anonymous_19)
FN:225,(anonymous_20)
FN:241,(anonymous_21)
FN:256,(anonymous_22)
FN:265,(anonymous_23)
FN:274,(anonymous_24)
FN:284,(anonymous_25)
FN:294,(anonymous_26)
FN:303,(anonymous_27)
FN:319,(anonymous_28)
FN:334,(anonymous_29)
FN:343,(anonymous_30)
FN:353,(anonymous_31)
FN:363,(anonymous_32)
FN:374,(anonymous_33)
FN:389,(anonymous_34)
FN:422,(anonymous_35)
FN:431,(anonymous_36)
FN:441,(anonymous_37)
FN:451,(anonymous_38)
FN:460,(anonymous_39)
FN:476,(anonymous_40)
FN:491,(anonymous_41)
FN:524,(anonymous_42)
FN:533,(anonymous_43)
FN:543,(anonymous_44)
FN:553,(anonymous_45)
FN:562,(anonymous_46)
FN:578,(anonymous_47)
FN:593,(anonymous_48)
FN:626,(anonymous_49)
FN:636,(anonymous_50)
FN:651,(anonymous_51)
FN:667,(anonymous_52)
FN:682,(anonymous_53)
FN:715,(anonymous_54)
FN:725,(anonymous_55)
FN:740,(anonymous_56)
FN:756,(anonymous_57)
FN:771,(anonymous_58)
FN:804,(anonymous_59)
FN:814,(anonymous_60)
FN:829,(anonymous_61)
FN:845,(anonymous_62)
FN:860,(anonymous_63)
FN:893,(anonymous_64)
FN:903,(anonymous_65)
FN:913,(anonymous_66)
FN:924,(anonymous_67)
FN:939,(anonymous_68)
FN:969,(anonymous_69)
FN:979,(anonymous_70)
FN:994,(anonymous_71)
FNF:72
FNH:0
FNDA:0,(anonymous_0)
FNDA:0,(anonymous_1)
FNDA:0,(anonymous_2)
FNDA:0,(anonymous_3)
FNDA:0,(anonymous_4)
FNDA:0,(anonymous_5)
FNDA:0,(anonymous_6)
FNDA:0,(anonymous_7)
FNDA:0,(anonymous_8)
FNDA:0,(anonymous_9)
FNDA:0,(anonymous_10)
FNDA:0,(anonymous_11)
FNDA:0,(anonymous_12)
FNDA:0,(anonymous_13)
FNDA:0,(anonymous_14)
FNDA:0,(anonymous_15)
FNDA:0,(anonymous_16)
FNDA:0,(anonymous_17)
FNDA:0,(anonymous_18)
FNDA:0,(anonymous_19)
FNDA:0,(anonymous_20)
FNDA:0,(anonymous_21)
FNDA:0,(anonymous_22)
FNDA:0,(anonymous_23)
FNDA:0,(anonymous_24)
FNDA:0,(anonymous_25)
FNDA:0,(anonymous_26)
FNDA:0,(anonymous_27)
FNDA:0,(anonymous_28)
FNDA:0,(anonymous_29)
FNDA:0,(anonymous_30)
FNDA:0,(anonymous_31)
FNDA:0,(anonymous_32)
FNDA:0,(anonymous_33)
FNDA:0,(anonymous_34)
FNDA:0,(anonymous_35)
FNDA:0,(anonymous_36)
FNDA:0,(anonymous_37)
FNDA:0,(anonymous_38)
FNDA:0,(anonymous_39)
FNDA:0,(anonymous_40)
FNDA:0,(anonymous_41)
FNDA:0,(anonymous_42)
FNDA:0,(anonymous_43)
FNDA:0,(anonymous_44)
FNDA:0,(anonymous_45)
FNDA:0,(anonymous_46)
FNDA:0,(anonymous_47)
FNDA:0,(anonymous_48)
FNDA:0,(anonymous_49)
FNDA:0,(anonymous_50)
FNDA:0,(anonymous_51)
FNDA:0,(anonymous_52)
FNDA:0,(anonymous_53)
FNDA:0,(anonymous_54)
FNDA:0,(anonymous_55)
FNDA:0,(anonymous_56)
FNDA:0,(anonymous_57)
FNDA:0,(anonymous_58)
FNDA:0,(anonymous_59)
FNDA:0,(anonymous_60)
FNDA:0,(anonymous_61)
FNDA:0,(anonymous_62)
FNDA:0,(anonymous_63)
FNDA:0,(anonymous_64)
FNDA:0,(anonymous_65)
FNDA:0,(anonymous_66)
FNDA:0,(anonymous_67)
FNDA:0,(anonymous_68)
FNDA:0,(anonymous_69)
FNDA:0,(anonymous_70)
FNDA:0,(anonymous_71)
DA:7,0
DA:12,0
DA:22,0
DA:23,0
DA:31,0
DA:40,0
DA:50,0
DA:60,0
DA:69,0
DA:79,0
DA:85,0
DA:90,0
DA:100,0
DA:101,0
DA:109,0
DA:118,0
DA:128,0
DA:138,0
DA:147,0
DA:157,0
DA:163,0
DA:168,0
DA:178,0
DA:179,0
DA:187,0
DA:196,0
DA:206,0
DA:216,0
DA:225,0
DA:235,0
DA:241,0
DA:246,0
DA:256,0
DA:257,0
DA:265,0
DA:274,0
DA:284,0
DA:294,0
DA:303,0
DA:313,0
DA:319,0
DA:324,0
DA:334,0
DA:335,0
DA:343,0
DA:353,0
DA:363,0
DA:368,0
DA:374,0
DA:379,0
DA:389,0
DA:390,0
DA:391,0
DA:394,0
DA:395,0
DA:398,0
DA:399,0
DA:404,0
DA:406,0
DA:412,0
DA:422,0
DA:431,0
DA:441,0
DA:451,0
DA:460,0
DA:470,0
DA:476,0
DA:481,0
DA:491,0
DA:492,0
DA:493,0
DA:496,0
DA:497,0
DA:500,0
DA:501,0
DA:506,0
DA:508,0
DA:514,0
DA:524,0
DA:533,0
DA:543,0
DA:553,0
DA:562,0
DA:572,0
DA:578,0
DA:583,0
DA:593,0
DA:594,0
DA:595,0
DA:598,0
DA:599,0
DA:602,0
DA:603,0
DA:608,0
DA:610,0
DA:616,0
DA:626,0
DA:636,0
DA:651,0
DA:661,0
DA:667,0
DA:672,0
DA:682,0
DA:683,0
DA:684,0
DA:687,0
DA:688,0
DA:691,0
DA:692,0
DA:697,0
DA:699,0
DA:705,0
DA:715,0
DA:725,0
DA:740,0
DA:750,0
DA:756,0
DA:761,0
DA:771,0
DA:772,0
DA:773,0
DA:776,0
DA:777,0
DA:780,0
DA:781,0
DA:786,0
DA:788,0
DA:794,0
DA:804,0
DA:814,0
DA:829,0
DA:839,0
DA:845,0
DA:850,0
DA:860,0
DA:861,0
DA:862,0
DA:865,0
DA:866,0
DA:869,0
DA:870,0
DA:875,0
DA:877,0
DA:883,0
DA:893,0
DA:903,0
DA:913,0
DA:918,0
DA:924,0
DA:929,0
DA:939,0
DA:940,0
DA:941,0
DA:947,0
DA:949,0
DA:958,0
DA:969,0
DA:979,0
DA:994,0
DA:1004,0
DA:1005,0
LF:161
LH:0
BRDA:71,0,0,0
BRDA:71,0,1,0
BRDA:73,1,0,0
BRDA:73,1,1,0
BRDA:73,1,2,0
BRDA:149,2,0,0
BRDA:149,2,1,0
BRDA:151,3,0,0
BRDA:151,3,1,0
BRDA:151,3,2,0
BRDA:227,4,0,0
BRDA:227,4,1,0
BRDA:229,5,0,0
BRDA:229,5,1,0
BRDA:229,5,2,0
BRDA:305,6,0,0
BRDA:305,6,1,0
BRDA:307,7,0,0
BRDA:307,7,1,0
BRDA:307,7,2,0
BRDA:390,8,0,0
BRDA:390,8,1,0
BRDA:390,9,0,0
BRDA:390,9,1,0
BRDA:394,10,0,0
BRDA:394,10,1,0
BRDA:394,11,0,0
BRDA:394,11,1,0
BRDA:394,11,2,0
BRDA:398,12,0,0
BRDA:398,12,1,0
BRDA:407,13,0,0
BRDA:407,13,1,0
BRDA:462,14,0,0
BRDA:462,14,1,0
BRDA:464,15,0,0
BRDA:464,15,1,0
BRDA:464,15,2,0
BRDA:492,16,0,0
BRDA:492,16,1,0
BRDA:492,17,0,0
BRDA:492,17,1,0
BRDA:496,18,0,0
BRDA:496,18,1,0
BRDA:496,19,0,0
BRDA:496,19,1,0
BRDA:496,19,2,0
BRDA:500,20,0,0
BRDA:500,20,1,0
BRDA:509,21,0,0
BRDA:509,21,1,0
BRDA:564,22,0,0
BRDA:564,22,1,0
BRDA:566,23,0,0
BRDA:566,23,1,0
BRDA:566,23,2,0
BRDA:594,24,0,0
BRDA:594,24,1,0
BRDA:594,25,0,0
BRDA:594,25,1,0
BRDA:598,26,0,0
BRDA:598,26,1,0
BRDA:598,27,0,0
BRDA:598,27,1,0
BRDA:598,27,2,0
BRDA:602,28,0,0
BRDA:602,28,1,0
BRDA:611,29,0,0
BRDA:611,29,1,0
BRDA:638,30,0,0
BRDA:638,30,1,0
BRDA:640,31,0,0
BRDA:640,31,1,0
BRDA:640,31,2,0
BRDA:653,32,0,0
BRDA:653,32,1,0
BRDA:655,33,0,0
BRDA:655,33,1,0
BRDA:655,33,2,0
BRDA:683,34,0,0
BRDA:683,34,1,0
BRDA:683,35,0,0
BRDA:683,35,1,0
BRDA:687,36,0,0
BRDA:687,36,1,0
BRDA:687,37,0,0
BRDA:687,37,1,0
BRDA:687,37,2,0
BRDA:691,38,0,0
BRDA:691,38,1,0
BRDA:700,39,0,0
BRDA:700,39,1,0
BRDA:727,40,0,0
BRDA:727,40,1,0
BRDA:729,41,0,0
BRDA:729,41,1,0
BRDA:729,41,2,0
BRDA:742,42,0,0
BRDA:742,42,1,0
BRDA:744,43,0,0
BRDA:744,43,1,0
BRDA:744,43,2,0
BRDA:772,44,0,0
BRDA:772,44,1,0
BRDA:772,45,0,0
BRDA:772,45,1,0
BRDA:776,46,0,0
BRDA:776,46,1,0
BRDA:776,47,0,0
BRDA:776,47,1,0
BRDA:776,47,2,0
BRDA:780,48,0,0
BRDA:780,48,1,0
BRDA:789,49,0,0
BRDA:789,49,1,0
BRDA:816,50,0,0
BRDA:816,50,1,0
BRDA:818,51,0,0
BRDA:818,51,1,0
BRDA:818,51,2,0
BRDA:831,52,0,0
BRDA:831,52,1,0
BRDA:833,53,0,0
BRDA:833,53,1,0
BRDA:833,53,2,0
BRDA:861,54,0,0
BRDA:861,54,1,0
BRDA:861,55,0,0
BRDA:861,55,1,0
BRDA:865,56,0,0
BRDA:865,56,1,0
BRDA:865,57,0,0
BRDA:865,57,1,0
BRDA:865,57,2,0
BRDA:869,58,0,0
BRDA:869,58,1,0
BRDA:878,59,0,0
BRDA:878,59,1,0
BRDA:940,60,0,0
BRDA:940,60,1,0
BRDA:950,61,0,0
BRDA:950,61,1,0
BRDA:953,62,0,0
BRDA:953,62,1,0
BRDA:981,63,0,0
BRDA:981,63,1,0
BRDA:983,64,0,0
BRDA:983,64,1,0
BRDA:983,64,2,0
BRDA:996,65,0,0
BRDA:996,65,1,0
BRDA:998,66,0,0
BRDA:998,66,1,0
BRDA:998,66,2,0
BRF:154
BRH:0
end_of_record
TN:
SF:resources\js\actions\App\Http\Controllers\CustomersController.ts
FN:7,(anonymous_0)
FN:22,(anonymous_1)
FN:31,(anonymous_2)
FN:40,(anonymous_3)
FN:50,(anonymous_4)
FN:60,(anonymous_5)
FN:69,(anonymous_6)
FN:85,(anonymous_7)
FN:100,(anonymous_8)
FN:109,(anonymous_9)
FN:118,(anonymous_10)
FN:128,(anonymous_11)
FN:138,(anonymous_12)
FN:147,(anonymous_13)
FN:163,(anonymous_14)
FN:178,(anonymous_15)
FN:187,(anonymous_16)
FN:196,(anonymous_17)
FN:206,(anonymous_18)
FN:216,(anonymous_19)
FN:225,(anonymous_20)
FN:241,(anonymous_21)
FN:256,(anonymous_22)
FN:265,(anonymous_23)
FN:275,(anonymous_24)
FN:285,(anonymous_25)
FN:296,(anonymous_26)
FN:311,(anonymous_27)
FN:320,(anonymous_28)
FN:330,(anonymous_29)
FN:340,(anonymous_30)
FN:351,(anonymous_31)
FN:366,(anonymous_32)
FN:399,(anonymous_33)
FN:408,(anonymous_34)
FN:418,(anonymous_35)
FN:428,(anonymous_36)
FN:437,(anonymous_37)
FN:453,(anonymous_38)
FN:468,(anonymous_39)
FN:501,(anonymous_40)
FN:510,(anonymous_41)
FN:520,(anonymous_42)
FN:530,(anonymous_43)
FN:539,(anonymous_44)
FN:555,(anonymous_45)
FN:570,(anonymous_46)
FN:603,(anonymous_47)
FN:612,(anonymous_48)
FN:622,(anonymous_49)
FN:632,(anonymous_50)
FN:641,(anonymous_51)
FN:657,(anonymous_52)
FN:672,(anonymous_53)
FN:705,(anonymous_54)
FN:715,(anonymous_55)
FN:730,(anonymous_56)
FN:746,(anonymous_57)
FN:761,(anonymous_58)
FN:794,(anonymous_59)
FN:804,(anonymous_60)
FN:814,(anonymous_61)
FN:825,(anonymous_62)
FN:840,(anonymous_63)
FN:873,(anonymous_64)
FN:883,(anonymous_65)
FN:898,(anonymous_66)
FN:914,(anonymous_67)
FN:929,(anonymous_68)
FN:962,(anonymous_69)
FN:972,(anonymous_70)
FN:982,(anonymous_71)
FN:993,(anonymous_72)
FN:1008,(anonymous_73)
FN:1041,(anonymous_74)
FN:1051,(anonymous_75)
FN:1061,(anonymous_76)
FNF:77
FNH:0
FNDA:0,(anonymous_0)
FNDA:0,(anonymous_1)
FNDA:0,(anonymous_2)
FNDA:0,(anonymous_3)
FNDA:0,(anonymous_4)
FNDA:0,(anonymous_5)
FNDA:0,(anonymous_6)
FNDA:0,(anonymous_7)
FNDA:0,(anonymous_8)
FNDA:0,(anonymous_9)
FNDA:0,(anonymous_10)
FNDA:0,(anonymous_11)
FNDA:0,(anonymous_12)
FNDA:0,(anonymous_13)
FNDA:0,(anonymous_14)
FNDA:0,(anonymous_15)
FNDA:0,(anonymous_16)
FNDA:0,(anonymous_17)
FNDA:0,(anonymous_18)
FNDA:0,(anonymous_19)
FNDA:0,(anonymous_20)
FNDA:0,(anonymous_21)
FNDA:0,(anonymous_22)
FNDA:0,(anonymous_23)
FNDA:0,(anonymous_24)
FNDA:0,(anonymous_25)
FNDA:0,(anonymous_26)
FNDA:0,(anonymous_27)
FNDA:0,(anonymous_28)
FNDA:0,(anonymous_29)
FNDA:0,(anonymous_30)
FNDA:0,(anonymous_31)
FNDA:0,(anonymous_32)
FNDA:0,(anonymous_33)
FNDA:0,(anonymous_34)
FNDA:0,(anonymous_35)
FNDA:0,(anonymous_36)
FNDA:0,(anonymous_37)
FNDA:0,(anonymous_38)
FNDA:0,(anonymous_39)
FNDA:0,(anonymous_40)
FNDA:0,(anonymous_41)
FNDA:0,(anonymous_42)
FNDA:0,(anonymous_43)
FNDA:0,(anonymous_44)
FNDA:0,(anonymous_45)
FNDA:0,(anonymous_46)
FNDA:0,(anonymous_47)
FNDA:0,(anonymous_48)
FNDA:0,(anonymous_49)
FNDA:0,(anonymous_50)
FNDA:0,(anonymous_51)
FNDA:0,(anonymous_52)
FNDA:0,(anonymous_53)
FNDA:0,(anonymous_54)
FNDA:0,(anonymous_55)
FNDA:0,(anonymous_56)
FNDA:0,(anonymous_57)
FNDA:0,(anonymous_58)
FNDA:0,(anonymous_59)
FNDA:0,(anonymous_60)
FNDA:0,(anonymous_61)
FNDA:0,(anonymous_62)
FNDA:0,(anonymous_63)
FNDA:0,(anonymous_64)
FNDA:0,(anonymous_65)
FNDA:0,(anonymous_66)
FNDA:0,(anonymous_67)
FNDA:0,(anonymous_68)
FNDA:0,(anonymous_69)
FNDA:0,(anonymous_70)
FNDA:0,(anonymous_71)
FNDA:0,(anonymous_72)
FNDA:0,(anonymous_73)
FNDA:0,(anonymous_74)
FNDA:0,(anonymous_75)
FNDA:0,(anonymous_76)
DA:7,0
DA:12,0
DA:22,0
DA:23,0
DA:31,0
DA:40,0
DA:50,0
DA:60,0
DA:69,0
DA:79,0
DA:85,0
DA:90,0
DA:100,0
DA:101,0
DA:109,0
DA:118,0
DA:128,0
DA:138,0
DA:147,0
DA:157,0
DA:163,0
DA:168,0
DA:178,0
DA:179,0
DA:187,0
DA:196,0
DA:206,0
DA:216,0
DA:225,0
DA:235,0
DA:241,0
DA:246,0
DA:256,0
DA:257,0
DA:265,0
DA:275,0
DA:285,0
DA:290,0
DA:296,0
DA:301,0
DA:311,0
DA:312,0
DA:320,0
DA:330,0
DA:340,0
DA:345,0
DA:351,0
DA:356,0
DA:366,0
DA:367,0
DA:368,0
DA:371,0
DA:372,0
DA:375,0
DA:376,0
DA:381,0
DA:383,0
DA:389,0
DA:399,0
DA:408,0
DA:418,0
DA:428,0
DA:437,0
DA:447,0
DA:453,0
DA:458,0
DA:468,0
DA:469,0
DA:470,0
DA:473,0
DA:474,0
DA:477,0
DA:478,0
DA:483,0
DA:485,0
DA:491,0
DA:501,0
DA:510,0
DA:520,0
DA:530,0
DA:539,0
DA:549,0
DA:555,0
DA:560,0
DA:570,0
DA:571,0
DA:572,0
DA:575,0
DA:576,0
DA:579,0
DA:580,0
DA:585,0
DA:587,0
DA:593,0
DA:603,0
DA:612,0
DA:622,0
DA:632,0
DA:641,0
DA:651,0
DA:657,0
DA:662,0
DA:672,0
DA:673,0
DA:674,0
DA:677,0
DA:678,0
DA:681,0
DA:682,0
DA:687,0
DA:689,0
DA:695,0
DA:705,0
DA:715,0
DA:730,0
DA:740,0
DA:746,0
DA:751,0
DA:761,0
DA:762,0
DA:763,0
DA:766,0
DA:767,0
DA:770,0
DA:771,0
DA:776,0
DA:778,0
DA:784,0
DA:794,0
DA:804,0
DA:814,0
DA:819,0
DA:825,0
DA:830,0
DA:840,0
DA:841,0
DA:842,0
DA:845,0
DA:846,0
DA:849,0
DA:850,0
DA:855,0
DA:857,0
DA:863,0
DA:873,0
DA:883,0
DA:898,0
DA:908,0
DA:914,0
DA:919,0
DA:929,0
DA:930,0
DA:931,0
DA:934,0
DA:935,0
DA:938,0
DA:939,0
DA:944,0
DA:946,0
DA:952,0
DA:962,0
DA:972,0
DA:982,0
DA:987,0
DA:993,0
DA:998,0
DA:1008,0
DA:1009,0
DA:1010,0
DA:1013,0
DA:1014,0
DA:1017,0
DA:1018,0
DA:1023,0
DA:1025,0
DA:1031,0
DA:1041,0
DA:1051,0
DA:1061,0
DA:1066,0
DA:1067,0
LF:181
LH:0
BRDA:71,0,0,0
BRDA:71,0,1,0
BRDA:73,1,0,0
BRDA:73,1,1,0
BRDA:73,1,2,0
BRDA:149,2,0,0
BRDA:149,2,1,0
BRDA:151,3,0,0
BRDA:151,3,1,0
BRDA:151,3,2,0
BRDA:227,4,0,0
BRDA:227,4,1,0
BRDA:229,5,0,0
BRDA:229,5,1,0
BRDA:229,5,2,0
BRDA:367,6,0,0
BRDA:367,6,1,0
BRDA:367,7,0,0
BRDA:367,7,1,0
BRDA:371,8,0,0
BRDA:371,8,1,0
BRDA:371,9,0,0
BRDA:371,9,1,0
BRDA:371,9,2,0
BRDA:375,10,0,0
BRDA:375,10,1,0
BRDA:384,11,0,0
BRDA:384,11,1,0
BRDA:439,12,0,0
BRDA:439,12,1,0
BRDA:441,13,0,0
BRDA:441,13,1,0
BRDA:441,13,2,0
BRDA:469,14,0,0
BRDA:469,14,1,0
BRDA:469,15,0,0
BRDA:469,15,1,0
BRDA:473,16,0,0
BRDA:473,16,1,0
BRDA:473,17,0,0
BRDA:473,17,1,0
BRDA:473,17,2,0
BRDA:477,18,0,0
BRDA:477,18,1,0
BRDA:486,19,0,0
BRDA:486,19,1,0
BRDA:541,20,0,0
BRDA:541,20,1,0
BRDA:543,21,0,0
BRDA:543,21,1,0
BRDA:543,21,2,0
BRDA:571,22,0,0
BRDA:571,22,1,0
BRDA:571,23,0,0
BRDA:571,23,1,0
BRDA:575,24,0,0
BRDA:575,24,1,0
BRDA:575,25,0,0
BRDA:575,25,1,0
BRDA:575,25,2,0
BRDA:579,26,0,0
BRDA:579,26,1,0
BRDA:588,27,0,0
BRDA:588,27,1,0
BRDA:643,28,0,0
BRDA:643,28,1,0
BRDA:645,29,0,0
BRDA:645,29,1,0
BRDA:645,29,2,0
BRDA:673,30,0,0
BRDA:673,30,1,0
BRDA:673,31,0,0
BRDA:673,31,1,0
BRDA:677,32,0,0
BRDA:677,32,1,0
BRDA:677,33,0,0
BRDA:677,33,1,0
BRDA:677,33,2,0
BRDA:681,34,0,0
BRDA:681,34,1,0
BRDA:690,35,0,0
BRDA:690,35,1,0
BRDA:717,36,0,0
BRDA:717,36,1,0
BRDA:719,37,0,0
BRDA:719,37,1,0
BRDA:719,37,2,0
BRDA:732,38,0,0
BRDA:732,38,1,0
BRDA:734,39,0,0
BRDA:734,39,1,0
BRDA:734,39,2,0
BRDA:762,40,0,0
BRDA:762,40,1,0
BRDA:762,41,0,0
BRDA:762,41,1,0
BRDA:766,42,0,0
BRDA:766,42,1,0
BRDA:766,43,0,0
BRDA:766,43,1,0
BRDA:766,43,2,0
BRDA:770,44,0,0
BRDA:770,44,1,0
BRDA:779,45,0,0
BRDA:779,45,1,0
BRDA:841,46,0,0
BRDA:841,46,1,0
BRDA:841,47,0,0
BRDA:841,47,1,0
BRDA:845,48,0,0
BRDA:845,48,1,0
BRDA:845,49,0,0
BRDA:845,49,1,0
BRDA:845,49,2,0
BRDA:849,50,0,0
BRDA:849,50,1,0
BRDA:858,51,0,0
BRDA:858,51,1,0
BRDA:885,52,0,0
BRDA:885,52,1,0
BRDA:887,53,0,0
BRDA:887,53,1,0
BRDA:887,53,2,0
BRDA:900,54,0,0
BRDA:900,54,1,0
BRDA:902,55,0,0
BRDA:902,55,1,0
BRDA:902,55,2,0
BRDA:930,56,0,0
BRDA:930,56,1,0
BRDA:930,57,0,0
BRDA:930,57,1,0
BRDA:934,58,0,0
BRDA:934,58,1,0
BRDA:934,59,0,0
BRDA:934,59,1,0
BRDA:934,59,2,0
BRDA:938,60,0,0
BRDA:938,60,1,0
BRDA:947,61,0,0
BRDA:947,61,1,0
BRDA:1009,62,0,0
BRDA:1009,62,1,0
BRDA:1009,63,0,0
BRDA:1009,63,1,0
BRDA:1013,64,0,0
BRDA:1013,64,1,0
BRDA:1013,65,0,0
BRDA:1013,65,1,0
BRDA:1013,65,2,0
BRDA:1017,66,0,0
BRDA:1017,66,1,0
BRDA:1026,67,0,0
BRDA:1026,67,1,0
BRF:154
BRH:0
end_of_record
TN:
SF:resources\js\actions\App\Http\Controllers\DashboardController.ts
FN:7,(anonymous_0)
FN:22,(anonymous_1)
FN:31,(anonymous_2)
FN:40,(anonymous_3)
FN:50,(anonymous_4)
FN:60,(anonymous_5)
FN:69,(anonymous_6)
FNF:7
FNH:0
FNDA:0,(anonymous_0)
FNDA:0,(anonymous_1)
FNDA:0,(anonymous_2)
FNDA:0,(anonymous_3)
FNDA:0,(anonymous_4)
FNDA:0,(anonymous_5)
FNDA:0,(anonymous_6)
DA:7,0
DA:12,0
DA:22,0
DA:23,0
DA:31,0
DA:40,0
DA:50,0
DA:60,0
DA:69,0
DA:79,0
DA:80,0
LF:11
LH:0
BRDA:71,0,0,0
BRDA:71,0,1,0
BRDA:73,1,0,0
BRDA:73,1,1,0
BRDA:73,1,2,0
BRF:5
BRH:0
end_of_record
TN:
SF:resources\js\actions\App\Http\Controllers\GroupsController.ts
FN:7,(anonymous_0)
FN:22,(anonymous_1)
FN:31,(anonymous_2)
FN:40,(anonymous_3)
FN:50,(anonymous_4)
FN:60,(anonymous_5)
FN:69,(anonymous_6)
FN:85,(anonymous_7)
FN:100,(anonymous_8)
FN:109,(anonymous_9)
FN:118,(anonymous_10)
FN:128,(anonymous_11)
FN:138,(anonymous_12)
FN:147,(anonymous_13)
FN:163,(anonymous_14)
FN:178,(anonymous_15)
FN:187,(anonymous_16)
FN:197,(anonymous_17)
FN:207,(anonymous_18)
FN:218,(anonymous_19)
FN:233,(anonymous_20)
FN:266,(anonymous_21)
FN:275,(anonymous_22)
FN:285,(anonymous_23)
FN:295,(anonymous_24)
FN:304,(anonymous_25)
FN:320,(anonymous_26)
FN:335,(anonymous_27)
FN:368,(anonymous_28)
FN:378,(anonymous_29)
FN:393,(anonymous_30)
FN:409,(anonymous_31)
FN:424,(anonymous_32)
FN:457,(anonymous_33)
FN:467,(anonymous_34)
FN:482,(anonymous_35)
FNF:36
FNH:0
FNDA:0,(anonymous_0)
FNDA:0,(anonymous_1)
FNDA:0,(anonymous_2)
FNDA:0,(anonymous_3)
FNDA:0,(anonymous_4)
FNDA:0,(anonymous_5)
FNDA:0,(anonymous_6)
FNDA:0,(anonymous_7)
FNDA:0,(anonymous_8)
FNDA:0,(anonymous_9)
FNDA:0,(anonymous_10)
FNDA:0,(anonymous_11)
FNDA:0,(anonymous_12)
FNDA:0,(anonymous_13)
FNDA:0,(anonymous_14)
FNDA:0,(anonymous_15)
FNDA:0,(anonymous_16)
FNDA:0,(anonymous_17)
FNDA:0,(anonymous_18)
FNDA:0,(anonymous_19)
FNDA:0,(anonymous_20)
FNDA:0,(anonymous_21)
FNDA:0,(anonymous_22)
FNDA:0,(anonymous_23)
FNDA:0,(anonymous_24)
FNDA:0,(anonymous_25)
FNDA:0,(anonymous_26)
FNDA:0,(anonymous_27)
FNDA:0,(anonymous_28)
FNDA:0,(anonymous_29)
FNDA:0,(anonymous_30)
FNDA:0,(anonymous_31)
FNDA:0,(anonymous_32)
FNDA:0,(anonymous_33)
FNDA:0,(anonymous_34)
FNDA:0,(anonymous_35)
DA:7,0
DA:12,0
DA:22,0
DA:23,0
DA:31,0
DA:40,0
DA:50,0
DA:60,0
DA:69,0
DA:79,0
DA:85,0
DA:90,0
DA:100,0
DA:101,0
DA:109,0
DA:118,0
DA:128,0
DA:138,0
DA:147,0
DA:157,0
DA:163,0
DA:168,0
DA:178,0
DA:179,0
DA:187,0
DA:197,0
DA:207,0
DA:212,0
DA:218,0
DA:223,0
DA:233,0
DA:234,0
DA:235,0
DA:238,0
DA:239,0
DA:242,0
DA:243,0
DA:248,0
DA:250,0
DA:256,0
DA:266,0
DA:275,0
DA:285,0
DA:295,0
DA:304,0
DA:314,0
DA:320,0
DA:325,0
DA:335,0
DA:336,0
DA:337,0
DA:340,0
DA:341,0
DA:344,0
DA:345,0
DA:350,0
DA:352,0
DA:358,0
DA:368,0
DA:378,0
DA:393,0
DA:403,0
DA:409,0
DA:414,0
DA:424,0
DA:425,0
DA:426,0
DA:429,0
DA:430,0
DA:433,0
DA:434,0
DA:439,0
DA:441,0
DA:447,0
DA:457,0
DA:467,0
DA:482,0
DA:492,0
DA:493,0
LF:79
LH:0
BRDA:71,0,0,0
BRDA:71,0,1,0
BRDA:73,1,0,0
BRDA:73,1,1,0
BRDA:73,1,2,0
BRDA:149,2,0,0
BRDA:149,2,1,0
BRDA:151,3,0,0
BRDA:151,3,1,0
BRDA:151,3,2,0
BRDA:234,4,0,0
BRDA:234,4,1,0
BRDA:234,5,0,0
BRDA:234,5,1,0
BRDA:238,6,0,0
BRDA:238,6,1,0
BRDA:238,7,0,0
BRDA:238,7,1,0
BRDA:238,7,2,0
BRDA:242,8,0,0
BRDA:242,8,1,0
BRDA:251,9,0,0
BRDA:251,9,1,0
BRDA:306,10,0,0
BRDA:306,10,1,0
BRDA:308,11,0,0
BRDA:308,11,1,0
BRDA:308,11,2,0
BRDA:336,12,0,0
BRDA:336,12,1,0
BRDA:336,13,0,0
BRDA:336,13,1,0
BRDA:340,14,0,0
BRDA:340,14,1,0
BRDA:340,15,0,0
BRDA:340,15,1,0
BRDA:340,15,2,0
BRDA:344,16,0,0
BRDA:344,16,1,0
BRDA:353,17,0,0
BRDA:353,17,1,0
BRDA:380,18,0,0
BRDA:380,18,1,0
BRDA:382,19,0,0
BRDA:382,19,1,0
BRDA:382,19,2,0
BRDA:395,20,0,0
BRDA:395,20,1,0
BRDA:397,21,0,0
BRDA:397,21,1,0
BRDA:397,21,2,0
BRDA:425,22,0,0
BRDA:425,22,1,0
BRDA:425,23,0,0
BRDA:425,23,1,0
BRDA:429,24,0,0
BRDA:429,24,1,0
BRDA:429,25,0,0
BRDA:429,25,1,0
BRDA:429,25,2,0
BRDA:433,26,0,0
BRDA:433,26,1,0
BRDA:442,27,0,0
BRDA:442,27,1,0
BRDA:469,28,0,0
BRDA:469,28,1,0
BRDA:471,29,0,0
BRDA:471,29,1,0
BRDA:471,29,2,0
BRDA:484,30,0,0
BRDA:484,30,1,0
BRDA:486,31,0,0
BRDA:486,31,1,0
BRDA:486,31,2,0
BRF:74
BRH:0
end_of_record
TN:
SF:resources\js\actions\App\Http\Controllers\InstallerController.ts
FN:7,(anonymous_0)
FN:22,(anonymous_1)
FN:31,(anonymous_2)
FN:40,(anonymous_3)
FN:50,(anonymous_4)
FN:60,(anonymous_5)
FN:69,(anonymous_6)
FN:85,(anonymous_7)
FN:100,(anonymous_8)
FN:109,(anonymous_9)
FN:119,(anonymous_10)
FN:129,(anonymous_11)
FNF:12
FNH:0
FNDA:0,(anonymous_0)
FNDA:0,(anonymous_1)
FNDA:0,(anonymous_2)
FNDA:0,(anonymous_3)
FNDA:0,(anonymous_4)
FNDA:0,(anonymous_5)
FNDA:0,(anonymous_6)
FNDA:0,(anonymous_7)
FNDA:0,(anonymous_8)
FNDA:0,(anonymous_9)
FNDA:0,(anonymous_10)
FNDA:0,(anonymous_11)
DA:7,0
DA:12,0
DA:22,0
DA:23,0
DA:31,0
DA:40,0
DA:50,0
DA:60,0
DA:69,0
DA:79,0
DA:85,0
DA:90,0
DA:100,0
DA:101,0
DA:109,0
DA:119,0
DA:129,0
DA:134,0
DA:135,0
LF:19
LH:0
BRDA:71,0,0,0
BRDA:71,0,1,0
BRDA:73,1,0,0
BRDA:73,1,1,0
BRDA:73,1,2,0
BRF:5
BRH:0
end_of_record
TN:
SF:resources\js\actions\App\Http\Controllers\InvoicesController.ts
FN:7,(anonymous_0)
FN:22,(anonymous_1)
FN:31,(anonymous_2)
FN:40,(anonymous_3)
FN:50,(anonymous_4)
FN:60,(anonymous_5)
FN:69,(anonymous_6)
FN:85,(anonymous_7)
FN:100,(anonymous_8)
FN:109,(anonymous_9)
FN:119,(anonymous_10)
FN:129,(anonymous_11)
FN:140,(anonymous_12)
FN:155,(anonymous_13)
FN:164,(anonymous_14)
FN:173,(anonymous_15)
FN:183,(anonymous_16)
FN:193,(anonymous_17)
FN:202,(anonymous_18)
FN:218,(anonymous_19)
FN:233,(anonymous_20)
FN:242,(anonymous_21)
FN:251,(anonymous_22)
FN:261,(anonymous_23)
FN:271,(anonymous_24)
FN:280,(anonymous_25)
FN:296,(anonymous_26)
FN:311,(anonymous_27)
FN:320,(anonymous_28)
FN:330,(anonymous_29)
FN:340,(anonymous_30)
FN:351,(anonymous_31)
FN:366,(anonymous_32)
FN:375,(anonymous_33)
FN:385,(anonymous_34)
FN:395,(anonymous_35)
FN:406,(anonymous_36)
FN:421,(anonymous_37)
FN:449,(anonymous_38)
FN:459,(anonymous_39)
FN:474,(anonymous_40)
FN:490,(anonymous_41)
FN:505,(anonymous_42)
FN:538,(anonymous_43)
FN:547,(anonymous_44)
FN:557,(anonymous_45)
FN:567,(anonymous_46)
FN:576,(anonymous_47)
FN:592,(anonymous_48)
FN:607,(anonymous_49)
FN:640,(anonymous_50)
FN:649,(anonymous_51)
FN:659,(anonymous_52)
FN:669,(anonymous_53)
FN:678,(anonymous_54)
FN:694,(anonymous_55)
FN:709,(anonymous_56)
FN:742,(anonymous_57)
FN:752,(anonymous_58)
FN:767,(anonymous_59)
FN:783,(anonymous_60)
FN:798,(anonymous_61)
FN:831,(anonymous_62)
FN:841,(anonymous_63)
FN:856,(anonymous_64)
FN:872,(anonymous_65)
FN:887,(anonymous_66)
FN:920,(anonymous_67)
FN:930,(anonymous_68)
FN:945,(anonymous_69)
FN:961,(anonymous_70)
FN:976,(anonymous_71)
FN:1009,(anonymous_72)
FN:1018,(anonymous_73)
FN:1028,(anonymous_74)
FN:1038,(anonymous_75)
FN:1047,(anonymous_76)
FN:1063,(anonymous_77)
FN:1078,(anonymous_78)
FN:1111,(anonymous_79)
FN:1120,(anonymous_80)
FN:1130,(anonymous_81)
FN:1140,(anonymous_82)
FN:1149,(anonymous_83)
FN:1165,(anonymous_84)
FN:1180,(anonymous_85)
FN:1213,(anonymous_86)
FN:1223,(anonymous_87)
FN:1233,(anonymous_88)
FN:1244,(anonymous_89)
FN:1259,(anonymous_90)
FN:1292,(anonymous_91)
FN:1302,(anonymous_92)
FN:1312,(anonymous_93)
FNF:94
FNH:0
FNDA:0,(anonymous_0)
FNDA:0,(anonymous_1)
FNDA:0,(anonymous_2)
FNDA:0,(anonymous_3)
FNDA:0,(anonymous_4)
FNDA:0,(anonymous_5)
FNDA:0,(anonymous_6)
FNDA:0,(anonymous_7)
FNDA:0,(anonymous_8)
FNDA:0,(anonymous_9)
FNDA:0,(anonymous_10)
FNDA:0,(anonymous_11)
FNDA:0,(anonymous_12)
FNDA:0,(anonymous_13)
FNDA:0,(anonymous_14)
FNDA:0,(anonymous_15)
FNDA:0,(anonymous_16)
FNDA:0,(anonymous_17)
FNDA:0,(anonymous_18)
FNDA:0,(anonymous_19)
FNDA:0,(anonymous_20)
FNDA:0,(anonymous_21)
FNDA:0,(anonymous_22)
FNDA:0,(anonymous_23)
FNDA:0,(anonymous_24)
FNDA:0,(anonymous_25)
FNDA:0,(anonymous_26)
FNDA:0,(anonymous_27)
FNDA:0,(anonymous_28)
FNDA:0,(anonymous_29)
FNDA:0,(anonymous_30)
FNDA:0,(anonymous_31)
FNDA:0,(anonymous_32)
FNDA:0,(anonymous_33)
FNDA:0,(anonymous_34)
FNDA:0,(anonymous_35)
FNDA:0,(anonymous_36)
FNDA:0,(anonymous_37)
FNDA:0,(anonymous_38)
FNDA:0,(anonymous_39)
FNDA:0,(anonymous_40)
FNDA:0,(anonymous_41)
FNDA:0,(anonymous_42)
FNDA:0,(anonymous_43)
FNDA:0,(anonymous_44)
FNDA:0,(anonymous_45)
FNDA:0,(anonymous_46)
FNDA:0,(anonymous_47)
FNDA:0,(anonymous_48)
FNDA:0,(anonymous_49)
FNDA:0,(anonymous_50)
FNDA:0,(anonymous_51)
FNDA:0,(anonymous_52)
FNDA:0,(anonymous_53)
FNDA:0,(anonymous_54)
FNDA:0,(anonymous_55)
FNDA:0,(anonymous_56)
FNDA:0,(anonymous_57)
FNDA:0,(anonymous_58)
FNDA:0,(anonymous_59)
FNDA:0,(anonymous_60)
FNDA:0,(anonymous_61)
FNDA:0,(anonymous_62)
FNDA:0,(anonymous_63)
FNDA:0,(anonymous_64)
FNDA:0,(anonymous_65)
FNDA:0,(anonymous_66)
FNDA:0,(anonymous_67)
FNDA:0,(anonymous_68)
FNDA:0,(anonymous_69)
FNDA:0,(anonymous_70)
FNDA:0,(anonymous_71)
FNDA:0,(anonymous_72)
FNDA:0,(anonymous_73)
FNDA:0,(anonymous_74)
FNDA:0,(anonymous_75)
FNDA:0,(anonymous_76)
FNDA:0,(anonymous_77)
FNDA:0,(anonymous_78)
FNDA:0,(anonymous_79)
FNDA:0,(anonymous_80)
FNDA:0,(anonymous_81)
FNDA:0,(anonymous_82)
FNDA:0,(anonymous_83)
FNDA:0,(anonymous_84)
FNDA:0,(anonymous_85)
FNDA:0,(anonymous_86)
FNDA:0,(anonymous_87)
FNDA:0,(anonymous_88)
FNDA:0,(anonymous_89)
FNDA:0,(anonymous_90)
FNDA:0,(anonymous_91)
FNDA:0,(anonymous_92)
FNDA:0,(anonymous_93)
DA:7,0
DA:12,0
DA:22,0
DA:23,0
DA:31,0
DA:40,0
DA:50,0
DA:60,0
DA:69,0
DA:79,0
DA:85,0
DA:90,0
DA:100,0
DA:101,0
DA:109,0
DA:119,0
DA:129,0
DA:134,0
DA:140,0
DA:145,0
DA:155,0
DA:156,0
DA:164,0
DA:173,0
DA:183,0
DA:193,0
DA:202,0
DA:212,0
DA:218,0
DA:223,0
DA:233,0
DA:234,0
DA:242,0
DA:251,0
DA:261,0
DA:271,0
DA:280,0
DA:290,0
DA:296,0
DA:301,0
DA:311,0
DA:312,0
DA:320,0
DA:330,0
DA:340,0
DA:345,0
DA:351,0
DA:356,0
DA:366,0
DA:367,0
DA:375,0
DA:385,0
DA:395,0
DA:400,0
DA:406,0
DA:411,0
DA:421,0
DA:422,0
DA:423,0
DA:427,0
DA:428,0
DA:433,0
DA:435,0
DA:439,0
DA:449,0
DA:459,0
DA:474,0
DA:484,0
DA:490,0
DA:495,0
DA:505,0
DA:506,0
DA:507,0
DA:510,0
DA:511,0
DA:514,0
DA:515,0
DA:520,0
DA:522,0
DA:528,0
DA:538,0
DA:547,0
DA:557,0
DA:567,0
DA:576,0
DA:586,0
DA:592,0
DA:597,0
DA:607,0
DA:608,0
DA:609,0
DA:612,0
DA:613,0
DA:616,0
DA:617,0
DA:622,0
DA:624,0
DA:630,0
DA:640,0
DA:649,0
DA:659,0
DA:669,0
DA:678,0
DA:688,0
DA:694,0
DA:699,0
DA:709,0
DA:710,0
DA:711,0
DA:714,0
DA:715,0
DA:718,0
DA:719,0
DA:724,0
DA:726,0
DA:732,0
DA:742,0
DA:752,0
DA:767,0
DA:777,0
DA:783,0
DA:788,0
DA:798,0
DA:799,0
DA:800,0
DA:803,0
DA:804,0
DA:807,0
DA:808,0
DA:813,0
DA:815,0
DA:821,0
DA:831,0
DA:841,0
DA:856,0
DA:866,0
DA:872,0
DA:877,0
DA:887,0
DA:888,0
DA:889,0
DA:892,0
DA:893,0
DA:896,0
DA:897,0
DA:902,0
DA:904,0
DA:910,0
DA:920,0
DA:930,0
DA:945,0
DA:955,0
DA:961,0
DA:966,0
DA:976,0
DA:977,0
DA:978,0
DA:981,0
DA:982,0
DA:985,0
DA:986,0
DA:991,0
DA:993,0
DA:999,0
DA:1009,0
DA:1018,0
DA:1028,0
DA:1038,0
DA:1047,0
DA:1057,0
DA:1063,0
DA:1068,0
DA:1078,0
DA:1079,0
DA:1080,0
DA:1083,0
DA:1084,0
DA:1087,0
DA:1088,0
DA:1093,0
DA:1095,0
DA:1101,0
DA:1111,0
DA:1120,0
DA:1130,0
DA:1140,0
DA:1149,0
DA:1159,0
DA:1165,0
DA:1170,0
DA:1180,0
DA:1181,0
DA:1182,0
DA:1185,0
DA:1186,0
DA:1189,0
DA:1190,0
DA:1195,0
DA:1197,0
DA:1203,0
DA:1213,0
DA:1223,0
DA:1233,0
DA:1238,0
DA:1244,0
DA:1249,0
DA:1259,0
DA:1260,0
DA:1261,0
DA:1264,0
DA:1265,0
DA:1268,0
DA:1269,0
DA:1274,0
DA:1276,0
DA:1282,0
DA:1292,0
DA:1302,0
DA:1312,0
DA:1317,0
DA:1318,0
LF:221
LH:0
BRDA:71,0,0,0
BRDA:71,0,1,0
BRDA:73,1,0,0
BRDA:73,1,1,0
BRDA:73,1,2,0
BRDA:204,2,0,0
BRDA:204,2,1,0
BRDA:206,3,0,0
BRDA:206,3,1,0
BRDA:206,3,2,0
BRDA:282,4,0,0
BRDA:282,4,1,0
BRDA:284,5,0,0
BRDA:284,5,1,0
BRDA:284,5,2,0
BRDA:422,6,0,0
BRDA:422,6,1,0
BRDA:422,7,0,0
BRDA:422,7,1,0
BRDA:427,8,0,0
BRDA:427,8,1,0
BRDA:461,9,0,0
BRDA:461,9,1,0
BRDA:463,10,0,0
BRDA:463,10,1,0
BRDA:463,10,2,0
BRDA:476,11,0,0
BRDA:476,11,1,0
BRDA:478,12,0,0
BRDA:478,12,1,0
BRDA:478,12,2,0
BRDA:506,13,0,0
BRDA:506,13,1,0
BRDA:506,14,0,0
BRDA:506,14,1,0
BRDA:510,15,0,0
BRDA:510,15,1,0
BRDA:510,16,0,0
BRDA:510,16,1,0
BRDA:510,16,2,0
BRDA:514,17,0,0
BRDA:514,17,1,0
BRDA:523,18,0,0
BRDA:523,18,1,0
BRDA:578,19,0,0
BRDA:578,19,1,0
BRDA:580,20,0,0
BRDA:580,20,1,0
BRDA:580,20,2,0
BRDA:608,21,0,0
BRDA:608,21,1,0
BRDA:608,22,0,0
BRDA:608,22,1,0
BRDA:612,23,0,0
BRDA:612,23,1,0
BRDA:612,24,0,0
BRDA:612,24,1,0
BRDA:612,24,2,0
BRDA:616,25,0,0
BRDA:616,25,1,0
BRDA:625,26,0,0
BRDA:625,26,1,0
BRDA:680,27,0,0
BRDA:680,27,1,0
BRDA:682,28,0,0
BRDA:682,28,1,0
BRDA:682,28,2,0
BRDA:710,29,0,0
BRDA:710,29,1,0
BRDA:710,30,0,0
BRDA:710,30,1,0
BRDA:714,31,0,0
BRDA:714,31,1,0
BRDA:714,32,0,0
BRDA:714,32,1,0
BRDA:714,32,2,0
BRDA:718,33,0,0
BRDA:718,33,1,0
BRDA:727,34,0,0
BRDA:727,34,1,0
BRDA:754,35,0,0
BRDA:754,35,1,0
BRDA:756,36,0,0
BRDA:756,36,1,0
BRDA:756,36,2,0
BRDA:769,37,0,0
BRDA:769,37,1,0
BRDA:771,38,0,0
BRDA:771,38,1,0
BRDA:771,38,2,0
BRDA:799,39,0,0
BRDA:799,39,1,0
BRDA:799,40,0,0
BRDA:799,40,1,0
BRDA:803,41,0,0
BRDA:803,41,1,0
BRDA:803,42,0,0
BRDA:803,42,1,0
BRDA:803,42,2,0
BRDA:807,43,0,0
BRDA:807,43,1,0
BRDA:816,44,0,0
BRDA:816,44,1,0
BRDA:843,45,0,0
BRDA:843,45,1,0
BRDA:845,46,0,0
BRDA:845,46,1,0
BRDA:845,46,2,0
BRDA:858,47,0,0
BRDA:858,47,1,0
BRDA:860,48,0,0
BRDA:860,48,1,0
BRDA:860,48,2,0
BRDA:888,49,0,0
BRDA:888,49,1,0
BRDA:888,50,0,0
BRDA:888,50,1,0
BRDA:892,51,0,0
BRDA:892,51,1,0
BRDA:892,52,0,0
BRDA:892,52,1,0
BRDA:892,52,2,0
BRDA:896,53,0,0
BRDA:896,53,1,0
BRDA:905,54,0,0
BRDA:905,54,1,0
BRDA:932,55,0,0
BRDA:932,55,1,0
BRDA:934,56,0,0
BRDA:934,56,1,0
BRDA:934,56,2,0
BRDA:947,57,0,0
BRDA:947,57,1,0
BRDA:949,58,0,0
BRDA:949,58,1,0
BRDA:949,58,2,0
BRDA:977,59,0,0
BRDA:977,59,1,0
BRDA:977,60,0,0
BRDA:977,60,1,0
BRDA:981,61,0,0
BRDA:981,61,1,0
BRDA:981,62,0,0
BRDA:981,62,1,0
BRDA:981,62,2,0
BRDA:985,63,0,0
BRDA:985,63,1,0
BRDA:994,64,0,0
BRDA:994,64,1,0
BRDA:1049,65,0,0
BRDA:1049,65,1,0
BRDA:1051,66,0,0
BRDA:1051,66,1,0
BRDA:1051,66,2,0
BRDA:1079,67,0,0
BRDA:1079,67,1,0
BRDA:1079,68,0,0
BRDA:1079,68,1,0
BRDA:1083,69,0,0
BRDA:1083,69,1,0
BRDA:1083,70,0,0
BRDA:1083,70,1,0
BRDA:1083,70,2,0
BRDA:1087,71,0,0
BRDA:1087,71,1,0
BRDA:1096,72,0,0
BRDA:1096,72,1,0
BRDA:1151,73,0,0
BRDA:1151,73,1,0
BRDA:1153,74,0,0
BRDA:1153,74,1,0
BRDA:1153,74,2,0
BRDA:1181,75,0,0
BRDA:1181,75,1,0
BRDA:1181,76,0,0
BRDA:1181,76,1,0
BRDA:1185,77,0,0
BRDA:1185,77,1,0
BRDA:1185,78,0,0
BRDA:1185,78,1,0
BRDA:1185,78,2,0
BRDA:1189,79,0,0
BRDA:1189,79,1,0
BRDA:1198,80,0,0
BRDA:1198,80,1,0
BRDA:1260,81,0,0
BRDA:1260,81,1,0
BRDA:1260,82,0,0
BRDA:1260,82,1,0
BRDA:1264,83,0,0
BRDA:1264,83,1,0
BRDA:1264,84,0,0
BRDA:1264,84,1,0
BRDA:1264,84,2,0
BRDA:1268,85,0,0
BRDA:1268,85,1,0
BRDA:1277,86,0,0
BRDA:1277,86,1,0
BRF:198
BRH:0
end_of_record
TN:
SF:resources\js\actions\App\Http\Controllers\JobcardController.ts
FN:7,(anonymous_0)
FN:22,(anonymous_1)
FN:31,(anonymous_2)
FN:40,(anonymous_3)
FN:50,(anonymous_4)
FN:60,(anonymous_5)
FN:69,(anonymous_6)
FN:85,(anonymous_7)
FN:100,(anonymous_8)
FN:109,(anonymous_9)
FN:118,(anonymous_10)
FN:128,(anonymous_11)
FN:138,(anonymous_12)
FN:147,(anonymous_13)
FN:163,(anonymous_14)
FN:178,(anonymous_15)
FN:187,(anonymous_16)
FN:197,(anonymous_17)
FN:207,(anonymous_18)
FN:218,(anonymous_19)
FN:233,(anonymous_20)
FN:242,(anonymous_21)
FN:252,(anonymous_22)
FN:262,(anonymous_23)
FN:273,(anonymous_24)
FN:288,(anonymous_25)
FN:316,(anonymous_26)
FN:326,(anonymous_27)
FN:341,(anonymous_28)
FN:357,(anonymous_29)
FN:372,(anonymous_30)
FN:405,(anonymous_31)
FN:414,(anonymous_32)
FN:424,(anonymous_33)
FN:434,(anonymous_34)
FN:443,(anonymous_35)
FN:459,(anonymous_36)
FN:474,(anonymous_37)
FN:507,(anonymous_38)
FN:516,(anonymous_39)
FN:526,(anonymous_40)
FN:536,(anonymous_41)
FN:545,(anonymous_42)
FN:561,(anonymous_43)
FN:576,(anonymous_44)
FN:609,(anonymous_45)
FN:619,(anonymous_46)
FN:634,(anonymous_47)
FN:650,(anonymous_48)
FN:665,(anonymous_49)
FN:698,(anonymous_50)
FN:708,(anonymous_51)
FN:723,(anonymous_52)
FN:739,(anonymous_53)
FN:754,(anonymous_54)
FN:787,(anonymous_55)
FN:796,(anonymous_56)
FN:806,(anonymous_57)
FN:816,(anonymous_58)
FN:825,(anonymous_59)
FN:841,(anonymous_60)
FN:856,(anonymous_61)
FN:889,(anonymous_62)
FN:899,(anonymous_63)
FN:909,(anonymous_64)
FN:920,(anonymous_65)
FN:935,(anonymous_66)
FN:968,(anonymous_67)
FN:978,(anonymous_68)
FN:988,(anonymous_69)
FN:999,(anonymous_70)
FN:1014,(anonymous_71)
FN:1047,(anonymous_72)
FN:1057,(anonymous_73)
FN:1067,(anonymous_74)
FN:1078,(anonymous_75)
FN:1093,(anonymous_76)
FN:1126,(anonymous_77)
FN:1136,(anonymous_78)
FN:1146,(anonymous_79)
FN:1157,(anonymous_80)
FN:1172,(anonymous_81)
FN:1205,(anonymous_82)
FN:1215,(anonymous_83)
FN:1230,(anonymous_84)
FNF:85
FNH:0
FNDA:0,(anonymous_0)
FNDA:0,(anonymous_1)
FNDA:0,(anonymous_2)
FNDA:0,(anonymous_3)
FNDA:0,(anonymous_4)
FNDA:0,(anonymous_5)
FNDA:0,(anonymous_6)
FNDA:0,(anonymous_7)
FNDA:0,(anonymous_8)
FNDA:0,(anonymous_9)
FNDA:0,(anonymous_10)
FNDA:0,(anonymous_11)
FNDA:0,(anonymous_12)
FNDA:0,(anonymous_13)
FNDA:0,(anonymous_14)
FNDA:0,(anonymous_15)
FNDA:0,(anonymous_16)
FNDA:0,(anonymous_17)
FNDA:0,(anonymous_18)
FNDA:0,(anonymous_19)
FNDA:0,(anonymous_20)
FNDA:0,(anonymous_21)
FNDA:0,(anonymous_22)
FNDA:0,(anonymous_23)
FNDA:0,(anonymous_24)
FNDA:0,(anonymous_25)
FNDA:0,(anonymous_26)
FNDA:0,(anonymous_27)
FNDA:0,(anonymous_28)
FNDA:0,(anonymous_29)
FNDA:0,(anonymous_30)
FNDA:0,(anonymous_31)
FNDA:0,(anonymous_32)
FNDA:0,(anonymous_33)
FNDA:0,(anonymous_34)
FNDA:0,(anonymous_35)
FNDA:0,(anonymous_36)
FNDA:0,(anonymous_37)
FNDA:0,(anonymous_38)
FNDA:0,(anonymous_39)
FNDA:0,(anonymous_40)
FNDA:0,(anonymous_41)
FNDA:0,(anonymous_42)
FNDA:0,(anonymous_43)
FNDA:0,(anonymous_44)
FNDA:0,(anonymous_45)
FNDA:0,(anonymous_46)
FNDA:0,(anonymous_47)
FNDA:0,(anonymous_48)
FNDA:0,(anonymous_49)
FNDA:0,(anonymous_50)
FNDA:0,(anonymous_51)
FNDA:0,(anonymous_52)
FNDA:0,(anonymous_53)
FNDA:0,(anonymous_54)
FNDA:0,(anonymous_55)
FNDA:0,(anonymous_56)
FNDA:0,(anonymous_57)
FNDA:0,(anonymous_58)
FNDA:0,(anonymous_59)
FNDA:0,(anonymous_60)
FNDA:0,(anonymous_61)
FNDA:0,(anonymous_62)
FNDA:0,(anonymous_63)
FNDA:0,(anonymous_64)
FNDA:0,(anonymous_65)
FNDA:0,(anonymous_66)
FNDA:0,(anonymous_67)
FNDA:0,(anonymous_68)
FNDA:0,(anonymous_69)
FNDA:0,(anonymous_70)
FNDA:0,(anonymous_71)
FNDA:0,(anonymous_72)
FNDA:0,(anonymous_73)
FNDA:0,(anonymous_74)
FNDA:0,(anonymous_75)
FNDA:0,(anonymous_76)
FNDA:0,(anonymous_77)
FNDA:0,(anonymous_78)
FNDA:0,(anonymous_79)
FNDA:0,(anonymous_80)
FNDA:0,(anonymous_81)
FNDA:0,(anonymous_82)
FNDA:0,(anonymous_83)
FNDA:0,(anonymous_84)
DA:7,0
DA:12,0
DA:22,0
DA:23,0
DA:31,0
DA:40,0
DA:50,0
DA:60,0
DA:69,0
DA:79,0
DA:85,0
DA:90,0
DA:100,0
DA:101,0
DA:109,0
DA:118,0
DA:128,0
DA:138,0
DA:147,0
DA:157,0
DA:163,0
DA:168,0
DA:178,0
DA:179,0
DA:187,0
DA:197,0
DA:207,0
DA:212,0
DA:218,0
DA:223,0
DA:233,0
DA:234,0
DA:242,0
DA:252,0
DA:262,0
DA:267,0
DA:273,0
DA:278,0
DA:288,0
DA:289,0
DA:290,0
DA:294,0
DA:295,0
DA:300,0
DA:302,0
DA:306,0
DA:316,0
DA:326,0
DA:341,0
DA:351,0
DA:357,0
DA:362,0
DA:372,0
DA:373,0
DA:374,0
DA:377,0
DA:378,0
DA:381,0
DA:382,0
DA:387,0
DA:389,0
DA:395,0
DA:405,0
DA:414,0
DA:424,0
DA:434,0
DA:443,0
DA:453,0
DA:459,0
DA:464,0
DA:474,0
DA:475,0
DA:476,0
DA:479,0
DA:480,0
DA:483,0
DA:484,0
DA:489,0
DA:491,0
DA:497,0
DA:507,0
DA:516,0
DA:526,0
DA:536,0
DA:545,0
DA:555,0
DA:561,0
DA:566,0
DA:576,0
DA:577,0
DA:578,0
DA:581,0
DA:582,0
DA:585,0
DA:586,0
DA:591,0
DA:593,0
DA:599,0
DA:609,0
DA:619,0
DA:634,0
DA:644,0
DA:650,0
DA:655,0
DA:665,0
DA:666,0
DA:667,0
DA:670,0
DA:671,0
DA:674,0
DA:675,0
DA:680,0
DA:682,0
DA:688,0
DA:698,0
DA:708,0
DA:723,0
DA:733,0
DA:739,0
DA:744,0
DA:754,0
DA:755,0
DA:756,0
DA:759,0
DA:760,0
DA:763,0
DA:764,0
DA:769,0
DA:771,0
DA:777,0
DA:787,0
DA:796,0
DA:806,0
DA:816,0
DA:825,0
DA:835,0
DA:841,0
DA:846,0
DA:856,0
DA:857,0
DA:858,0
DA:861,0
DA:862,0
DA:865,0
DA:866,0
DA:871,0
DA:873,0
DA:879,0
DA:889,0
DA:899,0
DA:909,0
DA:914,0
DA:920,0
DA:925,0
DA:935,0
DA:936,0
DA:937,0
DA:940,0
DA:941,0
DA:944,0
DA:945,0
DA:950,0
DA:952,0
DA:958,0
DA:968,0
DA:978,0
DA:988,0
DA:993,0
DA:999,0
DA:1004,0
DA:1014,0
DA:1015,0
DA:1016,0
DA:1019,0
DA:1020,0
DA:1023,0
DA:1024,0
DA:1029,0
DA:1031,0
DA:1037,0
DA:1047,0
DA:1057,0
DA:1067,0
DA:1072,0
DA:1078,0
DA:1083,0
DA:1093,0
DA:1094,0
DA:1095,0
DA:1098,0
DA:1099,0
DA:1102,0
DA:1103,0
DA:1108,0
DA:1110,0
DA:1116,0
DA:1126,0
DA:1136,0
DA:1146,0
DA:1151,0
DA:1157,0
DA:1162,0
DA:1172,0
DA:1173,0
DA:1174,0
DA:1177,0
DA:1178,0
DA:1181,0
DA:1182,0
DA:1187,0
DA:1189,0
DA:1195,0
DA:1205,0
DA:1215,0
DA:1230,0
DA:1240,0
DA:1241,0
LF:217
LH:0
BRDA:71,0,0,0
BRDA:71,0,1,0
BRDA:73,1,0,0
BRDA:73,1,1,0
BRDA:73,1,2,0
BRDA:149,2,0,0
BRDA:149,2,1,0
BRDA:151,3,0,0
BRDA:151,3,1,0
BRDA:151,3,2,0
BRDA:289,4,0,0
BRDA:289,4,1,0
BRDA:289,5,0,0
BRDA:289,5,1,0
BRDA:294,6,0,0
BRDA:294,6,1,0
BRDA:328,7,0,0
BRDA:328,7,1,0
BRDA:330,8,0,0
BRDA:330,8,1,0
BRDA:330,8,2,0
BRDA:343,9,0,0
BRDA:343,9,1,0
BRDA:345,10,0,0
BRDA:345,10,1,0
BRDA:345,10,2,0
BRDA:373,11,0,0
BRDA:373,11,1,0
BRDA:373,12,0,0
BRDA:373,12,1,0
BRDA:377,13,0,0
BRDA:377,13,1,0
BRDA:377,14,0,0
BRDA:377,14,1,0
BRDA:377,14,2,0
BRDA:381,15,0,0
BRDA:381,15,1,0
BRDA:390,16,0,0
BRDA:390,16,1,0
BRDA:445,17,0,0
BRDA:445,17,1,0
BRDA:447,18,0,0
BRDA:447,18,1,0
BRDA:447,18,2,0
BRDA:475,19,0,0
BRDA:475,19,1,0
BRDA:475,20,0,0
BRDA:475,20,1,0
BRDA:479,21,0,0
BRDA:479,21,1,0
BRDA:479,22,0,0
BRDA:479,22,1,0
BRDA:479,22,2,0
BRDA:483,23,0,0
BRDA:483,23,1,0
BRDA:492,24,0,0
BRDA:492,24,1,0
BRDA:547,25,0,0
BRDA:547,25,1,0
BRDA:549,26,0,0
BRDA:549,26,1,0
BRDA:549,26,2,0
BRDA:577,27,0,0
BRDA:577,27,1,0
BRDA:577,28,0,0
BRDA:577,28,1,0
BRDA:581,29,0,0
BRDA:581,29,1,0
BRDA:581,30,0,0
BRDA:581,30,1,0
BRDA:581,30,2,0
BRDA:585,31,0,0
BRDA:585,31,1,0
BRDA:594,32,0,0
BRDA:594,32,1,0
BRDA:621,33,0,0
BRDA:621,33,1,0
BRDA:623,34,0,0
BRDA:623,34,1,0
BRDA:623,34,2,0
BRDA:636,35,0,0
BRDA:636,35,1,0
BRDA:638,36,0,0
BRDA:638,36,1,0
BRDA:638,36,2,0
BRDA:666,37,0,0
BRDA:666,37,1,0
BRDA:666,38,0,0
BRDA:666,38,1,0
BRDA:670,39,0,0
BRDA:670,39,1,0
BRDA:670,40,0,0
BRDA:670,40,1,0
BRDA:670,40,2,0
BRDA:674,41,0,0
BRDA:674,41,1,0
BRDA:683,42,0,0
BRDA:683,42,1,0
BRDA:710,43,0,0
BRDA:710,43,1,0
BRDA:712,44,0,0
BRDA:712,44,1,0
BRDA:712,44,2,0
BRDA:725,45,0,0
BRDA:725,45,1,0
BRDA:727,46,0,0
BRDA:727,46,1,0
BRDA:727,46,2,0
BRDA:755,47,0,0
BRDA:755,47,1,0
BRDA:755,48,0,0
BRDA:755,48,1,0
BRDA:759,49,0,0
BRDA:759,49,1,0
BRDA:759,50,0,0
BRDA:759,50,1,0
BRDA:759,50,2,0
BRDA:763,51,0,0
BRDA:763,51,1,0
BRDA:772,52,0,0
BRDA:772,52,1,0
BRDA:827,53,0,0
BRDA:827,53,1,0
BRDA:829,54,0,0
BRDA:829,54,1,0
BRDA:829,54,2,0
BRDA:857,55,0,0
BRDA:857,55,1,0
BRDA:857,56,0,0
BRDA:857,56,1,0
BRDA:861,57,0,0
BRDA:861,57,1,0
BRDA:861,58,0,0
BRDA:861,58,1,0
BRDA:861,58,2,0
BRDA:865,59,0,0
BRDA:865,59,1,0
BRDA:874,60,0,0
BRDA:874,60,1,0
BRDA:936,61,0,0
BRDA:936,61,1,0
BRDA:936,62,0,0
BRDA:936,62,1,0
BRDA:940,63,0,0
BRDA:940,63,1,0
BRDA:940,64,0,0
BRDA:940,64,1,0
BRDA:940,64,2,0
BRDA:944,65,0,0
BRDA:944,65,1,0
BRDA:953,66,0,0
BRDA:953,66,1,0
BRDA:1015,67,0,0
BRDA:1015,67,1,0
BRDA:1015,68,0,0
BRDA:1015,68,1,0
BRDA:1019,69,0,0
BRDA:1019,69,1,0
BRDA:1019,70,0,0
BRDA:1019,70,1,0
BRDA:1019,70,2,0
BRDA:1023,71,0,0
BRDA:1023,71,1,0
BRDA:1032,72,0,0
BRDA:1032,72,1,0
BRDA:1094,73,0,0
BRDA:1094,73,1,0
BRDA:1094,74,0,0
[...]
BRDA:330,47,1,0
BRDA:330,48,0,0
BRDA:330,48,1,0
BRDA:335,49,0,0
BRDA:335,49,1,0
BRDA:335,50,0,0
BRDA:335,50,1,0
BRDA:346,51,0,0
BRDA:349,52,0,0
BRDA:349,52,1,0
BRDA:349,53,0,0
BRDA:349,53,1,0
BRDA:364,54,0,0
BRDA:372,55,0,0
BRDA:372,55,1,0
BRF:105
BRH:0
end_of_record
TN:
SF:resources\js\pages\suppliers\Create.vue
FN:21,submit
FN:32,(anonymous_1)
FN:38,(anonymous_2)
FN:60,(anonymous_3)
FN:74,(anonymous_4)
FN:90,(anonymous_5)
FN:102,(anonymous_6)
FN:117,(anonymous_7)
FN:126,(anonymous_8)
FN:135,(anonymous_9)
FN:144,(anonymous_10)
FN:153,(anonymous_11)
FN:168,(anonymous_12)
FN:177,(anonymous_13)
FN:188,(anonymous_14)
FNF:15
FNH:0
FNDA:0,submit
FNDA:0,(anonymous_1)
FNDA:0,(anonymous_2)
FNDA:0,(anonymous_3)
FNDA:0,(anonymous_4)
FNDA:0,(anonymous_5)
FNDA:0,(anonymous_6)
FNDA:0,(anonymous_7)
FNDA:0,(anonymous_8)
FNDA:0,(anonymous_9)
FNDA:0,(anonymous_10)
FNDA:0,(anonymous_11)
FNDA:0,(anonymous_12)
FNDA:0,(anonymous_13)
FNDA:0,(anonymous_14)
DA:7,0
DA:22,0
DA:32,0
DA:33,0
DA:38,0
DA:44,0
DA:49,0
DA:55,0
DA:71,0
DA:82,0
DA:86,0
DA:99,0
DA:110,0
DA:111,0
DA:114,0
DA:123,0
DA:132,0
DA:141,0
DA:150,0
DA:164,0
DA:171,0
DA:172,0
DA:174,0
DA:184,0
DA:190,0
DA:201,0
LF:26
LH:0
BRDA:38,0,0,0
BRDA:38,0,1,0
BRDA:41,1,0,0
BRDA:41,1,1,0
BRDA:77,2,0,0
BRDA:77,2,1,0
BRDA:64,3,0,0
BRDA:64,3,1,0
BRDA:60,4,0,0
BRDA:60,4,1,0
BRDA:61,5,0,0
BRDA:61,5,1,0
BRDA:75,6,0,0
BRDA:75,6,1,0
BRDA:74,7,0,0
BRDA:74,7,1,0
BRDA:105,8,0,0
BRDA:105,8,1,0
BRDA:94,9,0,0
BRDA:94,9,1,0
BRDA:90,10,0,0
BRDA:90,10,1,0
BRDA:91,11,0,0
BRDA:91,11,1,0
BRDA:103,12,0,0
BRDA:103,12,1,0
BRDA:102,13,0,0
BRDA:102,13,1,0
BRDA:156,14,0,0
BRDA:156,14,1,0
BRDA:118,15,0,0
BRDA:118,15,1,0
BRDA:117,16,0,0
BRDA:117,16,1,0
BRDA:127,17,0,0
BRDA:127,17,1,0
BRDA:126,18,0,0
BRDA:126,18,1,0
BRDA:136,19,0,0
BRDA:136,19,1,0
BRDA:135,20,0,0
BRDA:135,20,1,0
BRDA:145,21,0,0
BRDA:145,21,1,0
BRDA:144,22,0,0
BRDA:144,22,1,0
BRDA:154,23,0,0
BRDA:154,23,1,0
BRDA:153,24,0,0
BRDA:153,24,1,0
BRDA:181,25,0,0
BRDA:181,25,1,0
BRDA:169,26,0,0
BRDA:169,26,1,0
BRDA:168,27,0,0
BRDA:168,27,1,0
BRDA:177,28,0,0
BRDA:177,28,1,0
BRDA:178,29,0,0
BRDA:178,29,1,0
BRDA:190,30,0,0
BRDA:190,30,1,0
BRDA:196,31,0,0
BRDA:196,31,1,0
BRF:64
BRH:0
end_of_record
TN:
SF:resources\js\pages\suppliers\Edit.vue
FN:43,(anonymous_0)
FN:57,submit
FN:69,(anonymous_2)
FN:75,(anonymous_3)
FN:97,(anonymous_4)
FN:111,(anonymous_5)
FN:127,(anonymous_6)
FN:139,(anonymous_7)
FN:154,(anonymous_8)
FN:163,(anonymous_9)
FN:172,(anonymous_10)
FN:181,(anonymous_11)
FN:190,(anonymous_12)
FN:205,(anonymous_13)
FN:214,(anonymous_14)
FN:225,(anonymous_15)
FNF:16
FNH:0
FNDA:0,(anonymous_0)
FNDA:0,submit
FNDA:0,(anonymous_2)
FNDA:0,(anonymous_3)
FNDA:0,(anonymous_4)
FNDA:0,(anonymous_5)
FNDA:0,(anonymous_6)
FNDA:0,(anonymous_7)
FNDA:0,(anonymous_8)
FNDA:0,(anonymous_9)
FNDA:0,(anonymous_10)
FNDA:0,(anonymous_11)
FNDA:0,(anonymous_12)
FNDA:0,(anonymous_13)
FNDA:0,(anonymous_14)
FNDA:0,(anonymous_15)
DA:27,0
DA:29,0
DA:43,0
DA:44,0
DA:45,0
DA:46,0
DA:47,0
DA:48,0
DA:49,0
DA:50,0
DA:51,0
DA:52,0
DA:53,0
DA:54,0
DA:58,0
DA:69,0
DA:70,0
DA:75,0
DA:81,0
DA:86,0
DA:92,0
DA:108,0
DA:119,0
DA:123,0
DA:136,0
DA:147,0
DA:148,0
DA:151,0
DA:160,0
DA:169,0
DA:178,0
DA:187,0
DA:201,0
DA:208,0
DA:209,0
DA:211,0
DA:221,0
DA:227,0
DA:238,0
LF:39
LH:0
BRDA:44,0,0,0
BRDA:44,0,1,0
BRDA:45,1,0,0
BRDA:45,1,1,0
BRDA:46,2,0,0
BRDA:46,2,1,0
BRDA:47,3,0,0
BRDA:47,3,1,0
BRDA:48,4,0,0
BRDA:48,4,1,0
BRDA:49,5,0,0
BRDA:49,5,1,0
BRDA:50,6,0,0
BRDA:50,6,1,0
BRDA:51,7,0,0
BRDA:51,7,1,0
BRDA:52,8,0,0
BRDA:52,8,1,0
BRDA:53,9,0,0
BRDA:53,9,1,0
BRDA:54,10,0,0
BRDA:54,10,1,0
BRDA:75,11,0,0
BRDA:75,11,1,0
BRDA:78,12,0,0
BRDA:78,12,1,0
BRDA:114,13,0,0
BRDA:114,13,1,0
BRDA:101,14,0,0
BRDA:101,14,1,0
BRDA:97,15,0,0
BRDA:97,15,1,0
BRDA:98,16,0,0
BRDA:98,16,1,0
BRDA:112,17,0,0
BRDA:112,17,1,0
BRDA:111,18,0,0
BRDA:111,18,1,0
BRDA:142,19,0,0
BRDA:142,19,1,0
BRDA:131,20,0,0
BRDA:131,20,1,0
BRDA:127,21,0,0
BRDA:127,21,1,0
BRDA:128,22,0,0
BRDA:128,22,1,0
BRDA:140,23,0,0
BRDA:140,23,1,0
BRDA:139,24,0,0
BRDA:139,24,1,0
BRDA:193,25,0,0
BRDA:193,25,1,0
BRDA:155,26,0,0
BRDA:155,26,1,0
BRDA:154,27,0,0
BRDA:154,27,1,0
BRDA:164,28,0,0
BRDA:164,28,1,0
BRDA:163,29,0,0
BRDA:163,29,1,0
BRDA:173,30,0,0
BRDA:173,30,1,0
BRDA:172,31,0,0
BRDA:172,31,1,0
BRDA:182,32,0,0
BRDA:182,32,1,0
BRDA:181,33,0,0
BRDA:181,33,1,0
BRDA:191,34,0,0
BRDA:191,34,1,0
BRDA:190,35,0,0
BRDA:190,35,1,0
BRDA:218,36,0,0
BRDA:218,36,1,0
BRDA:206,37,0,0
BRDA:206,37,1,0
BRDA:205,38,0,0
BRDA:205,38,1,0
BRDA:214,39,0,0
BRDA:214,39,1,0
BRDA:215,40,0,0
BRDA:215,40,1,0
BRDA:227,41,0,0
BRDA:227,41,1,0
BRDA:233,42,0,0
BRDA:233,42,1,0
BRF:86
BRH:0
end_of_record
TN:
SF:resources\js\pages\suppliers\Index.vue
FN:52,(anonymous_0)
FN:57,(anonymous_1)
FN:60,(anonymous_2)
FN:66,(anonymous_3)
FN:72,(anonymous_4)
FN:79,applyFilters
FN:93,toggleSort
FN:103,sortIndicator
FN:108,clearFilters
FN:114,deleteSupplier
FN:124,(anonymous_10)
FN:135,(anonymous_11)
FN:153,(anonymous_12)
FN:163,(anonymous_13)
FN:189,(anonymous_14)
FN:190,(anonymous_15)
FN:191,(anonymous_16)
FN:192,(anonymous_17)
FN:193,(anonymous_18)
FN:200,(anonymous_19)
FN:205,(anonymous_20)
FN:206,(anonymous_21)
FN:206,(anonymous_22)
FN:245,(anonymous_23)
FN:252,(anonymous_24)
FN:253,(anonymous_25)
FN:259,(anonymous_26)
FN:263,(anonymous_27)
FN:277,(anonymous_28)
FN:293,(anonymous_29)
FNF:30
FNH:0
FNDA:0,(anonymous_0)
FNDA:0,(anonymous_1)
FNDA:0,(anonymous_2)
FNDA:0,(anonymous_3)
FNDA:0,(anonymous_4)
FNDA:0,applyFilters
FNDA:0,toggleSort
FNDA:0,sortIndicator
FNDA:0,clearFilters
FNDA:0,deleteSupplier
FNDA:0,(anonymous_10)
FNDA:0,(anonymous_11)
FNDA:0,(anonymous_12)
FNDA:0,(anonymous_13)
FNDA:0,(anonymous_14)
FNDA:0,(anonymous_15)
FNDA:0,(anonymous_16)
FNDA:0,(anonymous_17)
FNDA:0,(anonymous_18)
FNDA:0,(anonymous_19)
FNDA:0,(anonymous_20)
FNDA:0,(anonymous_21)
FNDA:0,(anonymous_22)
FNDA:0,(anonymous_23)
FNDA:0,(anonymous_24)
FNDA:0,(anonymous_25)
FNDA:0,(anonymous_26)
FNDA:0,(anonymous_27)
FNDA:0,(anonymous_28)
FNDA:0,(anonymous_29)
DA:37,0
DA:42,0
DA:43,0
DA:44,0
DA:46,0
DA:47,0
DA:48,0
DA:49,0
DA:52,0
DA:53,0
DA:57,0
DA:60,0
DA:61,0
DA:62,0
DA:63,0
DA:66,0
DA:67,0
DA:68,0
DA:69,0
DA:72,0
DA:73,0
DA:74,0
DA:76,0
DA:80,0
DA:82,0
DA:83,0
DA:84,0
DA:85,0
DA:87,0
DA:94,0
DA:95,0
DA:97,0
DA:98,0
DA:100,0
DA:104,0
DA:105,0
DA:109,0
DA:110,0
DA:111,0
DA:115,0
DA:116,0
DA:124,0
DA:125,0
DA:135,0
DA:141,0
DA:142,0
DA:143,0
DA:145,0
DA:148,0
DA:157,0
DA:159,0
DA:185,0
DA:186,0
DA:187,0
DA:189,0
DA:190,0
DA:191,0
DA:192,0
DA:193,0
DA:197,0
DA:199,0
DA:205,0
DA:206,0
DA:207,0
DA:209,0
DA:210,0
DA:213,0
DA:217,0
DA:228,0
DA:234,0
DA:237,0
DA:246,0
DA:253,0
DA:254,0
DA:259,0
DA:263,0
DA:279,0
DA:288,0
DA:292,0
DA:305,0
LF:80
LH:0
BRDA:46,0,0,0
BRDA:46,0,1,0
BRDA:47,1,0,0
BRDA:47,1,1,0
BRDA:48,2,0,0
BRDA:48,2,1,0
BRDA:49,3,0,0
BRDA:49,3,1,0
BRDA:53,4,0,0
BRDA:53,4,1,0
BRDA:61,5,0,0
BRDA:61,5,1,0
BRDA:62,6,0,0
BRDA:62,6,1,0
BRDA:63,7,0,0
BRDA:63,7,1,0
BRDA:67,8,0,0
BRDA:67,8,1,0
BRDA:68,9,0,0
BRDA:68,9,1,0
BRDA:69,10,0,0
BRDA:69,10,1,0
BRDA:73,11,0,0
BRDA:73,11,1,0
BRDA:73,12,0,0
BRDA:73,12,1,0
BRDA:74,13,0,0
BRDA:74,13,1,0
BRDA:74,14,0,0
BRDA:74,14,1,0
BRDA:76,15,0,0
BRDA:76,15,1,0
BRDA:82,16,0,0
BRDA:82,16,1,0
BRDA:82,17,0,0
BRDA:82,17,1,0
BRDA:83,18,0,0
BRDA:83,18,1,0
BRDA:94,19,0,0
BRDA:94,19,1,0
BRDA:95,20,0,0
BRDA:95,20,1,0
BRDA:104,21,0,0
BRDA:104,21,1,0
BRDA:105,22,0,0
BRDA:105,22,1,0
BRDA:115,23,0,0
BRDA:115,23,1,0
BRDA:138,24,0,0
BRDA:138,24,1,0
BRDA:131,25,0,0
BRDA:135,26,0,0
BRDA:135,26,1,0
BRDA:155,27,0,0
BRDA:155,27,1,0
BRDA:153,28,0,0
BRDA:153,28,1,0
BRDA:163,29,0,0
BRDA:163,29,1,0
BRDA:189,30,0,0
BRDA:189,30,1,0
BRDA:190,31,0,0
BRDA:190,31,1,0
BRDA:191,32,0,0
BRDA:191,32,1,0
BRDA:192,33,0,0
BRDA:192,33,1,0
BRDA:193,34,0,0
BRDA:193,34,1,0
BRDA:194,35,0,0
BRDA:194,35,1,0
BRDA:198,36,0,0
BRDA:198,36,1,0
BRDA:218,37,0,0
BRDA:218,37,1,0
BRDA:222,38,0,0
BRDA:222,38,1,0
BRDA:226,39,0,0
BRDA:226,39,1,0
BRDA:226,40,0,0
BRDA:226,40,1,0
BRDA:229,41,0,0
BRDA:229,41,1,0
BRDA:229,42,0,0
BRDA:229,42,1,0
BRDA:235,43,0,0
BRDA:235,43,1,0
BRDA:239,44,0,0
BRDA:239,44,1,0
BRDA:242,45,0,0
BRDA:242,45,1,0
BRDA:245,46,0,0
BRDA:245,46,1,0
BRDA:248,47,0,0
BRDA:257,48,0,0
BRDA:280,49,0,0
BRDA:280,49,1,0
BRDA:274,50,0,0
BRDA:279,51,0,0
BRDA:279,51,1,0
BRDA:287,52,0,0
BRDA:291,53,0,0
BRDA:295,54,0,0
BRDA:295,54,1,0
BRDA:296,55,0,0
BRDA:296,55,1,0
BRDA:296,56,0,0
BRDA:296,56,1,0
BRF:108
BRH:0
end_of_record
TN:
SF:resources\js\pages\suppliers\Show.vue
FN:52,(anonymous_0)
FN:58,(anonymous_1)
FN:73,(anonymous_2)
FN:126,(anonymous_3)
FN:142,(anonymous_4)
FN:145,(anonymous_5)
FN:165,(anonymous_6)
FNF:7
FNH:0
FNDA:0,(anonymous_0)
FNDA:0,(anonymous_1)
FNDA:0,(anonymous_2)
FNDA:0,(anonymous_3)
FNDA:0,(anonymous_4)
FNDA:0,(anonymous_5)
FNDA:0,(anonymous_6)
DA:39,0
DA:41,0
DA:42,0
DA:43,0
DA:52,0
DA:53,0
DA:58,0
DA:62,0
DA:64,0
DA:67,0
DA:73,0
DA:80,0
DA:82,0
DA:84,0
DA:86,0
DA:91,0
DA:98,0
DA:105,0
DA:119,0
DA:125,0
DA:126,0
DA:128,0
DA:141,0
DA:142,0
DA:145,0
DA:147,0
DA:149,0
DA:150,0
DA:163,0
DA:164,0
DA:185,0
DA:187,0
DA:198,0
DA:200,0
DA:203,0
DA:207,0
DA:211,0
DA:217,0
LF:38
LH:0
BRDA:58,0,0,0
BRDA:58,0,1,0
BRDA:64,1,0,0
BRDA:64,1,1,0
BRDA:69,2,0,0
BRDA:73,3,0,0
BRDA:73,3,1,0
BRDA:114,4,0,0
BRDA:114,4,1,0
BRDA:87,5,0,0
BRDA:92,6,0,0
BRDA:92,6,1,0
BRDA:94,7,0,0
BRDA:99,8,0,0
BRDA:99,8,1,0
BRDA:101,9,0,0
BRDA:101,10,0,0
BRDA:101,10,1,0
BRDA:111,11,0,0
BRDA:111,11,1,0
BRDA:106,12,0,0
BRDA:106,12,1,0
BRDA:107,13,0,0
BRDA:107,13,1,0
BRDA:107,14,0,0
BRDA:107,14,1,0
BRDA:117,15,0,0
BRDA:117,15,1,0
BRDA:120,16,0,0
BRDA:120,16,1,0
BRDA:123,17,0,0
BRDA:123,18,0,0
BRDA:123,18,1,0
BRDA:132,19,0,0
BRDA:132,19,1,0
BRDA:129,20,0,0
BRDA:129,20,1,0
BRDA:135,21,0,0
BRDA:181,22,0,0
BRDA:181,22,1,0
BRDA:136,23,0,0
BRDA:136,23,1,0
BRDA:137,24,0,0
BRDA:137,24,1,0
BRDA:138,25,0,0
BRDA:138,25,1,0
BRDA:142,26,0,0
BRDA:142,26,1,0
BRDA:150,27,0,0
BRDA:150,27,1,0
BRDA:162,28,0,0
BRDA:165,29,0,0
BRDA:165,29,1,0
BRDA:167,30,0,0
BRDA:167,30,1,0
BRDA:169,31,0,0
BRDA:169,31,1,0
BRDA:169,32,0,0
BRDA:169,32,1,0
BRDA:195,33,0,0
BRDA:195,33,1,0
BRDA:190,34,0,0
BRDA:190,34,1,0
BRDA:193,35,0,0
BRDA:193,35,1,0
BRDA:214,36,0,0
BRDA:214,36,1,0
BRDA:201,37,0,0
BRDA:201,37,1,0
BRDA:204,38,0,0
BRDA:204,38,1,0
BRDA:208,39,0,0
BRDA:208,39,1,0
BRDA:212,40,0,0
BRDA:212,40,1,0
BRF:75
BRH:0
end_of_record
TN:
SF:resources\js\pages\time-entries\Index.vue
FN:212,(anonymous_0)
FN:215,(anonymous_1)
FN:216,(anonymous_2)
FN:231,(anonymous_3)
FN:241,(anonymous_4)
FN:249,(anonymous_5)
FN:5,(anonymous_6)
FN:37,(anonymous_7)
FN:34,(anonymous_8)
FN:46,(anonymous_9)
FN:43,(anonymous_10)
FN:54,(anonymous_11)
FN:62,(anonymous_12)
FN:92,(anonymous_13)
FN:98,(anonymous_14)
FN:131,(anonymous_15)
FN:135,(anonymous_16)
FN:157,(anonymous_17)
FNF:18
FNH:0
FNDA:0,(anonymous_0)
FNDA:0,(anonymous_1)
FNDA:0,(anonymous_2)
FNDA:0,(anonymous_3)
FNDA:0,(anonymous_4)
FNDA:0,(anonymous_5)
FNDA:0,(anonymous_6)
FNDA:0,(anonymous_7)
FNDA:0,(anonymous_8)
FNDA:0,(anonymous_9)
FNDA:0,(anonymous_10)
FNDA:0,(anonymous_11)
FNDA:0,(anonymous_12)
FNDA:0,(anonymous_13)
FNDA:0,(anonymous_14)
FNDA:0,(anonymous_15)
FNDA:0,(anonymous_16)
FNDA:0,(anonymous_17)
DA:5,0
DA:13,0
DA:15,0
DA:19,0
DA:23,0
DA:28,0
DA:29,0
DA:32,0
DA:34,0
DA:41,0
DA:43,0
DA:51,0
DA:59,0
DA:76,0
DA:77,0
DA:78,0
DA:79,0
DA:91,0
DA:92,0
DA:93,0
DA:96,0
DA:98,0
DA:104,0
DA:116,0
DA:131,0
DA:135,0
DA:151,0
DA:152,0
DA:155,0
DA:156,0
DA:172,0
DA:209,0
DA:211,0
DA:212,0
DA:213,0
DA:214,0
DA:215,0
DA:216,0
DA:217,0
DA:218,0
DA:220,0
DA:223,0
DA:231,0
DA:232,0
DA:241,0
DA:242,0
DA:243,0
DA:249,0
DA:250,0
LF:49
LH:0
BRDA:215,0,0,0
BRDA:215,0,1,0
BRDA:217,1,0,0
BRDA:217,1,1,0
BRDA:220,2,0,0
BRDA:220,2,1,0
BRDA:224,3,0,0
BRDA:224,3,1,0
BRDA:225,4,0,0
BRDA:225,4,1,0
BRDA:226,5,0,0
BRDA:226,5,1,0
BRDA:227,6,0,0
BRDA:227,6,1,0
BRDA:242,7,0,0
BRDA:242,7,1,0
BRDA:6,8,0,0
BRDA:6,8,1,0
BRDA:12,9,0,0
BRDA:12,9,1,0
BRDA:16,10,0,0
BRDA:16,10,1,0
BRDA:15,11,0,0
BRDA:15,11,1,0
BRDA:17,12,0,0
BRDA:17,12,1,0
BRDA:20,13,0,0
BRDA:20,13,1,0
BRDA:19,14,0,0
BRDA:19,14,1,0
BRDA:21,15,0,0
BRDA:21,15,1,0
BRDA:24,16,0,0
BRDA:24,16,1,0
BRDA:23,17,0,0
BRDA:23,17,1,0
BRDA:38,18,0,0
BRDA:38,18,1,0
BRDA:37,19,0,0
BRDA:37,19,1,0
BRDA:33,20,0,0
BRDA:33,20,1,0
BRDA:39,21,0,0
BRDA:47,22,0,0
BRDA:47,22,1,0
BRDA:46,23,0,0
BRDA:46,23,1,0
BRDA:42,24,0,0
BRDA:42,24,1,0
BRDA:55,25,0,0
BRDA:55,25,1,0
BRDA:54,26,0,0
BRDA:54,26,1,0
BRDA:63,27,0,0
BRDA:63,27,1,0
BRDA:62,28,0,0
BRDA:62,28,1,0
BRDA:89,29,0,0
BRDA:89,29,1,0
BRDA:81,30,0,0
BRDA:81,30,1,0
BRDA:82,31,0,0
BRDA:82,31,1,0
BRDA:84,32,0,0
BRDA:84,32,1,0
BRDA:84,33,0,0
BRDA:84,33,1,0
BRDA:86,34,0,0
BRDA:86,34,1,0
BRDA:87,35,0,0
BRDA:87,35,1,0
BRDA:88,36,0,0
BRDA:88,36,1,0
BRDA:101,37,0,0
BRDA:101,37,1,0
BRDA:105,38,0,0
BRDA:105,38,1,0
BRDA:108,39,0,0
BRDA:108,39,1,0
BRDA:110,40,0,0
BRDA:110,40,1,0
BRDA:111,41,0,0
BRDA:111,41,1,0
BRDA:128,42,0,0
BRDA:140,43,0,0
BRDA:140,43,1,0
BRDA:150,44,0,0
BRDA:159,45,0,0
BRDA:159,45,1,0
BRF:89
BRH:0
end_of_record
TN:
SF:resources\js\pages\users\Create.vue
FN:19,submit
FN:25,(anonymous_1)
FN:28,(anonymous_2)
FN:33,(anonymous_3)
FN:43,(anonymous_4)
FN:51,(anonymous_5)
FN:57,(anonymous_6)
FN:64,(anonymous_7)
FN:65,(anonymous_8)
FN:75,(anonymous_9)
FN:76,(anonymous_10)
FN:85,(anonymous_11)
FNF:12
FNH:0
FNDA:0,submit
FNDA:0,(anonymous_1)
FNDA:0,(anonymous_2)
FNDA:0,(anonymous_3)
FNDA:0,(anonymous_4)
FNDA:0,(anonymous_5)
FNDA:0,(anonymous_6)
FNDA:0,(anonymous_7)
FNDA:0,(anonymous_8)
FNDA:0,(anonymous_9)
FNDA:0,(anonymous_10)
FNDA:0,(anonymous_11)
DA:6,0
DA:10,0
DA:19,0
DA:26,0
DA:28,0
DA:31,0
DA:33,0
DA:36,0
DA:38,0
DA:49,0
DA:51,0
DA:57,0
DA:61,0
DA:63,0
DA:64,0
DA:65,0
DA:71,0
DA:74,0
DA:75,0
DA:76,0
DA:83,0
DA:85,0
DA:87,0
LF:23
LH:0
BRDA:30,0,0,0
BRDA:30,0,1,0
BRDA:28,1,0,0
BRDA:28,1,1,0
BRDA:29,2,0,0
BRDA:29,2,1,0
BRDA:35,3,0,0
BRDA:35,3,1,0
BRDA:33,4,0,0
BRDA:33,4,1,0
BRDA:34,5,0,0
BRDA:34,5,1,0
BRDA:48,6,0,0
BRDA:48,6,1,0
BRDA:43,7,0,0
BRDA:43,7,1,0
BRDA:44,8,0,0
BRDA:44,8,1,0
BRDA:45,9,0,0
BRDA:45,9,1,0
BRDA:46,10,0,0
BRDA:46,10,1,0
BRDA:47,11,0,0
BRDA:47,11,1,0
BRDA:54,12,0,0
BRDA:54,12,1,0
BRDA:51,13,0,0
BRDA:51,13,1,0
BRDA:52,14,0,0
BRDA:52,14,1,0
BRDA:53,15,0,0
BRDA:53,15,1,0
BRDA:55,16,0,0
BRDA:59,17,0,0
BRDA:59,17,1,0
BRDA:57,18,0,0
BRDA:57,18,1,0
BRDA:58,19,0,0
BRDA:58,19,1,0
BRDA:69,20,0,0
BRDA:69,20,1,0
BRDA:65,21,0,0
BRDA:65,21,1,0
BRDA:81,22,0,0
BRDA:81,22,1,0
BRDA:72,23,0,0
BRDA:72,23,1,0
BRDA:76,24,0,0
BRDA:76,24,1,0
BRDA:80,25,0,0
BRDA:80,25,1,0
BRDA:85,26,0,0
BRDA:85,26,1,0
BRF:53
BRH:0
end_of_record
TN:
SF:resources\js\pages\users\Edit.vue
FN:18,(anonymous_0)
FN:19,(anonymous_1)
FN:22,submit
FN:28,(anonymous_3)
FN:31,(anonymous_4)
FN:36,(anonymous_5)
FN:46,(anonymous_6)
FN:54,(anonymous_7)
FN:60,(anonymous_8)
FN:66,(anonymous_9)
FN:67,(anonymous_10)
FN:77,(anonymous_11)
FN:78,(anonymous_12)
FN:87,(anonymous_13)
FNF:14
FNH:0
FNDA:0,(anonymous_0)
FNDA:0,(anonymous_1)
FNDA:0,submit
FNDA:0,(anonymous_3)
FNDA:0,(anonymous_4)
FNDA:0,(anonymous_5)
FNDA:0,(anonymous_6)
FNDA:0,(anonymous_7)
FNDA:0,(anonymous_8)
FNDA:0,(anonymous_9)
FNDA:0,(anonymous_10)
FNDA:0,(anonymous_11)
FNDA:0,(anonymous_12)
FNDA:0,(anonymous_13)
DA:6,0
DA:12,0
DA:18,0
DA:19,0
DA:22,0
DA:29,0
DA:31,0
DA:34,0
DA:36,0
DA:39,0
DA:41,0
DA:52,0
DA:54,0
DA:60,0
DA:63,0
DA:65,0
DA:66,0
DA:67,0
DA:73,0
DA:76,0
DA:77,0
DA:78,0
DA:85,0
DA:87,0
DA:89,0
LF:25
LH:0
BRDA:13,0,0,0
BRDA:13,0,1,0
BRDA:14,1,0,0
BRDA:14,1,1,0
BRDA:15,2,0,0
BRDA:15,2,1,0
BRDA:16,3,0,0
BRDA:16,3,1,0
BRDA:18,4,0,0
BRDA:18,4,1,0
BRDA:19,5,0,0
BRDA:19,5,1,0
BRDA:33,6,0,0
BRDA:33,6,1,0
BRDA:31,7,0,0
BRDA:31,7,1,0
BRDA:32,8,0,0
BRDA:32,8,1,0
BRDA:38,9,0,0
BRDA:38,9,1,0
BRDA:36,10,0,0
BRDA:36,10,1,0
BRDA:37,11,0,0
BRDA:37,11,1,0
BRDA:51,12,0,0
BRDA:51,12,1,0
BRDA:46,13,0,0
BRDA:46,13,1,0
BRDA:47,14,0,0
BRDA:47,14,1,0
BRDA:48,15,0,0
BRDA:48,15,1,0
BRDA:49,16,0,0
BRDA:49,16,1,0
BRDA:50,17,0,0
BRDA:50,17,1,0
BRDA:57,18,0,0
BRDA:57,18,1,0
BRDA:54,19,0,0
BRDA:54,19,1,0
BRDA:55,20,0,0
BRDA:55,20,1,0
BRDA:56,21,0,0
BRDA:56,21,1,0
BRDA:58,22,0,0
BRDA:61,23,0,0
BRDA:61,23,1,0
BRDA:60,24,0,0
BRDA:60,24,1,0
BRDA:71,25,0,0
BRDA:71,25,1,0
BRDA:67,26,0,0
BRDA:67,26,1,0
BRDA:83,27,0,0
BRDA:83,27,1,0
BRDA:74,28,0,0
BRDA:74,28,1,0
BRDA:78,29,0,0
BRDA:78,29,1,0
BRDA:82,30,0,0
BRDA:82,30,1,0
BRDA:87,31,0,0
BRDA:87,31,1,0
BRF:63
BRH:0
end_of_record
TN:
SF:resources\js\pages\users\Index.vue
FN:22,(anonymous_0)
FN:36,(anonymous_1)
FN:41,(anonymous_2)
FN:42,(anonymous_3)
FN:58,(anonymous_4)
FN:63,(anonymous_5)
FN:64,(anonymous_6)
FN:64,(anonymous_7)
FN:82,(anonymous_8)
FN:88,(anonymous_9)
FN:89,(anonymous_10)
FNF:11
FNH:0
FNDA:0,(anonymous_0)
FNDA:0,(anonymous_1)
FNDA:0,(anonymous_2)
FNDA:0,(anonymous_3)
FNDA:0,(anonymous_4)
FNDA:0,(anonymous_5)
FNDA:0,(anonymous_6)
FNDA:0,(anonymous_7)
FNDA:0,(anonymous_8)
FNDA:0,(anonymous_9)
FNDA:0,(anonymous_10)
DA:12,0
DA:13,0
DA:15,0
DA:21,0
DA:22,0
DA:23,0
DA:24,0
DA:25,0
DA:28,0
DA:38,0
DA:40,0
DA:41,0
DA:42,0
DA:45,0
DA:46,0
DA:47,0
DA:57,0
DA:63,0
DA:64,0
DA:65,0
DA:67,0
DA:68,0
DA:69,0
DA:89,0
DA:90,0
LF:25
LH:0
BRDA:21,0,0,0
BRDA:21,0,1,0
BRDA:24,1,0,0
BRDA:24,1,1,0
BRDA:24,2,0,0
BRDA:24,2,1,0
BRDA:36,3,0,0
BRDA:36,3,1,0
BRDA:41,4,0,0
BRDA:41,4,1,0
BRDA:42,5,0,0
BRDA:42,6,0,0
BRDA:42,6,1,0
BRDA:95,7,0,0
BRDA:95,7,1,0
BRDA:71,8,0,0
BRDA:71,8,1,0
BRDA:79,9,0,0
BRDA:79,9,1,0
BRDA:82,10,0,0
BRDA:82,10,1,0
BRDA:84,11,0,0
BRF:22
BRH:0
end_of_record
TN:
SF:resources\js\pages\users\Show.vue
FN:23,(anonymous_0)
FN:27,(anonymous_1)
FN:28,(anonymous_2)
FN:42,(anonymous_3)
FN:52,(anonymous_4)
FNF:5
FNH:0
FNDA:0,(anonymous_0)
FNDA:0,(anonymous_1)
FNDA:0,(anonymous_2)
FNDA:0,(anonymous_3)
FNDA:0,(anonymous_4)
DA:6,0
DA:23,0
DA:24,0
DA:25,0
DA:26,0
DA:27,0
DA:28,0
DA:32,0
DA:33,0
DA:41,0
DA:42,0
DA:51,0
DA:52,0
DA:63,0
DA:67,0
LF:15
LH:0
BRDA:27,0,0,0
BRDA:27,0,1,0
BRDA:28,1,0,0
BRDA:28,1,1,0
BRDA:34,2,0,0
BRDA:34,2,1,0
BRDA:35,3,0,0
BRDA:35,3,1,0
BRDA:39,4,0,0
BRDA:39,5,0,0
BRDA:39,5,1,0
BRDA:47,6,0,0
BRDA:47,6,1,0
BRDA:49,7,0,0
BRDA:49,7,1,0
BRDA:49,8,0,0
BRDA:49,8,1,0
BRDA:57,9,0,0
BRDA:57,9,1,0
BRDA:61,10,0,0
BRDA:61,10,1,0
BRF:21
BRH:0
end_of_record
TN:
SF:resources\js\types\customers.ts
FNF:0
FNH:0
LF:0
LH:0
BRF:0
BRH:0
end_of_record
TN:
SF:resources\js\types\documents.ts
FNF:0
FNH:0
LF:0
LH:0
BRF:0
BRH:0
end_of_record
TN:
SF:resources\js\utils\permissions.ts
FN:3,checkPermission
FN:18,requirePermission
FN:33,canAccess
FNF:3
FNH:0
FNDA:0,checkPermission
FNDA:0,requirePermission
FNDA:0,canAccess
DA:5,0
DA:6,0
DA:7,0
DA:10,0
DA:11,0
DA:12,0
DA:15,0
DA:19,0
DA:21,0
DA:22,0
DA:23,0
DA:30,0
DA:34,0
LF:13
LH:0
BRDA:6,0,0,0
BRDA:6,0,1,0
BRDA:11,1,0,0
BRDA:11,1,1,0
BRDA:21,2,0,0
BRDA:21,2,1,0
BRF:6
BRH:0
end_of_record
TN:
SF:resources\js\wayfinder\index.ts
FN:30,(anonymous_0)
FN:38,(anonymous_1)
FN:67,(anonymous_2)
FN:71,(anonymous_3)
FN:103,(anonymous_4)
FN:107,(anonymous_5)
FN:114,(anonymous_6)
FN:131,(anonymous_7)
FN:135,(anonymous_8)
FNF:9
FNH:0
FNDA:0,(anonymous_0)
FNDA:0,(anonymous_1)
FNDA:0,(anonymous_2)
FNDA:0,(anonymous_3)
FNDA:0,(anonymous_4)
FNDA:0,(anonymous_5)
FNDA:0,(anonymous_6)
FNDA:0,(anonymous_7)
FNDA:0,(anonymous_8)
DA:14,0
DA:30,0
DA:31,0
DA:32,0
DA:35,0
DA:36,0
DA:38,0
DA:39,0
DA:40,0
DA:43,0
DA:44,0
DA:47,0
DA:50,0
DA:56,0
DA:57,0
DA:58,0
DA:59,0
DA:62,0
DA:63,0
DA:64,0
DA:67,0
DA:68,0
DA:70,0
DA:71,0
DA:72,0
DA:73,0
DA:77,0
DA:78,0
DA:79,0
DA:82,0
DA:87,0
DA:94,0
DA:98,0
DA:100,0
DA:103,0
DA:104,0
DA:107,0
DA:111,0
DA:114,0
DA:117,0
DA:119,0
DA:120,0
DA:124,0
DA:128,0
DA:131,0
DA:135,0
DA:136,0
DA:138,0
DA:139,0
DA:140,0
LF:50
LH:0
BRDA:31,0,0,0
BRDA:31,0,1,0
BRDA:31,1,0,0
BRDA:31,1,1,0
BRDA:31,1,2,0
BRDA:35,2,0,0
BRDA:35,2,1,0
BRDA:39,3,0,0
BRDA:39,3,1,0
BRDA:43,4,0,0
BRDA:43,4,1,0
BRDA:51,5,0,0
BRDA:51,5,1,0
BRDA:51,6,0,0
BRDA:51,6,1,0
BRDA:57,7,0,0
BRDA:57,7,1,0
BRDA:57,8,0,0
BRDA:57,8,1,0
BRDA:62,9,0,0
BRDA:62,9,1,0
BRDA:63,10,0,0
BRDA:63,10,1,0
BRDA:70,11,0,0
BRDA:70,11,1,0
BRDA:72,12,0,0
BRDA:72,12,1,0
BRDA:78,13,0,0
BRDA:78,13,1,0
BRDA:82,14,0,0
BRDA:82,14,1,0
BRDA:100,15,0,0
BRDA:100,15,1,0
BRDA:117,16,0,0
BRDA:117,16,1,0
BRDA:120,17,0,0
BRDA:120,17,1,0
BRDA:121,18,0,0
BRDA:121,18,1,0
BRDA:139,19,0,0
BRDA:139,19,1,0
BRF:41
BRH:0
end_of_record
